7.04720554
6.24857596
7.33686667
6.99580000
6.02474554
6.26910039
5.76309646
5.84928292
5.76309646
5.83677281
7.04849885
5.75945466
5.84589309
7.04812933
6.38933333
5.52429379
6.35636667
5.80903955
6.40216667
5.26874591
6.92812933
6.26093333
6.24860000
6.62580000
6.34307592
6.26014776
6.26014776
6.89690531
6.89690531
6.45650000
6.25458496
5.70221309
6.33470000
6.25580183
6.27976468
6.20626667
6.13380000
6.14900000
6.14900000
6.80702079
5.82584742
5.21290503
6.77163972
6.21110000
6.01003333
5.77367206
5.87926044
4.82976935
5.50447631
5.55056495
4.79549911
6.79602771
5.32832197
6.56522551
6.52151239
4.72933507
6.27005650
6.33836667
6.29507891
6.80249423
6.04458931
5.98916667
5.98916667
6.53672055
5.84053333
5.84053333
4.70968344
5.84053333
4.70968344
5.05658792
4.74680574
4.68391073
5.32906901
6.45847575
6.45847575
6.45847575
4.60108320
6.45847575
5.97290000
6.00633333
4.64095621
4.57036138
5.91123333
5.83300000
5.77953333
5.90734463
5.44849885
5.49908735
5.52446762
4.94923946
5.41008257
6.04310000
5.54689266
4.98322468
5.98692688
4.63181226
6.14386667
6.49395915
5.56886731
5.57722729
6.39584296
6.39584296
6.39584296
5.62810000
5.76723164
4.98104398
4.46736390
5.63214781
5.68660000
4.52955458
4.61512386
4.58000869
4.50789056
4.81590613
6.41034642
6.60249423
5.88327575
5.71976667
4.50817070
6.69810624
4.88392941
5.81570000
6.59399538
5.87657540
5.64476667
6.46595843
5.61746667
5.66070000
5.49387223
5.27538106
5.19747936
4.67625362
6.26614319
4.51586267
5.62310000
5.08570187
6.30697460
4.62750957
4.62750957
6.07554394
6.20812933
5.59956667
4.68883094
6.26383372
5.90600000
4.83481184
5.35528868
4.53837462
4.85162973
4.85162973
4.58483519
4.58483519
5.59940237
4.43440097
5.21625380
6.46789838
4.56718648
4.39156888
5.52000000
5.60723333
5.65727944
5.20471132
4.48828089
4.82607562
5.23759815
4.54785694
4.37547857
6.50309469
6.50309469
6.50309469
4.48909170
5.52212471
6.05843333
4.44771838
6.17939954
4.47813994
5.47813994
5.47813994
5.56346667
5.80620000
6.22799076
4.80112994
6.22799076
4.34219904
4.38922208
4.36688766
4.38922208
5.50183333
6.22799076
6.22799076
5.55230000
5.04919600
6.17625866
5.44406467
5.54196667
6.44406467
4.31942634
5.71143333
6.25866051
5.40303333
4.60677934
5.60481838
4.72266318
4.41051717
6.15131640
5.78774446
4.33446328
6.15113164
6.15113164
5.81034644
5.30891455
5.81034644
4.80231581
4.35614903
5.61016949
4.41894828
5.56126667
4.79960781
6.14087760
5.50386788
6.15334873
5.58166015
5.77280000
5.58166015
4.57209909
5.03165562
5.75136667
5.74110000
4.68951349
5.78976667
4.28779531
6.08064665
4.28779531
5.32472838
6.10143187
5.43680000
4.96279878
5.51073333
5.43206667
5.66234009
4.26883929
6.49117783
5.41940000
5.39643333
5.39706667
6.14697460
5.37473333
4.70126032
5.38004619
6.38004619
5.26249457
5.69072743
6.24249423
5.43406667
6.24249423
6.24249423
4.85703614
4.44624076
4.19852238
5.10614319
5.63663333
4.47196871
4.41255019
5.41255019
6.23621247
5.46883333
5.59783333
5.53366667
4.58334111
4.40965543
6.47870670
5.51176667
4.19077412
6.47870670
6.47870670
4.32038244
4.66536289
5.21690531
5.77993333
5.51333333
5.59221216
4.21999131
4.84432855
5.58616667
5.34006667
4.57531508
4.57969932
5.74940000
5.44343333
5.10995219
6.12711316
4.52619292
6.12711316
6.12711316
5.45820000
6.12711316
4.32757494
5.34634420
4.20408518
4.17191148
4.17191148
4.30282940
4.08889719
5.50050000
5.77560930
5.58666667
4.30769231
5.51776667
5.51776667
4.29135159
5.40351039
5.15076212
5.45203333
6.12249423
4.68431117
5.16266692
5.16266692
6.08868360
5.32510000
5.07879908
4.21503694
4.84537158
5.54403333
5.30550000
4.22138201
4.18409387
5.35523333
5.35573333
6.27242494
6.27242494
5.15472967
4.42543655
5.55183333
6.27242494
4.26797045
5.55410000
5.28503333
4.22259887
4.75123859
4.12142547
5.87440000
4.52441871
4.52441871
4.53420252
4.17882155
5.26413333
4.17131682
5.24833333
4.17131682
6.08073903
4.11728453
4.21173403
6.05801386
4.39294052
5.47763333
5.13736721
4.19124101
5.16406467
5.52920000
5.38830000
6.14189376
5.20964798
6.16036952
4.13967840
6.18180139
5.61496667
6.04594267
5.03140878
6.01964363
6.04594267
6.03140878
4.17861799
4.32394611
6.16674365
4.35474834
5.46720000
6.16572748
5.44059105
6.32535797
4.49978270
6.03556582
5.22776667
5.22776667
6.30290993
6.30290993
4.07946587
5.44256667
5.35951069
4.38922208
5.77010000
5.55080000
5.51953333
5.43593333
6.68868360
4.38487614
6.68868360
6.16452656
5.64816667
5.29820000
5.11344111
5.22937853
4.61521078
4.53207582
4.09029788
4.13011734
4.13011734
5.74236667
4.08005215
5.34006667
5.47486667
4.57176207
5.31889145
4.12774302
6.31889145
6.31889145
4.12652909
4.08961321
5.20552806
6.32323326
4.44146023
5.44598001
5.54423333
4.05892240
4.60869187
5.07292482
5.10682603
5.97505774
4.29656671
5.70940331
5.70940331
4.32081704
6.02965358
4.06060323
4.34454585
5.27316667
4.32430666
6.10300231
4.06116351
5.20166667
5.09960887
5.22056214
4.21486600
5.27046667
6.14281755
6.14281755
5.25533333
4.17247175
6.14281755
4.01914278
4.43702738
5.65226667
5.24096667
4.10234382
5.21663333
5.23393333
4.14558887
5.79452412
5.59123333
5.06512702
5.31076664
5.39730000
6.06512702
4.58278084
5.59182964
6.06512702
5.21936667
5.34516667
4.48968158
5.00224111
5.17103333
5.21286667
5.97016166
5.24186667
5.19503333
4.23841808
4.97601043
5.48163333
5.94050808
4.09982258
4.91427252
5.25043333
4.71134289
5.90632794
5.72203390
5.37363333
5.72203390
5.11640000
4.13418620
5.89607390
5.20403333
5.06275096
5.26013333
5.41981747
5.10771363
6.10771363
4.50667663
6.00166282
6.27145392
4.05528031
5.96387991
4.37001304
4.46344196
4.06014776
5.25788787
5.22971333
4.63146458
4.50863759
4.50863759
4.10821382
5.31793333
6.04526559
4.72881356
5.59956541
5.22833333
5.11616397
4.49033523
4.84754455
5.56896667
4.84485007
6.39713626
5.49200000
5.24041721
4.01083201
4.37650574
4.02677097
3.98188440
5.27666667
5.11220000
4.14793568
4.11205528
5.18436667
4.53870576
4.04172099
5.90715935
5.52311140
4.09552369
4.05444019
4.10630161
4.10630161
5.06058236
4.18444155
5.18296667
5.18296667
5.22433333
4.12890048
5.91094688
4.23428892
4.23428892
4.61460235
6.06789838
5.22813333
5.22813333
5.54286667
5.17441109
5.54286667
5.54286667
5.54286667
4.10477169
4.00494911
4.15306389
6.09394919
4.02605285
5.20576667
4.49821817
6.01108545
5.21233333
4.16601478
5.89908735
4.22581486
4.39107293
4.41216862
4.41216862
4.39107293
5.30973333
6.04073903
5.19046667
5.03667436
4.14654498
4.53489787
4.66570175
5.30103333
4.12551065
4.23737044
5.28976667
5.91556582
4.44887478
5.91556582
5.12523333
3.95994024
4.01086484
4.08457193
5.17813333
4.08357456
4.00485573
4.03212251
5.13156667
5.07805302
5.94272517
5.26970000
4.30236250
5.02633638
5.94272517
5.30846667
5.44450239
5.20123333
5.51400000
5.94374134
4.00364180
4.02677097
3.98132412
4.02677097
4.15662755
6.19224018
5.23420000
5.55345971
5.38913333
5.38913333
5.91474461
5.23400000
3.97722729
5.97200924
5.53326667
4.02468492
5.11240000
4.99639723
4.32924815
4.04650294
4.95993047
4.95993047
3.99469796
5.11793333
5.11793333
6.10494226
5.33133333
6.10494226
6.10494226
5.28050000
6.10494226
6.10494226
4.05684485
5.46723333
5.21538462
5.39669709
4.94540416
5.39669709
6.00471132
6.00471132
5.48393333
6.11889145
5.15166667
4.00356367
5.89505774
5.04873333
5.92461894
5.06730000
4.70160800
6.11251732
6.11251732
5.22096667
5.22500000
5.03316397
5.03316397
4.98817552
5.40083141
5.03659279
5.96110855
3.96053890
5.06023468
5.19053333
4.01564537
4.01547153
5.24932300
6.01237875
5.24643333
4.40182529
6.01237875
5.32561397
5.18891455
5.05490709
4.09395915
3.99075544
3.99495751
5.43206649
5.53753333
5.43206649
4.52311140
4.52881356
4.52881356
5.28483333
5.18643333
6.09302540
5.53861238
5.27803333
4.28439809
4.86928406
5.89256351
4.19130813
4.50543242
5.89256351
5.24310000
4.41747066
5.24310000
4.12933047
5.14523333
4.87418014
5.13441109
4.11980577
4.91521150
4.42572794
4.24276402
5.54236667
5.06426667
4.95835279
3.91511812
5.94974596
5.94974596
3.96453716
4.00084041
6.09690531
5.06890000
6.01376443
3.97600149
3.97600149
5.79953811
4.03876575
5.03876575
5.86503464
4.12634233
4.12634233
4.00669274
4.96040713
3.97435897
5.02903333
3.99608866
5.73588915
5.68351039
5.68351039
3.99061278
4.99061278
5.00953333
3.91455785
4.91455785
4.91455785
5.09573333
4.00877879
5.97200924
4.39602204
5.24646667
5.99528868
5.07556667
5.17284527
5.04491549
4.72378753
4.25649718
5.11890000
5.17540000
4.32832197
5.03776667
5.85690531
3.96262495
5.04613333
4.34889179
5.89071594
4.02538027
5.05410000
4.02538027
4.12008591
4.55542067
5.83270208
5.83270208
4.16618861
5.08716667
4.94549654
3.95063016
3.99103558
3.99103558
6.05468822
4.59956541
5.06106667
5.01733333
4.94250000
5.70180139
5.70180139
5.12363333
4.96531943
5.03648961
4.11616397
4.05649454
4.11768796
5.84203233
4.11169057
4.86836028
4.02063685
5.86836028
5.86836028
4.83122402
4.31299435
5.17436667
4.22877010
5.14403333
4.52629292
4.90647545
5.91990762
4.50343329
5.92193995
5.16253333
4.06536558
5.10146667
5.92193995
5.86725173
5.88073903
5.08216667
5.81856813
5.18656667
5.06843333
5.12863972
3.96106079
5.16596667
4.89330254
3.95919320
4.95919320
5.15193333
5.09152542
5.38546667
3.96666355
4.09636754
3.96279878
5.16410000
5.16410000
4.87748623
4.92890048
5.91122402
5.20793333
4.29717514
5.96572748
4.05849631
5.90512653
4.97801386
4.09786161
5.13626667
5.03110000
4.01101877
4.05241199
5.86956120
4.01101877
4.99513255
3.91605192
5.24880000
4.92640000
4.90056497
4.90056497
5.76803695
4.95700000
5.76803695
4.12858343
5.09810000
4.95356667
5.76803695
4.94793333
5.06103333
3.91100943
3.94229153
3.94229153
3.98896132
4.64132972
4.25493264
4.25493264
4.99690000
5.39887006
5.34984789
4.06228406
4.06228406
4.02816167
5.02783333
5.02783333
5.09910000
4.69099307
5.85598152
4.20252064
4.88822251
5.03293333
3.99652325
4.93248669
4.76046189
5.25393333
5.73487298
5.73487298
4.68144285
5.02076667
4.01475395
4.76508083
5.01000000
5.01000000
4.10586701
5.76508083
5.09783333
4.31394154
4.33489787
4.35732290
5.86429561
5.76369515
5.01143333
4.74411085
5.11076667
4.99122121
4.95870000
4.06387151
5.21420000
5.04304790
4.22807475
5.03113333
4.06171230
4.20947414
4.94653333
4.00112994
4.72554273
5.41367074
4.70946882
5.42772708
5.42772708
4.00521512
5.15690000
4.95860000
4.79935335
5.05453357
4.28491960
5.71418014
5.66170901
4.35213372
4.19417645
5.09888879
4.95370000
4.92680000
3.87627229
5.03770000
5.05740000
3.98879447
3.99103558
5.76286374
5.70420323
3.89560183
3.87757961
4.41364624
4.04537158
4.01886136
4.02745354
4.02745354
4.96766667
3.97896567
5.04740000
3.94489352
5.25268466
4.84064665
5.05326667
4.94393333
4.45204968
5.00826667
4.35671447
4.48222512
4.47100570
4.48222512
5.70660508
4.14343076
5.80545035
5.16340000
3.84442992
4.94933333
3.84442992
5.77422633
4.94933333
4.92096667
4.91206667
4.91800000
4.84900551
5.10178183
5.73237875
3.93906997
4.97630000
4.58722295
5.21740000
4.35488918
4.33420487
3.98053020
4.37609735
4.35698945
5.14356667
4.39860930
4.39860930
4.39860930
5.28036667
5.80923788
5.80923788
4.33317770
4.97601043
5.65579677
5.81265589
4.63538106
4.95564478
5.00252064
5.67824480
5.60027714
5.29906667
5.11905874
5.15236854
4.15975663
5.26436667
5.26436667
5.26436667
5.61053118
5.01050000
4.93734242
4.91403738
4.88790000
5.16860000
4.64345937
5.26397219
4.91493137
5.65515012
5.00413333
5.65515012
4.50812690
4.47440243
5.14293333
4.47440243
4.22765898
4.87260970
5.22930000
4.10525858
4.10525858
4.40610701
4.11707953
4.02320730
5.71464203
4.97020000
4.69413395
5.03020000
3.95419383
5.72637413
4.95419383
4.69505774
4.69505774
3.96629004
4.69782910
5.16310000
4.69782910
5.10573333
5.13521337
3.95928658
3.95928658
3.95695210
4.00147762
4.38904824
5.16826667
5.40367915
5.05503333
4.05771404
5.00770000
4.99360000
4.96890466
5.03580000
3.98141750
4.05481371
5.03381139
4.26351667
5.64323326
5.14436667
5.26351667
5.17016667
5.78383372
5.55644785
4.20160613
4.22920469
5.17770000
5.09643333
5.87732102
5.87732102
5.19413577
5.87741339
4.11354935
4.01783547
5.71806005
5.71806005
4.02101037
5.21620000
4.20730117
4.17807452
4.17975535
4.17975535
5.03150000
3.98531073
5.07523333
5.04041721
5.04041721
5.05006667
4.01456719
4.05510648
3.98963489
4.44354628
5.54096667
4.67094688
6.32394611
6.32394611
5.30676667
4.85656924
3.94154450
3.98852673
4.99150000
4.92220774
4.54374825
5.54374825
4.21122420
3.88891786
5.76498845
4.66632794
4.96243333
4.05180356
4.96243333
5.66632794
5.02606667
5.94602671
3.99739244
5.70401848
4.01288636
4.04702303
4.04702303
5.32888225
4.97920000
5.65441109
4.39966383
5.65330254
4.04085180
4.28561495
4.25763377
5.20304216
5.20304216
5.68352890
4.09821817
5.00626667
5.00260000
5.31646279
5.74817552
4.19581660
5.06426667
3.96653629
5.34867868
5.13140000
5.12190000
4.52090395
5.70734411
4.37592351
5.70734411
4.35007937
4.97790000
4.95906667
4.98674013
5.05003333
5.28966667
4.13157158
4.13157158
4.05823555
4.33317770
5.72471132
5.72471132
5.72471132
4.96303333
3.98748370
4.96505867
4.91885330
4.96505867
5.23709030
4.98261625
5.82420323
4.20825728
5.20825728
4.24319861
4.06611262
5.16570000
5.07430000
5.69681293
4.39626249
4.39626249
4.39626249
4.99036667
5.06023468
3.90260529
4.41124288
4.46797045
4.40974881
5.68600462
5.68600462
5.68600462
4.98123333
5.80563510
4.46036044
3.99122121
5.74254042
3.94499953
5.75202086
5.00053333
4.73653580
5.03920035
5.05051826
5.73662818
4.76019122
5.25103333
5.68655889
4.93216667
5.78632794
5.78632794
3.91534116
4.96443333
5.28580000
4.92503333
4.99513255
4.68757506
5.68757506
5.11023333
4.42039406
5.10327762
5.10327762
5.84754455
5.65385681
5.34578392
5.64572748
5.26284224
4.98533333
3.89004781
3.89004781
4.92118779
5.91621247
4.62508171
5.39191656
5.09943333
3.94619731
5.88193995
5.88193995
5.07563333
5.66706697
4.94817443
4.11734029
5.16173333
5.16173333
4.04855729
4.98993333
5.75787529
5.75787529
4.10103651
3.83247736
4.94430000
5.11342894
4.99610000
5.74900693
5.13926667
5.71418014
4.14090952
4.17070839
3.93323373
5.10180000
5.00380000
4.67353349
5.27050000
4.10402465
5.68378753
4.79076212
3.94489352
4.30889906
3.89887011
5.75307159
4.02859626
5.38574533
5.37193015
5.17220000
3.96227727
4.14221683
4.14221683
3.96937156
5.33980764
4.91023333
3.92281617
5.03050000
4.59940237
3.98174707
5.00683333
3.96516948
4.30491091
4.28508731
5.19945840
5.03650000
3.89952377
5.67981524
4.94602347
4.82762125
4.94602347
4.94602347
4.89952377
4.96346667
4.05556074
4.38313777
4.57755159
4.00009338
5.63972286
4.08231204
4.08231204
5.85321016
4.88457193
4.02138388
5.03563333
4.03702738
5.04683333
5.84027714
5.44523298
3.84508357
3.86609394
4.90730000
5.64609207
4.62004619
5.77588915
5.59750577
3.86581380
4.52420687
4.75371824
4.75371824
5.02833551
4.77974794
5.06260000
5.68415704
5.32507605
5.00043459
3.87617891
3.87617891
3.92429379
4.23737505
5.09640000
3.99897283
5.81727483
4.45027547
5.10533196
4.55141243
4.55141243
5.73551963
5.26623207
5.64831409
5.64831409
5.91556582
3.88544111
5.91556582
5.09552713
3.89474142
5.53310300
3.92637983
4.99550000
5.04300000
5.25706667
5.05614950
5.05614950
5.84110855
5.93311778
3.94028683
3.89317397
5.92646651
5.92646651
3.98418079
4.94033056
5.71842956
4.54463277
4.82032333
3.99869622
3.95592492
3.91726585
3.96271186
3.96271186
4.37314211
6.08198711
5.42410000
3.94023718
5.31132692
4.64600462
4.34272056
4.32552059
3.86730787
5.32116471
4.97835724
5.65505774
4.16010430
5.65505774
5.65505774
5.30325945
4.02661313
4.01390700
3.90559343
4.95184702
3.85199365
5.63519630
4.16948361
5.19747936
5.16948361
5.19747936
5.16948361
4.23276836
6.05551963
5.06650000
5.06650000
4.75307159
3.86030442
5.83759815
4.70263279
4.81352134
4.30507050
4.57844415
5.70263279
5.70263279
5.95251732
5.29050331
5.31282051
5.29050331
4.33028294
5.82549654
4.61385681
4.61385681
4.24334672
5.03150000
3.97062147
4.96640000
4.10473707
4.02416341
4.41815296
4.09524699
6.04341801
3.94378560
4.40582355
5.64415704
3.84545709
5.64415704
5.64415704
4.99513333
4.94686667
5.18223333
4.35010865
5.29065624
5.18866667
4.80249423
5.29065624
5.41763333
5.12466667
3.94080834
3.89083948
3.89765618
4.82061817
5.90817552
3.88757120
3.88757120
3.93776619
5.27677654
4.94509291
5.14963333
4.94817552
5.17453333
5.04320000
3.98020357
4.96230000
5.20320000
5.00990000
5.00990000
5.12440000
5.69976905
4.79316463
5.04596667
5.00390000
4.63953811
3.91063591
4.97016667
4.92777053
5.73487298
5.73487298
4.80461894
5.01660148
4.80461894
5.80461894
5.80461894
5.80461894
4.90447631
4.90447631
5.66614319
3.89672238
3.94211213
3.90503315
5.61505774
4.98663333
4.98663333
3.91763937
4.32516297
5.15080000
5.32516297
3.95567145
3.91128957
4.60634507
4.38668410
5.69903002
4.96290000
4.12886357
4.96290000
4.84033029
5.08976667
5.60748268
5.60748268
5.01241946
4.78322468
5.00952470
4.68184758
3.94541504
3.90027080
4.67275098
4.72406387
4.00026076
3.95919320
3.95919320
4.03081520
5.53579677
4.97570000
5.75528868
3.85815669
5.17670000
4.59165580
4.59454664
5.58577367
5.00026667
4.23328987
5.08843333
5.72203233
5.72203233
4.94553333
4.61216862
4.72424942
4.34098218
3.86880194
4.91464581
4.94130000
5.82891455
4.89177327
4.80138568
4.89177327
4.93750543
4.08717949
5.45249891
4.97030535
5.04116667
4.34046067
5.15023333
5.87140878
5.13011734
4.10656236
5.05730000
5.09093333
5.06413333
5.61884527
4.97096914
5.59454965
4.33750543
4.02371837
5.06032160
5.26806667
3.92352227
5.64323326
4.75926097
4.75926097
5.03352320
5.19990000
5.52824727
4.80147806
5.80147806
5.17496667
4.37774880
5.37774880
4.72249423
5.72249423
4.15435615
4.80563510
4.80563510
5.51768796
5.51768796
4.63048499
5.21396667
5.33840000
4.93986367
5.59150115
3.91885330
4.38704911
4.95770000
5.68378753
5.00396667
3.90395480
5.68378753
4.86796153
4.02859626
3.98898123
5.78300231
5.37948718
4.12785745
5.06283333
4.97736667
3.97628163
3.83433290
4.94263333
3.85901782
4.95593333
5.27205563
5.24652162
4.84775982
5.84775982
3.77813054
3.86901347
5.12536667
5.12536667
3.80240919
4.96416667
4.87375105
5.44519774
4.11214866
3.94434588
5.08096667
4.94434588
5.11320000
4.92361565
4.98850000
4.98850000
4.74087760
4.19422915
3.97218601
3.92436269
5.33299094
4.88775982
5.13903333
5.13903333
5.35254237
3.90484639
3.86006084
3.81594920
5.83436490
4.96690000
4.99920000
5.83436490
5.68314088
5.68341801
4.95813333
4.00043459
3.96827466
5.84665127
5.84665127
5.69764434
5.69764434
3.99582790
5.26526667
4.98690000
5.17193333
4.53298566
3.90802129
5.65385681
5.16533333
5.07970448
5.00613333
4.95923512
4.07231638
4.04293785
3.86701434
3.81137361
5.94919169
4.37583659
4.37583659
3.86510213
3.87627229
5.20153333
5.23623333
5.66965358
5.25596667
5.65588874
5.65588874
3.93267345
4.99556667
4.99556667
5.31707953
4.57340287
4.57026800
3.93211647
3.96462408
5.72360277
4.35680139
4.77385681
5.35680139
5.58212718
4.78143187
5.55033333
4.84097488
4.24838921
4.24838921
3.95523685
4.25091045
5.25091045
4.90073881
3.99831917
3.99831917
3.99962648
5.01013333
3.98452847
5.49912240
3.98209474
4.21159772
4.08534877
4.08534877
5.73163972
4.92950000
5.03824424
5.03824424
4.00851804
5.73709007
4.73607390
4.29610608
5.80535797
5.63685912
3.95428075
5.53311778
5.08630000
4.00660582
3.96526286
5.08133333
4.50030422
5.02726667
5.08673333
5.10323333
4.01799218
4.31646279
5.75307159
5.05390000
4.93666667
4.93666667
4.02981312
5.12060000
4.70392610
5.17210000
5.54678984
4.96283333
4.11186441
4.07475011
4.96796667
5.70863741
4.25623307
5.69071594
5.07720000
5.07720000
4.56540635
4.12849006
5.77376443
4.23662340
4.23662340
4.61090069
4.26930619
6.12249423
5.06423333
3.89364086
5.23016080
5.20692875
4.62004619
3.91786180
4.61182448
4.22681856
4.98692688
5.19170791
4.46446914
5.50325945
5.72591224
5.72933025
3.91629726
4.74484988
4.24717527
5.74484988
5.33737977
4.03146886
4.30815202
5.33570000
5.63916859
5.15560000
4.90811467
4.85830000
4.79695784
4.32290309
4.89158652
5.27817723
5.27817723
4.84589309
4.92613333
3.79886077
4.55958279
5.17716667
5.13986667
3.79148380
3.79148380
4.87350000
5.66327945
5.66327945
3.93794003
4.86616667
5.52831409
5.61321016
5.61321016
4.90620000
4.90620000
4.90620000
3.94437201
5.01206667
4.11699261
5.03986667
4.18948283
5.06803333
4.73838337
3.92255541
4.01550098
5.03863333
5.00790000
5.00790000
4.68561495
5.73006928
5.14408441
5.73006928
5.14408441
5.50761042
5.57101503
4.20764885
4.89673333
4.98832757
4.00803063
4.90356667
5.59464203
4.86573333
4.21271827
5.00690000
4.93726667
4.02816167
4.79122121
5.02063333
5.15396667
3.91773275
4.53020824
5.58540416
4.25102130
4.89999066
4.04174059
4.97083333
4.07718383
5.09586667
5.64581986
4.87753333
4.63115137
4.63115137
4.63115137
4.84740000
5.01053333
4.80979215
5.70943068
4.23737044
3.91994785
4.87713333
4.30760539
5.61117783
5.06770007
4.80866561
5.15865160
5.02850000
4.91970000
5.76785219
3.98678835
4.87830000
3.81660286
4.81660286
4.65450346
5.65450346
3.84302923
5.65450346
5.15153333
5.65450346
4.53132879
4.53132879
5.65450346
3.88657106
5.49836586
4.55260970
4.74512702
4.53496536
3.85619572
5.69034642
4.01251284
4.80753333
3.75497245
4.83630485
5.16766623
4.27127336
4.00560276
4.66859651
4.66859651
5.66859651
4.41348399
5.05350000
4.24285093
5.00536667
5.57006928
4.90530000
4.26701434
4.24708189
4.80903913
4.75039261
4.41544495
4.63575058
5.10713333
5.63575058
4.86540416
3.83876575
5.03473333
4.76637413
4.66715935
4.89280045
4.93403333
3.88909170
5.06763333
5.24615385
4.93323333
4.09187310
4.09187310
4.99020000
5.50115473
3.84499020
5.50115473
5.50115473
4.13231861
5.18303333
4.98226858
5.62956120
4.93900000
3.78774862
4.86080000
4.89343333
3.97758894
3.97758894
5.57755196
5.17070000
4.85763333
3.83135680
4.90316667
3.78952283
5.24396667
5.66854503
5.66854503
3.93304697
4.41303781
3.87197684
4.88116667
5.64896074
5.64896074
4.83896667
4.29265537
5.70189376
5.70189376
5.28996089
4.84996667
3.83702738
3.83702738
3.93350717
4.83302912
4.00869187
4.61745958
4.89026667
5.61745958
5.13333333
5.61745958
3.80250257
5.11473333
4.02303346
3.86119079
4.77321016
5.72969977
3.87196871
4.69736721
4.21008257
5.19521947
3.75487907
5.41096274
3.96507610
5.13176667
5.13176667
3.86518905
3.86518905
3.90743155
5.05509385
4.29377159
4.93083333
4.90796667
5.55704388
5.62937716
4.52267898
4.88028761
4.68877598
5.17760000
3.81268092
3.81268092
4.90120000
5.58161663
5.58161663
4.53043880
5.18840000
4.94103333
4.96420000
5.51131640
5.51131640
4.97003333
4.56158371
4.51334873
4.51334873
4.08973760
4.49491525
4.49145578
4.11638418
5.28667476
5.24693333
4.27144720
5.48739030
4.78330000
3.85814863
3.83328987
4.93100000
4.93100000
4.93100000
3.87888692
4.81483333
4.83294220
4.83456667
3.84537158
4.79923429
4.88318123
4.89470000
4.85173333
3.91742721
4.27985806
4.95760575
5.12363333
5.12363333
4.84810000
4.88126667
5.05509385
4.94460000
5.05509385
4.54448037
4.91663333
3.92272925
3.91968709
5.06797045
4.99140000
5.40265197
5.67473441
5.67473441
5.07606667
5.67473441
5.05366667
4.25800728
5.62891455
3.83359791
5.11316819
5.62605081
3.89578859
4.90433333
3.87589878
5.61893764
4.74060046
4.00903955
3.96946494
3.88883094
4.92190000
5.66919169
4.80791857
5.19581660
3.84189483
5.19565406
4.84613333
4.38154823
5.02250000
4.18068914
4.89508909
4.86280000
5.14367666
4.82351293
4.69256351
4.87318557
4.89180000
4.77878420
4.24641460
4.24641460
3.79176394
5.54623557
3.83728814
4.83193333
4.83193333
3.83070315
3.95237651
3.98861365
5.76286374
4.51097208
4.54098218
5.76286374
4.78653469
5.01506667
3.94654498
5.05783333
5.40825728
5.40825728
4.38757062
4.09235223
4.84228219
4.84228219
5.70023095
4.50697460
4.26566439
4.97776667
4.26566439
3.90830074
5.50697460
5.50697460
5.59741339
4.89350000
3.76785881
3.77579606
5.76877598
3.77850406
5.19273508
4.00373751
4.94346667
3.94406574
5.20803333
3.85638248
3.90223177
5.79030023
3.82077358
5.61080831
4.26967971
4.95303333
4.74843590
5.18493333
4.68055427
4.85916667
4.85916667
4.01729683
4.94306823
4.89580000
4.92896667
5.01626667
5.28396349
5.02396667
4.62993072
5.28535419
3.83649267
5.64702079
4.76860585
5.62032333
3.90412864
4.88249423
5.21781834
5.18190307
5.20910000
6.06050808
3.88170361
4.56157044
5.31450182
4.62161663
4.53459584
4.53459584
5.53459584
5.53459584
5.53459584
3.96505867
5.51316397
4.83736667
4.51307159
4.51307159
4.89233355
4.31889065
4.89220000
4.85406345
4.85406345
4.60757506
4.60757506
4.88794472
3.92585676
5.56720554
3.99981324
4.25782052
4.25782052
4.89503333
4.95446667
4.23754889
3.95275002
4.79661017
5.58688222
4.85286667
4.86090000
5.58688222
5.00166667
5.02745354
5.72960739
4.37361098
4.92986667
3.96071273
3.82594080
3.88010085
5.72960739
4.35089092
4.32486693
5.14590000
5.72960739
4.05556074
4.34254672
4.96273333
4.71833718
4.88933333
4.25324493
5.00883333
5.05816667
4.80676667
3.96531943
4.86820000
4.92226667
5.86549654
4.96905693
4.03998262
5.67704388
4.87309739
4.94873333
5.72951501
5.74150369
3.90391260
5.02953333
4.89280000
3.98252934
3.81100009
3.87666232
3.87666232
5.63575058
4.84353333
5.33411560
5.23914464
4.95903333
3.86205997
4.02922775
5.80130378
5.64815298
5.64422448
5.17219161
5.20877879
5.26886667
4.19600336
4.84383333
3.71267158
3.71267158
5.11625735
4.97586667
3.84648427
5.53838337
4.84823333
4.24997827
4.24997827
3.80922588
5.60406467
5.00716667
3.99038192
3.99038192
5.75399538
4.95103333
5.04239425
4.27309865
5.09810000
5.09810000
4.96626667
5.04628176
4.82251195
5.08796667
3.87935381
5.75316397
3.84807172
4.90243333
4.92973333
5.18593333
4.26015501
4.92286862
4.93585398
5.69053118
3.88665797
3.96627553
4.57392438
4.87110000
4.87110000
4.87660000
4.85423729
5.75177829
4.83004949
4.68286374
5.14956667
4.06732655
5.34531702
4.54776184
5.31366141
5.31366141
4.28732842
4.37070839
5.73376443
4.89420000
4.46458062
4.87156667
4.51806005
5.14626667
4.86173333
3.89395915
4.00000000
5.04006667
4.46194789
4.79670000
4.15678401
4.92153333
4.84580000
3.99521947
4.95616667
3.87892221
3.82967597
4.81486310
5.51972286
5.01755758
4.10256410
4.05994958
4.95629844
3.98029695
4.43242069
5.14996667
4.84723130
4.84723130
4.84723130
4.60009238
4.89316667
5.11020000
4.89746667
5.54715935
4.89913333
5.26760000
5.57988608
3.70706882
4.74862265
5.65995381
3.85806331
6.08138568
6.08138568
4.23537592
4.82120817
5.58254042
3.95506302
4.82356667
4.82356667
4.98663333
4.91526667
4.91526667
4.97123333
4.79226423
5.80091512
3.88925203
3.80997292
4.91916667
4.91916667
4.79792698
4.85867014
4.79792698
5.17288136
5.47528868
4.83603333
5.49154734
4.89976667
4.80810533
5.02600000
5.23807040
4.19236157
4.50836028
5.11903333
3.94376358
4.78203333
3.85614950
5.59916859
4.99013333
5.12803129
5.48739030
4.88886836
4.91679895
5.00356667
4.40017384
3.96404893
4.85483333
4.01055187
4.05562799
5.49635104
5.58041570
3.87492395
3.81230740
5.58041570
4.99276667
4.89639287
4.61274827
5.17452610
5.46096998
4.12559757
4.86863333
5.09995654
5.05406667
5.12046667
4.94713333
3.93654933
3.93654933
5.33828770
4.86686667
4.84823333
3.92875152
5.64314088
5.43608180
5.63353349
3.88144285
5.06396667
4.22251195
4.19133439
5.06396667
3.86892655
3.86892655
3.76496405
4.84470000
4.22289663
4.97106667
4.22233635
5.86928406
5.50475751
5.33880921
5.51039261
4.92660000
5.77736721
5.77736721
4.77850406
4.83259452
4.83976667
5.10178183
4.81977776
4.81977776
3.98183399
3.89578859
4.79052586
5.52600462
3.90064432
4.84430000
4.05350640
4.07470352
3.82355498
3.76879260
5.40942263
3.76375012
5.43575058
3.79204408
5.43575058
3.98035637
4.83210000
5.43575058
4.07727075
5.43575058
3.88170361
4.84303333
3.97086563
5.43575058
4.38661452
4.79496667
4.32355962
4.23083388
4.91256667
4.86430000
3.92159930
5.58983834
3.90777923
3.84162854
4.47371824
4.39807638
3.92133855
4.96566667
4.05336810
4.52193995
4.43833718
4.84766667
3.77000654
3.77000654
4.78446667
5.04123333
4.10262396
5.61884527
3.99122121
4.90993333
5.04713333
4.92003333
4.80546667
3.77280792
4.54198614
5.54198614
5.54198614
4.04351480
4.52443418
4.86020000
3.92403303
4.97326667
4.21886136
5.58013857
5.07605389
5.55833718
4.85083333
4.13680082
5.05079839
4.48739030
4.49043880
5.05079839
5.05079839
5.49043880
5.28752716
4.91690000
4.72985339
5.52637413
5.55897436
4.98886667
4.98886667
4.00026076
4.89083333
3.91977401
5.49500420
5.72628176
4.21645345
5.72628176
4.87913333
5.72628176
3.76552433
4.88666667
4.92723333
3.92090765
3.77374171
5.51889145
4.60033617
4.59356801
4.97329349
5.01040000
4.74741417
4.94166667
5.71889145
4.94913333
3.95749674
4.55408776
5.55408776
3.93846154
5.61071594
5.61071594
4.48683603
4.85003333
4.03702738
4.78513333
4.45653580
4.81625380
4.81625380
4.45653580
5.44554273
5.49247113
3.95845285
4.83080000
3.81006630
5.15342236
5.58503464
3.80707816
4.83756667
3.86861518
5.07050000
4.27313475
3.87848761
3.83285087
4.28686152
5.50198614
4.97743333
5.53819861
4.24773555
5.54180139
4.83313333
3.82500700
5.54180139
4.60166282
5.07050000
5.60166282
4.96570000
4.65376443
4.97760000
5.14819311
4.61939954
4.98510000
4.19562984
5.51113164
5.23830000
5.18122555
5.23830000
3.78784200
5.50771363
4.05293351
4.01951629
5.73099307
3.85853021
4.11812256
4.93343333
4.89109083
3.78774446
5.77025404
4.85441113
4.93446328
5.60240185
5.32486693
4.12759670
4.06040852
4.02754692
4.92820000
4.06040852
4.90736667
3.80538896
4.77543333
4.75357176
4.32029552
4.97610000
4.15641050
4.18035637
4.47301173
5.87464203
5.33541938
4.92623027
3.83359791
4.88005215
4.96440000
4.88005215
5.02496667
5.10290410
5.78124711
4.26594453
4.22317677
3.87327249
5.49043880
5.54568129
4.71076212
5.09763333
5.05145205
4.67980204
4.46773742
4.47031725
4.54660508
5.45336810
5.56526559
4.87046667
5.54521940
4.90416667
4.19478488
3.91763937
5.51196305
4.97200000
4.21075731
4.21075731
5.52221709
5.52221709
4.87473333
5.50845266
4.48157044
3.76053890
4.56637413
4.75189093
4.80466667
4.86766667
3.93263798
5.59418014
4.91350000
4.82668405
4.90578018
4.12774302
3.74964983
4.80950000
3.74964983
3.74964983
3.96297262
4.98104398
5.73736721
4.94854411
5.02653333
4.92063333
4.20263330
5.73570439
5.61256351
3.88213820
5.22401718
3.94950022
3.85815669
3.96644937
3.92623027
4.89070000
5.61773672
5.88618938
5.88618938
5.88618938
4.91754599
4.99246667
4.91754599
4.32698827
4.75506302
3.96993183
5.67519630
5.67519630
4.88823333
4.51115884
4.12299000
3.78289289
3.99234289
4.99996667
4.19506957
5.96711316
5.47950000
4.78448034
5.07763333
5.65226667
5.65127021
5.00740000
4.85400000
4.85230000
3.86318992
4.62207852
4.87453333
4.86318992
4.77893764
4.91656667
4.23755719
5.77893764
5.77893764
3.91134289
3.97783572
4.89710000
3.94910823
5.62688222
5.19690000
5.56452656
3.82624946
3.91054253
5.76397229
3.80252064
4.91530000
4.92763333
4.55236854
5.54817552
5.08050000
4.79866667
5.22160000
3.88523672
4.23998262
5.01603333
5.20702213
3.84620413
3.89352455
4.22764016
5.65607390
3.82816167
5.65607390
5.65607390
3.85032595
4.85280000
3.98626684
4.88503333
4.83145018
4.86140000
4.78606779
4.85276667
4.80456667
5.60674365
5.60674365
4.90970212
3.92507605
3.95123859
3.79512560
5.58180139
5.08973333
5.58180139
5.08973333
4.62466513
4.90691004
4.79269883
3.92604351
4.76332564
3.93098653
4.93098653
4.97153333
4.87336667
3.91464581
3.91464581
3.93159496
5.49228637
4.89578859
4.93610000
4.96192960
3.72835932
5.53912240
5.48849885
5.48849885
5.01438043
4.12159930
3.90395480
3.85740966
3.90395480
5.17420000
5.70161663
4.64665127
4.80757506
4.91558502
5.22040000
5.80757506
4.97210000
4.97210000
3.91997385
3.96219035
3.92655367
5.60526559
4.74787562
4.91346667
4.91346667
5.60859122
3.84989135
3.79932767
4.55639723
4.16427640
5.67644038
3.97314211
5.49154734
5.49154734
4.89503333
4.49893764
5.47188179
4.52236437
5.49893764
4.99716667
5.65736721
3.77560930
3.83485441
3.83485441
4.97400000
3.93089961
4.84990000
4.84990000
5.49080831
4.83633333
5.49080831
3.82320730
4.45783920
4.09204694
4.89956667
4.95060000
4.56942263
5.09204694
3.93837462
4.97380000
5.95085450
5.06392610
4.99333333
3.74217948
6.06392610
4.99333333
5.30926667
4.09365954
3.79045663
5.63759815
4.17405920
5.63759815
5.00473333
5.97025404
5.15700000
4.59297921
4.13185571
4.52609954
5.51038679
3.79839387
5.00380000
3.87141657
5.34263364
3.82454011
3.81249416
4.02433724
4.93426090
4.93426090
4.88248588
3.90540667
4.91533333
3.85449804
4.88860000
3.80054160
5.03040000
5.56748268
4.82071155
4.80736667
5.16975228
4.95936667
3.97166449
5.83279446
5.71159353
3.78800522
3.96323338
5.26813333
4.91880000
5.72905312
5.11466667
4.17340287
5.58023095
4.86243333
4.94220000
4.05467188
4.74937644
4.74937644
5.50247718
4.86583333
3.80877879
4.86286667
3.84975254
4.89656671
5.63113164
4.97526667
4.86560000
4.01512746
4.98530000
3.82033898
3.82033898
5.21156019
5.01300000
5.23163333
5.21156019
5.61625866
5.61625866
3.78242600
3.78242600
3.78242600
5.61625866
5.18170000
5.47787529
4.81636667
5.47787529
3.89802969
4.84493333
4.49422633
4.84493333
3.79531235
3.79531235
3.79531235
6.09758147
4.94896667
4.35775750
5.73810624
5.00793333
5.18199645
3.94079746
4.82883333
4.89160000
4.93724904
4.77940000
4.84290000
3.95045632
3.90437949
5.65311778
4.95680000
4.93666667
3.90400598
5.50965358
3.90400598
4.82026667
4.90400598
5.02696667
5.02696667
4.93733159
4.83960000
4.42558891
4.93733159
3.93052573
5.42558891
3.92611908
3.92611908
5.40020000
5.89755196
4.85232508
4.85232508
5.04273333
5.27670000
4.32402652
5.55308619
5.12060000
5.01533333
3.95125595
3.95125595
3.95125595
4.84910908
5.15245545
5.49127021
3.89178618
3.84601737
3.84601737
5.46568129
5.46568129
5.46568129
5.70638853
3.92538986
3.92230834
5.46623557
5.27918296
4.09823513
4.12655367
4.50957139
5.64018476
5.64018476
5.47334873
4.91686667
3.88729106
4.50799076
4.82540000
4.52581986
4.82540000
4.45127021
5.25449804
4.93823333
3.77691661
4.04884833
4.88785134
4.93072577
4.88785134
5.55214781
4.92777053
4.58170901
4.92777053
4.62531178
4.62531178
4.62531178
4.30497712
4.34689266
4.34689266
3.82425997
3.87153412
4.26146232
5.43602771
5.27848761
5.27848761
3.96498272
4.95423333
3.86849196
4.83490000
3.80791857
5.05560000
4.38157323
5.76027714
4.94014380
4.86660000
4.81686667
4.01512746
4.33116037
4.31562237
4.83570000
3.76748529
5.21010000
5.51861432
4.54002608
5.51861432
5.51861432
4.81807910
5.51861432
4.22411056
4.02364189
5.02210000
5.39061278
5.24056667
5.39061278
3.82642329
5.26805737
3.85330096
3.85330096
4.33915398
3.78896132
3.77047343
3.77348979
4.15532377
4.05079839
3.84033029
4.84033029
4.88934541
4.30021730
4.41373316
4.40470632
3.74862265
3.76332030
5.22709870
5.49071594
5.49071594
4.83773333
5.48406467
4.26837240
4.66762125
4.90983333
5.66762125
5.66762125
5.03203333
4.91500000
5.66762125
4.94066667
4.45371578
5.12186012
4.30535064
4.61060409
5.61060409
4.96236810
3.86518905
3.86518905
4.23893959
3.87092568
5.60471132
4.90360000
4.39826314
5.49616628
5.49616628
5.49616628
4.80366667
3.70389392
3.79587263
4.46420323
3.71248483
4.81656667
3.76723164
4.75156667
4.97283333
5.29647979
4.44887478
5.63325635
5.08610000
3.80660582
5.45672055
3.90160800
5.45672055
4.92325076
4.18087788
5.02456667
4.86300000
3.86449370
4.21347240
4.60521512
4.89360000
4.96376879
3.78541414
4.51630485
5.51630485
3.80941264
5.51630485
5.51630485
5.51630485
4.19376226
4.30068167
4.31473272
4.31473272
4.31473272
4.22569801
5.69228637
5.62614319
5.62614319
4.88813333
3.89569521
5.62909931
4.93776619
4.89569521
4.69191686
3.80530395
3.98627323
4.75273135
5.12156667
3.99252499
4.85656667
3.91899174
4.66448037
5.29152542
3.88857019
3.90525858
4.22703173
4.86046667
4.89173333
5.00356367
4.01599305
4.88168830
5.01792884
5.55695150
4.82776667
4.49152542
5.49061537
5.49152542
5.49061537
5.49061537
3.76636474
3.94182463
3.99934634
4.57521711
5.05583333
5.57521711
5.22468492
3.79727332
3.82651021
3.77616958
4.82651021
5.03666667
5.22747222
4.53487298
4.96219035
4.30684471
4.97566667
4.32942199
5.13396667
3.99304650
5.55648961
5.55648961
5.10860000
5.61376443
3.86753585
3.86753585
4.85946667
4.85946667
3.88926554
4.96936667
5.48591224
4.93473333
4.02555411
4.94900000
5.05658409
3.84900551
4.89656671
4.89656671
4.89656671
4.89363333
4.86039780
4.88010000
3.93098653
3.85638248
3.85638248
3.97218601
5.05240000
4.80810533
3.90092446
5.86614319
4.23398522
5.04013333
3.83302912
4.72286374
5.72286374
5.04350000
5.28956952
5.23810000
4.78069284
3.92520310
3.92520310
4.99750000
4.25156410
3.82511951
5.05845550
5.19469605
4.87363333
5.49200924
5.49200924
5.49200924
3.99443720
4.87206667
4.80893333
5.03236667
4.17144458
5.56434180
4.59676674
5.10710000
5.56545035
5.18470230
5.22330000
3.82594080
5.59325635
4.86853333
4.89283333
4.51935335
4.51935335
5.51935335
3.78476048
5.00993333
4.83754889
4.52064665
3.86779661
4.79186667
4.93303333
4.76873333
5.28787484
4.87356667
5.74115473
5.59270208
4.96240000
5.22214959
4.16323338
3.77402185
5.06190000
5.33930000
4.52217761
3.85554207
5.24736667
5.46586605
4.51142981
4.50430248
5.44064665
3.85460827
3.85460827
5.16323338
5.59926097
5.59926097
5.59926097
4.75217107
4.01390700
5.85561201
5.85561201
3.75291811
4.93538145
4.78170000
3.86459987
4.76346667
3.85623642
4.24102564
4.49330254
5.49330254
4.80416667
4.44258661
4.91994785
4.86780000
5.04313333
4.77810000
4.75296667
3.83007388
3.82937853
3.82937853
5.44655889
5.06413333
5.44655889
4.93826667
4.87763333
4.82320000
5.48794457
4.18887440
3.82772708
4.82807475
5.62438799
3.77364833
3.77601043
4.79610000
4.99673333
4.87422860
5.53450346
5.44064665
3.93159496
3.93159496
5.05280000
3.87608554
4.30376319
5.86401848
4.94359884
4.94359884
4.55159212
3.99582790
5.40849885
3.90316556
5.74928406
4.35410691
5.10543333
5.01353333
5.72000000
5.03809880
4.74983834
3.85962625
4.93481095
4.88999907
4.22120817
4.43244000
4.77878420
5.48157044
4.13950456
5.50632794
4.28994304
4.68891786
4.73202955
3.65104118
4.70953333
4.69913157
5.54106236
3.76375012
4.77186667
4.77186667
5.57385681
4.70697544
4.70697544
4.82470000
4.70697544
4.14932638
5.21955671
4.11196190
4.54632794
3.83641895
4.99165580
5.55612009
3.81277430
3.81277430
5.44803695
4.73715776
3.81538893
4.73071594
4.73071594
3.81477618
3.85498179
5.30945933
5.30945933
3.99122234
4.99122234
5.07906667
4.05102130
5.13913333
5.53524249
3.82433724
4.03212251
3.88476982
5.48258661
4.75122402
4.91086667
5.03510000
4.60193995
4.81750000
5.58771363
3.97516108
3.97516108
4.83286667
4.96156667
5.26870000
4.93130000
4.93130000
5.57819861
5.57819861
5.08092134
5.57819861
3.91894668
5.23302912
3.97282659
3.88140816
5.24736203
5.00970000
5.00970000
3.95723223
4.50611635
4.80613333
3.86188614
4.91713333
5.54494226
3.82033803
3.82033803
3.82033803
3.96349413
3.82986273
4.85370000
4.56739030
4.89733333
4.82986273
3.85143337
5.45247113
5.11456667
4.86327684
4.86327684
4.01027173
4.22784574
4.01355932
4.37305071
5.24932300
5.13838827
5.44147806
3.82435335
3.87231638
3.82435335
5.44147806
4.79090000
3.83892053
5.43824480
4.98406667
4.88090000
5.48138568
5.32793333
4.95516667
4.14137641
5.09106667
3.92481530
4.98016667
4.83110000
4.55676674
4.79316463
4.83110000
5.22074890
5.22074890
3.96554300
5.53681293
5.53681293
4.98446667
5.22383333
5.71150115
4.78583225
4.86310580
4.90810000
5.85071594
5.49025404
4.22346806
4.83630000
5.55076212
5.55076212
5.09653333
5.71362587
4.58364896
4.84913333
4.72424942
5.61976905
3.91156971
3.87222947
4.18591917
3.81221403
4.95410000
5.44055427
4.41478060
4.86466667
4.40230947
4.78820000
4.78820000
4.15549761
4.12849006
5.38337182
4.88376667
4.53576706
5.02960000
5.38337182
4.81686667
4.89833333
3.86614515
4.45967667
5.45967667
5.07124848
5.60489607
5.60489607
3.95713886
5.49912240
5.49912240
3.99600174
5.49912240
5.49912240
5.49912240
5.49912240
3.75655990
3.80930030
4.83873378
4.88578879
4.88578879
3.85162973
5.17353333
3.98085722
3.98085722
3.98085722
5.44212471
4.55879908
4.82451108
4.80128864
4.98468578
4.94680000
4.09898216
4.99476667
3.91735923
4.82496667
3.99643633
3.96662321
4.43002309
4.94686712
4.98713603
4.37079531
5.48193995
5.04760000
5.48193995
5.00420207
5.44572748
6.14072143
4.49700130
5.84166282
4.25147073
3.82687459
4.83403333
4.04050413
4.04050413
4.04050413
5.56563510
4.03305631
4.03305631
4.90030000
3.89476142
3.90634046
4.77090000
4.77090000
4.77090000
4.74820000
5.42762125
3.78466710
4.84970000
3.79176394
5.05803333
5.05803333
4.81764450
4.19198805
4.21529770
3.97506770
4.54673639
4.52563510
3.88822486
5.41693902
3.78018489
4.60387991
5.44157044
5.44157044
3.96036506
4.78740000
4.89813125
4.85376786
5.44443418
4.89813125
5.44443418
3.85171664
3.98870056
4.27926988
3.87160332
4.87160332
3.84936984
5.44933025
4.44784760
4.28926554
4.78356667
5.47436490
4.98540000
4.27108040
3.95162947
4.09795499
4.09795499
5.46789838
5.44434180
5.11603651
5.08787002
5.56757506
5.24390699
4.97643333
5.57173210
3.78914931
5.24829583
4.52655889
4.55593533
4.36627553
3.86249457
3.95844617
4.81023333
4.80593333
5.57043880
4.27939117
4.83153333
4.19295958
4.88743333
5.36884863
4.60840647
3.93446328
5.54983834
4.89280045
4.93446328
4.87173333
4.89280045
4.89280045
4.89280045
5.47030023
4.76663333
5.47030023
4.75856667
3.88083442
4.91184985
4.95219470
3.86516015
3.86516015
4.85346667
3.90873533
3.86516015
3.81146699
4.80036667
4.03459365
3.84467623
3.76836158
3.91368970
4.87048277
4.87048277
5.54726667
5.07826667
4.20182529
3.80973490
4.84433654
3.90386788
4.79104737
5.70836028
3.96918480
3.97357363
3.97357363
5.55695150
5.55695150
5.55695150
5.05696667
4.15662755
4.88023333
5.59815242
4.90593333
5.00400000
4.47436490
4.47436490
5.47436490
5.32729480
4.76930000
4.91980000
4.41145497
4.44285093
4.78423333
4.46078522
4.81786667
3.79104737
3.75323772
4.49237875
3.78382669
4.76343333
4.76343333
4.85933333
4.93185571
4.93185571
4.51445727
4.88980000
5.52702079
4.81533333
3.83985433
5.00716667
5.26342329
5.00716667
4.80800000
4.87350000
5.43787529
3.81338548
5.43787529
4.29582594
4.29582594
4.87263333
4.09478009
5.43325635
5.43325635
5.43325635
5.09478009
3.92507605
4.79600000
5.43325635
4.88187506
4.88850000
5.14090952
3.75385190
3.89335072
5.43325635
4.90166667
3.77729013
5.45191686
4.90940000
5.61302540
5.07063333
3.77803717
3.78251938
5.37616628
4.40933025
4.73956667
4.73956667
4.00530204
4.77926667
3.76972640
3.82077358
4.77026667
5.43593533
3.89847892
4.00989822
4.21016949
4.97663333
4.89046667
4.06583248
5.58946882
5.09470000
4.33364460
5.55307159
5.00140000
5.55307159
5.55307159
3.90352021
4.53090069
4.18050238
5.18050238
5.18050238
4.60665127
4.95163333
5.06060323
3.80072836
5.55113164
3.90369405
3.76445024
3.76445024
5.15543333
5.56349413
4.24904286
5.49625866
4.93020000
5.71944573
5.17854141
4.12017929
4.41777944
4.41777944
4.42398957
3.91890482
5.52434180
4.98313333
5.61515012
4.90551934
4.27799048
3.78625455
4.94783333
4.14306823
5.39094688
4.55464203
5.12419460
5.47612009
4.18079096
4.15650388
5.18134280
5.18134280
5.21060000
5.42900693
4.75796667
5.42383372
3.80338983
6.15136801
6.05415037
3.75749674
5.51316397
4.83213333
4.86813333
3.89009245
4.84480344
4.84480344
4.30432347
4.84093872
3.70211971
5.40674365
3.83876575
5.40674365
3.78774862
5.40729792
4.73340181
5.73340181
5.24356667
5.66544980
5.73340181
5.66544980
5.32536667
4.64665235
4.79336667
3.68465776
5.59260970
5.45903002
5.19820000
4.85510000
5.09333333
3.74541504
3.74541504
3.66336726
3.81193389
3.79539331
3.88420954
4.08320105
4.43824480
5.43824480
5.40138568
3.76001738
5.00733333
5.22280000
5.48110855
4.77333333
4.75011672
4.81896667
4.77094033
4.86900000
4.30049491
4.30049491
3.91377662
5.01566667
3.97030535
4.83343333
3.94061070
5.46327945
4.10786615
5.46327945
5.46327945
5.44203233
4.87146667
3.95237651
5.56896074
4.94823333
4.74227285
5.56896074
4.88720000
4.88720000
4.77853107
4.16724251
4.81364624
5.52055427
5.52055427
5.52055427
5.52055427
4.15654063
5.52240185
4.80670000
3.80973490
5.46060046
4.78033333
5.46060046
3.91577178
3.89804433
3.76627136
5.50281755
4.96476667
3.70230647
3.70230647
3.70828275
4.91563333
4.79830049
5.47242494
3.95872630
4.39168591
5.20712734
5.29595828
5.39879908
4.19608866
5.39879908
3.82633638
4.30691004
4.46549654
4.78392007
4.02320730
4.42048744
4.50780600
4.08309431
4.01904940
4.42595843
4.01111215
4.04945676
5.42595843
4.89350000
5.42595843
3.99187599
3.99187599
5.15663333
4.60766744
4.43482679
5.16662321
5.71307159
3.73689700
3.67550658
4.84218881
5.63667436
5.63667436
5.63667436
5.63667436
5.63667436
4.39774011
5.49681293
4.68213652
5.76933025
3.82622094
3.80130378
5.20903955
5.20903955
5.07946587
4.84140000
4.43272014
4.58809213
3.81286768
5.10838766
5.10838766
5.18953333
5.70180139
3.86562364
5.01053333
5.32742286
4.92733333
5.44166282
4.58696219
4.58696219
5.60508083
5.15290000
5.15290000
5.60508083
4.42475751
4.37413395
5.03685354
4.99775889
5.25950135
5.29414511
3.85302043
5.55549761
4.81686223
5.49210162
4.80504129
5.64489607
3.74283313
4.96743333
4.13229031
4.98423333
4.13596041
4.97106667
4.57884527
4.98423333
4.98418079
5.32855280
3.96132116
3.96610169
4.79990000
4.95200299
4.99426336
4.47251732
4.86813333
5.46817552
5.62762125
3.85572883
3.87014342
3.79717994
4.99353333
3.79858063
4.79858063
3.86403959
4.82866667
4.82320000
4.09412644
3.91950696
4.31188720
3.77458213
4.12550191
3.90699412
4.90699412
4.48498845
4.91777488
4.33625922
5.57847575
5.58401848
4.86366667
5.40184758
4.47057737
4.94320000
4.34242226
5.40351039
4.78746667
3.85750303
3.85750303
5.40351039
3.86198525
5.41736721
4.86506677
5.66143187
5.58503464
5.58503464
4.07778504
5.11134289
5.26813333
5.26813333
4.78780000
4.74834252
5.58503464
5.58503464
5.03833333
3.95321692
4.91194323
5.38734411
5.38734411
4.24381361
3.83537592
4.73670000
5.39122402
4.78430000
4.35371824
4.23382202
4.90320000
4.78296393
4.36001738
4.54004619
4.84116164
4.40729792
4.74150000
4.75610604
4.70846951
4.72866667
3.76431039
4.42694481
4.41684564
4.98843333
3.96983920
5.39334873
4.10747969
4.17175141
3.96797087
5.17928845
3.76085536
4.76156667
4.23830423
3.92281617
5.51390300
3.92281617
4.08135593
4.87996667
4.08205128
3.82500700
4.78950000
4.78950000
3.98044329
3.93715566
5.08133333
4.76944626
5.66891455
3.76515081
5.66891455
4.87166667
4.81440000
5.52341801
4.80390000
5.52341801
5.51713626
3.95445458
4.30254926
5.94217090
3.73246802
4.85163333
3.73807078
4.76620000
5.42512702
4.44960739
5.21960000
5.13437296
4.23522271
4.85059296
4.91100000
3.88631030
5.57284065
5.57284065
5.46882217
4.95696667
5.46882217
5.36120000
4.82406667
4.29578444
4.84779158
4.80433333
4.00354842
5.07313333
5.03928727
5.03928727
5.03928727
4.32368535
3.88841162
4.95697523
4.76976667
3.85362886
4.99808779
5.81706975
4.43344111
5.64277136
5.64277136
5.43722864
4.82903333
4.82903333
3.88518036
3.87396784
4.99120000
4.44120092
3.76300308
5.47990762
4.74789838
5.74789838
4.86320000
4.91423333
5.16723333
4.39490148
4.81622934
4.20825728
4.20825728
4.56545035
5.56545035
5.00670000
5.56545035
4.15230180
5.56545035
5.56545035
4.93090000
4.90846667
4.87207022
4.95733333
4.89110000
4.91594959
4.89110000
4.91594959
4.98791830
4.90830074
4.26614515
5.26614515
5.24680176
5.40332564
4.86727510
5.43251732
4.95026667
4.32750978
4.74210000
3.81833985
3.98000869
4.93939677
4.98000869
4.56785219
4.56785219
5.56785219
5.71935335
4.07457627
4.98290000
4.68222512
4.91125598
5.04703333
5.52862079
5.02996667
4.05033150
4.81676667
5.00669274
4.96806425
4.55066975
4.00304216
4.90426667
4.44569988
3.87701933
5.43048499
3.84181530
4.76370000
3.94054759
4.82316667
4.99773333
3.86777477
4.22007823
4.18965667
3.88683181
4.88683181
4.45755196
4.80863333
5.51842956
4.94166667
5.44766744
5.00370000
4.26743860
4.95280000
5.47990762
4.84106826
4.43963048
4.84106826
4.84106826
4.84106826
4.48587571
5.66272517
4.48587571
4.79850000
5.48221709
4.99073333
4.47713626
3.91151673
3.91151673
3.78700159
4.20504129
3.95452423
5.35219470
4.91053333
5.13278551
3.90995219
4.22765898
4.25275967
4.25275967
3.90587356
5.33168188
5.31244747
5.44286374
5.44286374
3.94219904
4.40563510
3.83723970
4.80396667
3.89004781
3.97496741
4.23615650
4.02016995
4.02016995
4.02016995
4.80563333
4.79391166
4.63833718
5.46836028
5.46836028
5.46836028
4.00000000
5.46836028
4.88473333
4.04085180
4.91553333
5.62642032
5.62642032
5.60637413
5.60637413
4.39217731
4.85313333
3.85386124
3.81495002
4.85103333
4.85103333
4.16089271
3.77574967
3.77574967
5.15734429
5.09483333
5.15734429
4.74642032
4.86310000
5.55575058
4.14492483
5.55362587
5.00410000
4.53838337
5.22225120
4.19637688
4.39000435
5.16926667
5.72739030
5.19805771
5.22520643
3.81847045
4.87343333
4.87343333
4.93493333
5.47879908
5.47879908
5.47879908
5.47879908
5.18377066
4.94816667
5.18377066
4.59034457
3.88752716
5.37145497
4.88203333
4.73396209
4.87776667
3.91997385
3.74666169
4.97053455
4.31229900
4.71159353
5.77887758
3.80895263
5.01446667
5.01446667
3.95827901
5.71159353
4.17088430
4.17088430
4.19991308
5.71159353
4.45658409
5.53764434
4.58660508
4.58660508
3.98305085
4.13941764
4.92270000
4.49930716
4.75515921
5.49930716
4.92426931
5.53117783
4.94043333
5.06461855
4.07561930
4.07561930
4.89683333
5.57265589
4.93946667
4.87892221
4.98722295
4.97520000
4.16304043
5.47094688
5.46420323
5.46420323
5.46420323
5.31356803
5.68794457
4.93496667
3.77853107
4.72284994
4.77847575
3.92959583
5.46872979
4.80483333
4.00812401
5.46872979
5.07490000
5.46872979
4.37653194
3.70921655
4.77270752
5.17793333
5.54817552
4.27970448
3.99131572
5.30236667
4.85190027
4.78560000
5.39685912
5.39685912
4.92286667
4.83471846
3.82239238
4.87561930
5.48600462
5.48600462
4.75880101
4.84414978
5.10040000
4.93493333
5.48600462
3.84989135
4.48896074
4.84989135
5.75612009
5.48434180
3.88243533
5.48434180
4.94063333
4.25302043
5.52951501
5.61099307
5.54494226
5.54193829
5.53823886
4.60046189
5.33433333
3.85600896
3.85600896
5.14423333
4.57579677
5.48933025
3.89700130
4.80286667
4.91793333
4.05284659
5.01279298
3.83233377
4.82873333
5.62531178
5.10836667
4.58678835
5.59427252
4.97206667
5.11926667
3.77906434
4.78253333
5.52969977
4.95883333
3.78035637
4.77793333
5.49422633
5.00513333
4.58974596
4.91455889
3.71687366
5.45505774
4.42032333
5.12186012
4.04472873
4.92133855
4.92133855
5.00821739
3.73116071
3.86675359
5.55593533
3.72200952
4.56739030
4.56739030
4.99543333
3.78448034
3.93498479
3.89868335
4.84903333
3.96610328
3.96610328
4.05126529
5.45357968
3.91864407
5.01706667
4.93707084
5.82143187
5.09950000
5.34232888
4.63944573
4.51076212
5.19759081
5.21807910
4.62498833
5.54642032
5.14654498
4.35288075
5.50595843
4.98176667
3.80156454
3.80156454
5.50595843
4.75011672
5.43159353
5.43159353
5.20808344
3.77175141
5.73228637
4.83236667
4.76431039
3.84125502
4.89666667
3.87571202
6.01335325
5.28490000
4.68913998
4.86040852
3.94550196
5.12213333
5.07483333
4.24147913
4.87790000
4.92423333
4.92423333
5.51030023
5.51030023
4.77140723
5.06743333
5.41320385
5.00672332
5.61690531
5.61690531
5.12142547
4.95713333
4.95713333
4.50078522
4.24241634
3.78522738
4.20512821
3.78438696
5.53265589
3.82042590
4.85076667
4.83441982
4.51963048
4.87746667
5.51963048
5.52064320
5.08378966
4.88246667
4.41833985
3.87822686
4.34998599
4.75730000
3.80799652
4.75300000
4.86927423
4.81863333
4.81863333
5.60757506
3.88039983
3.98403212
4.02068666
5.51334873
4.79436667
3.88213820
4.81520217
4.00582355
5.00582355
5.51787529
5.14903333
4.74722196
5.51787529
5.51787529
3.73185571
5.00793725
3.78167896
5.35596227
3.78335979
4.87533333
3.91446447
4.57367206
4.82726667
5.16283333
4.67049109
5.16283333
4.02185078
4.82112125
4.24614810
5.38743649
5.87188179
5.47976667
5.89849659
5.39842956
3.82503259
3.90560626
4.80313333
4.04687646
4.79426336
5.56249423
5.20886571
5.37431871
4.19043894
3.90260529
5.37431871
4.31375479
3.86077131
4.98300000
5.38281755
4.75293333
3.99104737
5.37958430
4.36079965
5.37958430
4.94145112
4.34578392
5.78438799
3.81355932
4.89996667
4.22903086
4.80446354
4.87696667
5.39584296
4.00121393
4.83390000
3.86518905
5.42337182
5.46226328
4.80760000
4.85286667
3.91007564
5.61829099
5.61829099
4.23046036
4.23046036
5.00803333
5.63464203
5.63464203
5.45467188
4.53330254
4.05762712
4.00410869
4.88963333
5.05170000
5.03506667
5.22743333
3.76290970
4.87188179
4.87306667
5.05276667
5.15810000
4.83630591
5.27116667
5.19130813
4.77730000
4.77730000
3.82103433
4.82360000
3.89980390
4.94176445
4.15584528
4.20851620
3.86744894
3.81996452
4.87150994
4.16696237
4.16696237
4.91713333
5.08553333
5.61995381
5.61995381
5.04730000
4.74846667
4.74846667
5.49200924
5.04416846
5.04416846
5.13101130
4.55325635
5.16618861
3.93159496
5.42244804
3.80147539
3.84936984
3.71752731
4.94913333
5.97496536
5.14076667
3.96993183
5.14072143
5.52609700
5.42973333
4.99493333
5.02894761
4.17227292
5.83233256
3.86544028
4.41200924
5.11229900
4.20870296
5.87381062
4.57672055
4.57672055
5.24285093
4.94010000
4.26557102
5.39418014
4.27173406
5.39418014
4.23355063
4.75216667
4.75216667
4.75216667
4.18305085
5.41681293
4.45274827
4.78090000
4.87526667
5.12243333
3.92594524
4.77009996
5.12490000
4.79310000
5.56545035
5.07613333
4.71986180
3.94611039
3.94611039
4.82293333
5.03600000
4.12270053
4.02250444
5.41727483
5.41727483
5.28798207
3.98468578
4.24026520
5.65856813
5.65856813
5.54586605
4.65930716
4.90491091
3.83145018
3.95984355
4.83610000
5.52064665
5.52064665
5.52064665
4.95573816
5.09226667
4.99730552
3.88283355
3.88283355
5.52064665
5.47030023
3.91029987
4.94498044
4.98070000
4.89773672
5.89773672
5.89773672
5.89773672
3.83154356
4.94900000
3.89102624
4.84093333
3.86572042
3.91351586
5.58263279
5.58263279
5.15406667
5.45247113
5.45247113
4.46325521
3.98704911
5.45247113
5.44969977
4.05359978
5.09726667
5.08839635
4.96601478
4.96601478
4.95400000
4.95400000
5.44526559
5.44526559
3.79624615
4.81370000
4.83463333
4.21668840
4.16731856
4.93986667
5.37809648
5.37809648
5.04200000
4.47815242
5.55741339
3.80110188
5.44443418
5.44443418
4.15006070
5.07092568
5.33493333
5.97665515
4.00269448
3.95695210
3.99843546
4.84456667
4.90273794
5.19986667
5.19986667
5.19986667
4.37930712
3.89326735
5.32368535
5.52969977
4.83180000
3.90148473
4.90148473
5.01396667
3.75889439
4.35436490
5.39685912
4.76925950
5.36951501
5.28553333
4.94420000
4.77803333
4.87310000
4.07813994
4.88426667
5.10366667
5.10366667
5.00400000
4.36464656
4.36464656
5.36464656
4.32113176
4.95910000
4.80453333
4.75043333
4.80203333
4.99850593
3.93472780
5.51334873
5.40591224
4.80423333
4.38872979
4.92342889
4.96723164
4.84233333
5.06629937
4.55251732
4.20304216
4.84223333
4.84223333
3.99878314
3.99878314
5.55251732
3.92490222
4.80396667
4.85780000
4.85780000
5.41856813
5.06368475
4.77070000
5.65015211
4.31272761
5.71113164
4.65228637
5.65228637
3.73928471
3.73928471
4.73876667
5.43473441
5.06379835
5.60720554
3.96330190
5.20655523
4.47177829
4.94553333
5.43990762
5.27140000
5.27140000
5.02660000
4.41237875
5.41237875
4.05425343
5.41237875
4.82933333
4.86530000
5.50540416
4.79193333
4.79193333
3.92389579
4.32116471
4.30824540
3.88709257
4.98418079
3.90830074
4.80906667
5.39907621
5.39907621
4.17383746
4.56019122
5.42251195
3.95254237
4.84800000
5.52138568
5.60912647
4.57409655
5.51362587
3.70510785
4.24633486
5.04230000
5.67556582
4.83893333
3.81668840
4.91655802
4.82370000
4.50368849
4.46194789
4.77360000
5.12746667
4.83954802
4.42225120
5.06566667
3.95723223
5.53293303
5.30453333
3.78672145
3.98452847
4.03780965
3.89214679
4.93385485
4.93223333
5.51103926
3.94645806
4.84010000
4.90160000
4.88460000
5.66143187
4.16818774
5.51565820
4.83363755
5.20050000
5.20050000
5.47732102
4.53080831
4.93124728
4.15801825
5.37274827
4.98035637
4.02816167
5.02877010
5.40554273
4.00709683
5.50771363
5.08876667
4.46531178
4.47796767
5.43832291
5.11663333
4.42060046
4.13904193
4.81483333
5.41404157
4.81830000
5.44554273
4.52785219
4.52785219
4.23419554
5.15860000
3.85946400
4.39630485
4.87453333
3.86712111
3.86712111
4.80236667
4.83501155
3.92655367
4.86982912
4.41967667
4.86982912
4.84499020
3.86646746
5.45903002
5.45903002
4.88283333
4.41142964
4.41142964
5.04596667
5.58411085
5.08525539
4.03240265
3.92520310
4.75390000
5.60415704
3.92672751
5.04310000
5.04310000
4.38244242
3.90129797
4.08996089
4.04809039
4.89736667
5.74332899
3.76608460
4.89613333
4.67427252
4.67427252
4.95156667
3.93846154
3.86245214
3.90925684
4.35384615
5.20943333
4.52609954
3.86730787
5.00317490
4.82076667
3.83051639
5.56628176
4.84003333
5.58531178
3.90717080
4.90156667
5.55020785
5.55020785
5.37887875
5.36106667
5.54817552
4.06710126
4.21364624
5.18629190
4.85690000
4.81113333
4.24650152
4.80653333
4.80653333
4.19009126
5.54420323
4.86962190
4.98366667
5.53062356
4.81249416
5.55565820
4.37644502
3.77348979
3.77348979
4.85496667
4.85096667
4.48175520
5.01100000
3.84807172
3.75693342
4.83166667
5.44823990
4.80921339
4.91660000
4.75620000
5.43288684
5.21262489
4.43916859
4.80140000
3.92012169
4.77196667
4.81781679
4.85093333
5.59519630
5.20043333
4.82373333
5.59519630
4.42937644
4.28219255
5.43196305
4.28219255
3.81416775
5.43196305
4.75525259
5.26249457
5.26249457
5.16462408
5.27805302
4.82023333
4.86740000
3.87608554
4.88553333
5.15816667
4.83646667
3.81398823
5.17406667
3.82859626
4.51205543
4.77075357
3.87049109
4.04762349
3.82955237
3.76001494
5.46337182
3.79587263
3.93921001
4.90476667
5.04756667
4.86650000
3.99159585
5.28340648
5.30578010
5.52424942
5.26398357
5.42494226
4.92796667
4.63983565
4.81630000
5.11013333
4.78083855
4.86493333
4.61533487
4.21804090
5.01983333
3.80903955
5.82909931
4.89336667
5.21625380
5.19450929
4.82729248
5.82729248
4.59990762
3.81781834
3.81781834
4.04267439
4.07492395
3.89055934
4.78346667
5.09840000
4.85866051
4.98010000
4.98010000
4.90883333
5.85866051
4.10925390
4.13689700
5.01353333
3.98281819
3.95601912
3.95601912
5.37838337
3.88109518
4.76136667
5.35667436
5.37829099
4.99003333
4.82173872
4.99003333
5.67639723
4.97676667
5.00425902
4.80073333
4.26827902
4.28700565
3.90030422
4.76676667
5.83113164
4.79226423
4.80243333
4.81641610
5.24941638
4.83546550
4.88413733
5.67935335
4.27501086
5.02486667
5.27501086
4.01399392
3.82242503
5.51648961
4.84736667
4.34419647
5.69653580
4.04594267
5.03673333
5.02490000
5.30795306
4.88906527
3.92933507
4.81270000
3.93298566
5.40073903
4.86743333
5.48933025
4.90923333
4.89691439
4.87176667
4.85673333
4.79526667
4.49995381
5.49995381
5.53709007
4.79436667
3.77476889
3.82764016
3.77476889
4.09960887
4.06695303
4.89436667
3.76723164
3.92542373
4.13602781
4.81090000
4.81090000
3.77925110
5.56489607
5.56489607
3.83181226
5.56489607
3.88038099
4.18302362
4.83090000
4.21486310
5.56489607
4.19077412
5.23366667
5.56508083
5.56508083
4.87505836
5.00316667
3.84389396
4.48006350
4.04502390
4.74583333
4.18487614
4.78080000
3.79288449
4.93889613
5.35824480
4.73072577
3.92212082
4.95100000
4.92629292
5.35824480
5.39732102
3.99791395
3.95769913
5.39732102
5.39732102
4.97416667
5.11403333
4.65636381
4.10664928
3.90942198
4.90942198
4.57157531
5.57157531
5.04866667
5.04866667
5.53672055
4.84624076
5.37588915
3.97948718
4.98636661
5.09250000
4.87603333
4.12168622
5.41681293
4.92785745
4.12055281
5.37847575
4.93444766
4.82200000
4.93444766
4.38575030
4.00721425
4.46189376
5.18139939
5.46189376
4.21318517
3.97105239
4.83770000
4.93724468
5.05467188
4.05667101
5.66056588
4.04137332
4.45429078
4.98040000
5.25109721
4.54411085
4.82130000
5.54411085
4.84713792
4.28900924
4.96373333
4.44812933
4.80290000
4.07596697
4.03809880
5.39307159
4.13767927
4.11084135
5.42392610
4.96383333
4.80580000
4.80580000
4.80580000
4.75326667
5.52138568
5.52138568
5.52138568
5.52138568
4.85373333
3.91932020
5.10654590
4.05475880
4.74913333
5.45653580
4.45302540
4.91843333
4.61425467
4.62377440
5.37145497
3.79036325
3.73919133
4.15528994
4.30581754
5.42429561
4.80139070
3.83621253
5.40092379
3.82807475
3.77897096
5.40092379
4.75436667
3.77897096
4.83323333
3.82734149
3.82734149
5.44411243
5.44719687
5.41274827
4.83603333
4.85956667
3.82351293
5.41515012
4.11214866
4.88873333
4.38087760
3.98444155
4.81500000
5.41616628
4.92603333
5.44157044
4.08432160
4.94970000
5.50383372
3.87207022
5.63288684
4.31235409
5.46632794
4.52304850
5.52304850
4.28691873
4.28691873
3.84363320
4.83473333
4.90070000
4.90070000
5.21540000
4.71683333
3.89830508
3.89830508
3.85367448
4.79650000
4.77355495
4.77355495
4.54595843
4.27953064
5.54595843
4.85647586
5.80526559
3.92996545
5.21766738
5.21766738
5.44230947
4.85553333
4.97573333
4.97573333
4.36662321
3.80504129
3.75347838
5.44498845
4.01839574
4.50217090
4.42383372
3.85154281
4.88080000
5.64092379
5.06366667
3.88626389
5.43883333
4.85274069
4.80033333
3.75338500
4.42390265
3.86110387
3.81380148
4.96623333
4.96623333
4.43926097
5.59556714
4.74130000
3.91334392
3.63245868
3.94489352
3.80964798
4.42076758
3.73281182
3.67905500
4.47979140
3.91941358
3.99504563
4.76136667
3.78074517
4.77866667
4.39528868
5.39528868
4.08899057
3.84024337
5.55796767
5.00225989
4.96544962
4.87766667
4.11663087
4.84953333
4.63893959
5.63893959
4.81840000
3.82703173
5.41145497
4.09319264
4.09319264
5.41145497
3.68101597
3.82323279
4.78216667
5.01876667
5.52498845
4.04971751
3.86927423
3.86927423
5.26171230
4.27892221
5.43944573
5.43944573
4.73706667
3.80182529
4.81355932
4.37736721
4.74950000
4.81355932
5.37736721
3.76309646
5.44128640
5.46743649
4.18904824
4.18904824
4.78939591
4.78939591
3.81165375
5.49293303
4.78457372
4.83389831
3.80425902
3.84265571
4.98240000
4.84745763
3.82846204
4.87475011
4.40073903
4.89203333
3.95966010
3.99139505
4.89776667
4.89776667
4.94880487
4.33550630
4.23895789
4.95580000
4.62808314
4.75367232
4.04164721
4.49891352
5.51279446
4.77590000
4.99271641
4.01955671
4.39443720
3.71986180
5.50854503
5.50854503
4.87393781
5.00150000
5.25250000
5.11623333
5.37431871
4.08561495
4.85570000
4.90040000
5.04276402
5.01045849
5.01533333
3.73377533
5.39898383
3.88622338
4.62217090
4.73592306
4.96103333
4.28205128
4.44258661
5.73760388
5.42300231
4.02698665
3.79982616
5.49413395
4.36844850
4.95293333
4.88473333
4.79131640
4.97400000
5.01990000
5.00173333
4.83890000
3.79600174
5.02753333
4.48753385
4.37679270
3.75982818
3.94550196
5.84665127
5.84665127
3.89532169
4.44748268
3.89109083
3.84648427
4.81153333
4.50013857
5.05496667
5.49413395
4.83796667
5.49413395
3.88092134
4.89395915
4.89395915
4.89395915
4.63889145
4.08274663
4.08274663
5.03737505
4.88933333
5.65016166
4.94966850
4.98713603
4.95176667
3.98852673
5.68424942
3.94724064
3.94724064
4.97774880
5.65385681
3.76925950
5.65385681
3.76711178
4.82830000
5.65385681
4.55334873
4.55334873
3.76836158
4.77330000
4.75173333
4.72333768
4.74059203
4.77513333
5.01216667
5.58715935
5.25153333
5.01213333
4.02521244
4.79650000
4.76010430
4.70660192
4.70660192
3.76940461
4.75228162
4.81183333
4.69819778
4.86423333
4.37366362
5.37366362
4.97296667
4.89330000
5.11298907
5.36794457
3.75897436
3.87674924
4.76800000
5.36794457
4.76800000
4.26770969
5.26770969
4.78383333
4.79240000
5.36794457
3.88135593
3.88135593
5.39307159
4.83443832
4.24801569
4.74593333
4.95266667
4.76533333
3.83070315
4.87561930
4.25919166
5.25716687
4.90090000
5.02042590
5.03133333
4.25893090
4.77193333
5.04678308
5.19066667
4.77993333
4.63824480
5.59361285
4.79690000
4.44406467
4.44406467
5.44406467
3.87683616
5.22936667
5.49607390
4.96866667
4.54457275
5.07075185
4.49413299
5.59279446
4.44120092
5.57644342
4.78843333
5.54780600
4.06994117
4.82120817
3.68596508
3.74098218
3.67774769
3.67774769
5.47584296
4.74883333
5.47584296
5.47584296
4.77653333
3.81650948
5.18638528
3.82207736
4.47371370
5.07043333
4.38623557
5.23626667
4.76363333
3.93584835
4.61672055
4.75189093
4.44729792
5.44729792
3.98522382
4.97290000
3.98522382
5.12023333
5.84101617
4.77314211
4.69448066
5.39953811
4.84919227
5.37773672
3.86996958
5.37773672
3.86996958
5.69228637
5.44896074
4.71986667
5.34438799
5.00460000
4.82190000
3.78670143
4.80093333
4.77636667
5.42170901
5.42170901
5.42170901
4.75160000
5.68729792
5.99861432
4.95426667
5.95898383
4.88074750
4.54300231
3.97522816
3.93332711
4.74903333
4.78206667
4.00304216
5.39676674
4.80000000
5.06555234
4.38220189
5.58198614
4.85166667
3.95254237
4.36158192
4.38503464
4.19730552
4.41367206
5.63367261
5.62711864
3.78748370
4.79696667
5.35076212
4.75310000
3.83808012
5.35076212
5.35076212
4.72970000
3.88448968
5.44036952
4.82860000
4.53846154
4.97420000
4.24910908
3.88691755
3.88691755
4.37450346
3.78924269
3.80173837
5.05320000
3.92781772
3.96766623
5.00956106
5.00956106
4.32151239
4.32151239
5.38743649
4.16789616
4.77396667
4.76716667
4.40408518
3.74611039
4.48857019
5.38826667
4.83826667
4.92472838
4.88262209
5.35214781
5.35214781
5.10316667
4.80703333
4.75006667
4.22859626
4.73828770
4.21616688
4.76166884
4.78723333
4.93124728
4.43485441
4.43066580
3.67195817
3.70146606
4.72436667
3.75610604
3.85815669
4.74802260
4.87850000
4.14211213
5.44415704
3.81946980
5.41478060
4.09786161
5.41478060
4.06405910
5.41478060
4.91278364
3.72882622
4.94446667
5.45949192
4.46466513
5.46466513
5.62725173
5.33339492
5.33339492
5.33339492
3.70959006
4.84523333
3.97166449
4.81130000
4.85150000
5.54983834
5.34586605
4.45840939
4.81090000
4.86075619
5.01121252
4.97077225
5.43621247
4.54715935
5.08776667
3.88140816
3.77813054
5.54715935
4.96993183
5.21273333
5.07498366
3.72490429
3.89298721
5.55519630
5.39685912
3.92959583
3.77869082
3.87414168
3.88514334
4.77860000
3.83826688
4.98286667
4.24441547
4.17644502
3.87487160
3.92194698
3.92194698
4.84863333
4.84330000
4.84480000
3.93333333
5.21293333
5.52859122
5.52859122
3.80707816
5.52859122
5.52859122
4.07582407
5.42823793
3.81990439
5.06570000
4.81500000
4.29004781
3.74454585
4.84493333
3.69110094
4.75089092
5.54254042
4.11960017
5.54254042
5.08721636
3.95584528
4.88216667
4.72340000
3.92417593
3.76860585
5.50420323
4.84053333
4.95695210
4.78890000
3.75697523
3.75697523
3.75697523
4.89883333
4.17125782
4.91143333
5.35224018
4.73890000
3.83751984
4.40009238
4.83490000
4.73496667
3.74767492
3.74767492
4.85590000
5.71427252
3.76384181
5.71427252
4.11392287
5.71427252
4.14211213
5.71427252
5.71427252
4.96133333
4.01708843
4.80723333
4.75590625
4.92856667
5.60554273
4.48120092
4.90386788
4.82584742
4.62715935
4.86253333
4.00625815
3.78026945
5.62715935
3.99299654
4.89953333
4.81482865
5.62715935
4.38484988
4.38484988
5.23046036
4.38484988
3.91464581
4.77390000
5.32461894
5.32461894
3.71201793
5.32461894
4.34882217
4.81603333
4.34882217
4.39769053
4.85156667
4.75202086
5.37404157
5.24586796
5.24586796
4.92933333
4.92933333
5.39002309
4.90830000
5.39002309
4.25858322
3.69502288
4.22812588
3.85068634
3.85068634
5.60258661
4.18339852
3.86449370
4.20026076
3.81305444
3.84555047
3.75471534
5.51796767
4.28723504
5.55187067
3.86021104
5.55704388
4.85267275
4.85267275
4.55695150
4.85223333
5.34170901
4.28283355
5.26345067
4.96513333
5.24437389
5.43344111
3.94002608
3.84259018
4.87310000
3.88518036
3.88518036
5.38946882
4.55261929
5.38946882
4.46857783
3.91698571
3.95871360
4.32738818
3.72350360
4.77861799
4.79753333
4.10186875
5.06076667
5.51199925
4.76473333
3.79973924
5.42725173
3.74264637
3.74264637
4.84312261
4.82077358
5.12750000
4.61376443
4.88840000
4.88840000
3.79269773
5.61376443
5.12793333
3.84398088
3.84398088
4.82803333
4.83833333
4.83833333
4.97853107
3.82868318
5.49598152
5.56193995
4.23718368
3.87509778
5.56193995
4.82396667
4.77796667
3.82920469
5.49016166
5.17896667
3.87979140
4.00860495
4.55935335
3.79148196
3.71211131
4.88333333
5.07216667
4.75080000
3.73396209
4.44327201
5.19180129
5.37230367
4.75993333
5.43362587
4.74016667
4.41718245
4.97406667
4.22694481
4.20347371
4.80426667
4.94359884
5.36633333
4.82196667
5.46743649
5.46743649
3.82061817
4.13237723
4.10561210
5.17833333
5.10561210
5.12246849
4.36979215
4.80455691
5.36979215
4.85170000
5.63750577
5.63750577
4.98826667
4.44683603
4.19964516
5.44683603
3.87076291
4.74611039
4.91230000
4.87000000
5.09020000
4.83010000
4.79380000
5.47519630
4.14298131
5.47519630
4.18096480
4.60397229
4.91643333
5.33653580
3.70127930
5.33653580
5.33653580
5.17219161
4.80466667
5.05693177
4.78703333
4.79213333
4.79213333
4.92846667
5.47224018
4.63589744
5.41163972
4.75623333
3.89989728
4.48144285
3.93489787
5.67842956
5.67842956
4.89670000
5.06265758
5.65025404
4.34402434
5.07063333
4.38724437
4.34632794
4.36258661
4.28499393
3.82381573
3.77290130
5.36258661
4.05528061
5.51270208
5.34762125
3.93276683
3.93276683
4.55697523
4.04545850
3.78737511
5.46143187
4.92813333
5.48304850
5.48304850
4.81929596
5.00170000
4.91520000
4.94133333
5.67177829
3.83181226
4.86546667
4.78676667
4.86562364
4.86562364
5.66318707
3.78644131
4.84063333
5.59547344
5.59547344
4.70669746
5.08410000
5.58748370
3.72994677
3.78383312
4.15809133
4.15809133
3.98870109
4.92420000
5.49136259
3.81230740
3.86049544
4.93243333
4.13222523
3.80034767
5.49136259
5.27266406
3.86319918
5.62919169
5.62919169
4.97905259
5.00876667
4.26788353
3.89239461
3.89239461
5.57163972
4.86776667
5.57163972
3.82025206
3.87753151
4.45515012
4.28761408
3.99421048
5.53653580
5.43384069
5.43937419
5.05453333
5.43937419
4.73610981
4.59833718
4.43648961
5.43815242
4.74410000
3.77486227
5.38429561
4.73090000
4.85580183
4.21066393
5.63476749
5.64366421
4.32960739
4.82127183
4.14212345
5.32960739
5.32960739
4.56001738
5.32960739
4.39947708
3.82640769
3.96236419
4.90600000
3.90578018
5.49284065
5.75706215
5.15560000
4.06518905
5.02689327
4.95650000
5.52905312
5.31156667
4.94813333
5.52905312
4.06695303
5.21310000
5.56055427
5.28248588
5.59390300
4.82972621
3.85236717
5.59390300
4.90890000
4.70734411
4.70734411
4.86145154
3.94124294
4.32959583
4.02981312
3.80203567
5.54549654
4.84580000
3.77813054
5.06820000
4.40782269
4.31247284
5.54549654
4.85516667
4.73825754
5.02810000
4.76665127
3.82303346
3.90624708
3.73545616
3.79548023
5.52545035
5.33393333
4.73676347
3.74077878
3.93055193
5.09133333
5.25693177
4.65234849
4.07674924
5.55270208
4.09361147
4.43002309
4.49431871
5.45046223
5.06213333
5.45046223
5.45371578
3.75471534
5.39242494
5.39242494
5.39242494
3.72172939
4.90490000
4.72331684
5.36009238
5.65006519
4.13596041
5.39168591
4.12914371
4.40249423
4.89086667
5.12914371
4.85390000
3.72863972
4.67149127
5.43076212
4.79843546
4.87256667
5.18563825
5.41903002
4.48370529
5.46891455
3.85563545
5.42346420
3.88458306
4.54828336
4.54828336
5.00303333
5.48988453
3.97661886
4.88020000
3.81613596
3.86345067
3.84013447
5.21981511
4.05528031
3.74098218
3.68531142
5.38799076
4.78166015
5.09970000
4.78166015
4.78166015
4.97773333
4.78166015
4.85893764
4.14837987
4.84116164
4.96476667
4.74616667
4.74616667
4.74616667
5.35325635
4.79740000
4.85273333
3.81686223
5.37200924
4.69378531
4.75861432
4.85403333
4.84060136
4.44369515
5.44369515
3.97002521
5.44369515
4.12411995
5.61404157
4.88246667
4.01077792
5.01077792
3.77270752
4.75973333
4.90156667
4.89420000
4.78687527
4.46789838
4.17592351
4.88236667
4.87253333
4.89933701
3.74544775
4.79064338
4.44249423
5.44249423
4.94941330
5.63122402
3.76739191
5.63122402
3.90786615
4.86333333
5.41357968
4.85884398
5.41357968
5.85884398
4.43556582
4.97530000
4.65071594
4.84293585
5.47510393
4.78812214
4.78933333
4.84259018
3.91866654
4.91856667
5.46337182
5.46337182
4.23867884
4.05980009
4.26136462
5.46337182
5.17070000
4.93043235
5.36184758
4.06301608
4.49830508
3.79419180
4.84823990
3.72163601
4.88366667
5.59704388
4.82910000
3.95245545
4.84703333
4.82400000
3.82444673
3.81165375
4.80463333
4.50943068
4.16901671
4.62703173
4.63087123
4.62703173
4.62703173
5.46789838
5.46789838
4.86463333
5.46789838
4.03250761
5.46789838
4.89546667
4.03025493
5.47353349
4.92996667
3.92490222
4.93576667
4.49792148
3.81868753
5.64933025
3.80112994
4.81590000
4.18367728
5.05160000
3.78560090
4.84024337
4.88660000
4.88660000
5.49478060
5.07030000
4.50743649
4.36705780
5.39359417
5.38023095
5.38023095
4.74746667
3.81712299
6.07918573
4.73776667
4.35949587
5.42272517
3.99730552
3.96162107
4.84070000
4.84070000
5.58069284
5.28283355
5.24106667
3.93455020
5.53062356
4.80875899
4.98392610
4.56203233
4.79710000
3.90195567
4.79710000
3.87627229
4.87627229
4.31551499
4.31551499
4.84363333
3.90578010
3.86889532
5.46207852
4.11448315
4.11448315
4.53571762
4.92212082
5.51408776
4.93780932
4.82653333
4.94110000
3.95054324
5.06854048
6.03870670
6.03870670
4.66143187
5.03607127
4.86806667
5.00140069
4.83690000
4.95601912
4.58035297
5.50327945
4.82533333
3.86014776
5.50327945
4.24409375
4.36036506
5.37986143
4.38678984
4.23092726
4.23092726
4.75856667
5.38678984
4.25277804
4.27005650
4.72621160
3.87205563
5.47473441
4.76841909
4.81920904
4.67301173
5.37505774
5.29482834
5.29482834
5.02770000
4.82547390
4.24980443
4.89153333
4.24980443
4.89153333
4.36931553
3.89126467
3.81678962
4.72640000
3.72341022
5.38198614
3.80295524
5.60378753
4.80295524
5.60360277
4.98571295
5.21095176
4.14289439
4.48803695
5.11504342
4.03998262
4.00448221
5.03998262
3.89830508
4.66910039
4.43650587
4.96286667
4.45441113
3.87501086
3.71911476
3.81146699
4.55334873
5.35853977
4.78943333
3.76337660
4.91456667
4.84485007
4.84485007
3.88122140
3.92385919
4.91663333
5.60120092
4.93276667
5.60120092
5.06960000
4.80072836
4.87356667
5.10063333
4.84963333
5.71473441
5.71473441
4.85606258
5.38503464
3.88962555
4.38614319
3.85806171
4.80250000
4.76463333
5.36600462
5.58540416
5.57687962
5.58540416
4.44055427
5.08176667
3.83268144
3.83268144
4.79080000
5.38148631
3.73828770
5.13689420
5.53561201
4.86011766
4.76531943
3.86123821
5.15656667
5.56711316
5.23877113
5.41838337
4.58392610
4.36683603
4.93939677
4.35754972
4.35754972
4.92436667
4.35754972
5.36683603
3.95881968
4.37995381
4.89691439
4.05580183
4.76290000
5.37662818
3.96584094
3.96584094
3.83331777
3.88848327
5.37662818
4.85740000
3.79437856
4.47701000
4.81983333
4.81338548
4.84189483
3.91474461
4.82294654
4.99036667
5.39011547
3.84265571
3.81744327
4.79056667
4.33350717
5.37330254
3.93724468
4.31674293
5.37043880
3.80343636
4.29595828
4.55325635
5.27108040
4.82016667
5.19678401
5.42466513
4.78443333
4.86116667
4.86116667
5.49575124
4.45976905
4.40461894
5.40461894
4.40625815
5.40461894
4.93276683
4.88179053
3.95880052
3.94558887
4.85896667
4.74180596
5.11383333
4.48152977
3.88352890
4.76370000
5.43076212
5.43076212
5.43076212
3.85843683
4.20814268
5.23033464
4.38956120
4.78433333
3.86039780
4.76510000
5.38956120
3.88631030
3.87580540
5.33093660
5.33093660
3.79120366
3.79587263
3.79587263
4.98842095
4.98842095
4.48900478
5.68295612
4.83376667
5.68295612
4.75486667
3.74843590
4.40869187
5.47824480
5.47824480
3.94428509
4.94428509
3.84041460
5.43048499
4.82546667
4.90139135
4.84156667
4.77853333
5.54263279
4.82059974
4.52142547
3.73088057
4.91186667
3.83598435
5.51916859
4.83007388
5.03463333
5.45310734
4.99776667
5.44747409
5.00364180
4.80676667
5.41219400
3.81791017
3.86710126
4.13502661
4.85743333
3.92118779
5.31814362
4.36886836
4.31560191
5.49163972
4.04563233
4.01668840
5.04150000
3.94967405
4.50359511
3.75992156
5.41154734
5.41154734
4.37235984
4.36016435
5.04827715
5.41154734
4.03828555
4.07057801
4.07057801
4.85049958
3.90838766
4.94096667
3.82715473
4.64554273
4.86706667
5.64554273
5.64554273
4.85046667
5.52138568
4.84788496
5.24297320
5.98558891
5.98558891
4.51769540
4.53348730
5.27903333
5.57551963
4.85980009
5.45681293
4.81184051
4.81184051
3.90682312
4.42764016
4.42188813
4.87440000
4.92463333
4.47325635
5.50226328
3.78539765
3.72546456
4.73146667
4.42124711
4.77096914
4.71640676
4.91020000
4.06844710
4.84771838
4.84771838
4.89063333
5.26075619
5.21129944
4.92146667
5.21129944
4.92473333
4.92473333
4.21738724
3.82556728
5.40822171
4.17140374
4.17140374
4.88846667
3.82192548
4.95410691
4.03833116
4.03833116
4.75666667
5.40517321
3.83980878
3.79036325
3.85815669
3.98123074
4.15146139
4.94550000
5.58069284
5.58069284
3.78868242
4.84483333
4.89550845
4.89550845
4.96679704
5.17493333
4.96679704
3.90212951
4.92220000
4.20956106
4.15097784
3.86609394
5.44545035
5.01430000
4.90664928
5.44545035
4.76430000
4.23129074
4.20945000
4.80103333
3.92230834
5.48692841
5.75297921
5.28187744
5.05110000
5.75353349
3.77803717
5.52785219
5.00660000
4.37557584
4.37557584
3.90525858
5.42032333
3.89083948
3.74871603
5.68341801
5.68341801
4.90786667
4.93949015
5.68812933
4.58808314
4.44905312
4.44905312
4.97363333
5.21433333
5.32073012
5.12660000
5.08656270
3.94906562
4.87822686
5.29990000
5.36740548
4.92243333
4.90813333
5.43002309
5.03853333
4.79409842
4.77774880
4.81260000
5.30612777
5.28742179
4.73496667
4.12264233
4.82176667
3.76346998
3.81842677
3.78392007
4.97346667
4.40221709
5.55381062
4.25762712
4.25762712
4.75396667
3.74301989
4.75908115
4.80406667
4.36088657
5.36088657
5.35213372
4.40711316
3.89196002
3.89196002
3.84835185
4.89971052
5.42180139
4.77176667
4.72233333
5.42180139
4.74283313
5.42868318
5.59269883
5.01533333
4.75523685
4.45145497
4.45145497
4.01680829
3.82668405
4.89283333
4.21103868
4.18993370
5.60933025
4.19800087
3.92268186
5.49487298
5.49487298
5.49487298
3.73312167
5.46318707
5.46318707
3.88405041
3.67074423
4.67074423
4.81263333
5.45080831
4.77122047
5.45080831
3.70286675
4.72156667
4.72156667
5.45080831
3.92931179
4.03372447
5.49053118
4.66196657
4.76523333
4.70099916
4.91206667
4.50974596
5.09274229
4.55390300
4.90140000
5.55390300
3.88869175
4.84960000
3.87785974
4.85413333
4.78963333
5.58697460
5.58697460
4.99463333
5.00625642
5.58697460
5.58697460
4.85275967
5.11453333
3.96208796
3.81164711
5.54549654
4.61086484
4.41718245
4.98504998
4.82000000
3.86562704
5.41718245
4.77003333
3.86133159
5.61256351
4.30525858
4.30525858
4.80586667
3.90260529
5.51187067
5.31048651
5.23730000
4.20235316
4.20235316
4.22894394
5.20478103
5.32136667
5.55722864
4.87150000
5.42394248
5.43294220
3.74087216
5.49413395
3.74087216
3.90212951
3.83937419
4.23895789
5.49413395
4.40175520
4.40175520
4.80721425
3.72443739
4.76940000
4.96079965
4.91259688
4.39279446
4.39279446
4.87225698
5.39279446
4.88536667
5.55722864
4.36610169
4.94123333
5.37413395
3.90604085
4.76480000
3.90604085
4.92976967
4.72760000
3.92034737
3.85750303
5.37583659
4.51722864
5.51658199
4.35654063
4.33775329
5.04240000
5.33775329
5.35654063
5.36653629
5.25263333
4.07353325
4.07353325
4.07353325
3.94654498
5.55353349
4.12690261
4.85783333
4.12176674
4.17262060
4.89093333
5.07461014
5.48979215
5.03176667
4.37551963
5.06000000
5.82771501
5.05705481
5.09526293
5.39648961
5.25529928
5.27979140
4.40267898
5.08405041
5.40267898
5.07996523
4.80903913
5.57903002
4.88263333
4.42048744
5.42048744
4.94453333
4.65025404
4.83346667
4.45274827
5.16227727
3.89830983
4.82896667
4.82896667
4.94732725
4.48874778
4.03424598
3.73050705
5.66799076
4.19287266
5.38504998
4.52997691
4.68526559
4.68526559
4.41450346
4.88778792
4.83503333
4.19382877
3.83499860
5.46013857
4.83499860
4.83499860
4.88005215
4.83499860
5.44815298
4.22225120
3.78956975
5.34993072
3.76262956
4.40933025
4.97670578
5.93332711
4.30955271
4.30955271
5.30955271
4.53709007
5.34863741
3.79848725
4.83789336
4.88413733
4.75353333
3.94247829
5.35963048
4.16914385
5.41293303
4.76113549
5.34983834
4.95620506
4.23859192
5.21869456
4.95720000
3.86640591
3.82720556
4.77403333
4.77403333
5.40073903
4.04737071
5.56526559
3.73629657
4.78956975
4.46281755
4.80403333
3.87122981
5.46281755
5.35085450
5.28293958
3.77672985
5.47833718
3.79443720
3.84881875
5.53515012
4.94990000
4.88556667
5.53515012
4.38878748
5.38005416
5.71584296
4.93946667
4.77470000
4.20347371
5.63833718
5.63833718
4.20347371
4.61807910
4.92130000
5.01363339
4.85243333
4.85243333
4.50254042
4.43177829
4.89250000
4.90710000
4.89662900
3.90288542
3.81521078
4.21147327
4.18956018
4.21147327
5.48646651
5.52840647
5.52840647
4.13741851
5.52166282
3.82094741
3.82094741
4.16531943
4.13997572
5.52166282
5.55750577
4.99063333
4.91870000
4.60618938
4.60618938
4.60618938
3.90297880
3.85993090
5.60618938
5.10122327
5.72655367
5.72655367
4.55103926
3.88109518
5.55103926
5.52110855
4.74554113
4.53959148
4.81650000
5.15210778
3.92594524
4.89163333
5.49237875
3.81147327
4.93930339
4.82713333
4.78350000
4.02082361
4.02082361
4.02082361
4.05441113
4.02082361
3.78121206
4.81066667
4.89265537
4.07240330
5.07240330
4.93400000
4.48137081
5.48309431
5.03566667
3.82390265
4.65976905
4.82390265
3.89252031
4.92773333
4.86743333
4.98817905
5.04276667
4.87596697
4.87596697
5.54392610
4.97661886
3.82746632
5.54115473
3.77000654
5.54115473
3.82103433
5.51094688
3.84032123
5.25102130
3.83833116
3.87365767
3.81847045
3.86614515
3.90157811
4.05350640
4.84453333
3.91255976
3.81164711
5.21434159
5.19254832
4.64591224
5.42442416
4.99030000
4.45475880
4.90890000
5.62050808
4.84963333
4.56924083
5.07996523
4.61121252
5.11630000
4.89933333
4.01316650
4.69163972
5.12533681
5.09898216
4.46418900
4.46418900
3.89457466
5.65247113
4.81875289
5.27700000
5.81875289
4.13046502
4.82080000
3.77383746
5.07906667
5.09536667
5.70996358
5.32930000
5.41163972
5.39926097
3.72837897
4.87066493
4.84870000
5.40120092
3.74680574
4.72133333
4.72133333
4.77583333
4.78766667
4.91480000
5.42069284
4.75450556
4.80469361
5.39787529
4.81656667
3.75049024
5.18778597
4.22224297
3.87440243
4.97880000
4.84853861
5.33383136
4.85293333
5.77302540
3.78861365
5.77302540
3.79913081
3.74852927
5.05056667
5.05056667
4.49808572
3.70361378
4.26423294
3.84789222
4.49311778
5.10793333
4.81836667
4.96646667
4.88533010
4.79250000
4.88533010
4.91963333
4.78392007
3.81660148
4.75883333
5.06773333
3.74311327
3.89865276
3.87440471
4.96630000
3.77635811
4.92430000
4.92430000
4.47353349
3.86397219
3.81576244
5.47353349
4.74126667
5.47353349
5.47353349
4.01111215
5.38892520
5.39747936
4.01112560
5.22094741
4.32318611
4.64720554
5.32318611
5.05850000
5.32318611
4.64720554
5.05850000
4.64720554
4.09847892
5.38350920
5.08180000
4.84337245
4.75490000
5.38642032
4.28839635
5.53773672
4.72677187
4.89263333
5.24276402
4.81729683
4.89490000
4.89490000
4.75373333
3.79540573
4.80362312
4.83666667
5.07896667
3.83873378
3.96375489
3.94080834
5.44831409
5.44831409
4.85840000
4.85840000
5.59769053
5.59769053
5.59769053
4.94513333
4.87290000
3.90269866
3.90269866
4.82042590
4.82042590
5.39501155
3.94303857
4.96175576
4.86766667
5.44360277
5.01286667
3.72891960
4.73646667
3.94776184
3.94776184
5.38143187
4.77830000
3.82584742
5.80055427
3.92385919
4.77592351
5.06590000
4.88283333
3.91493137
3.94428509
3.90241853
4.31039313
5.50993072
5.09040000
3.85910474
4.27066493
5.09080000
4.91316667
4.60739030
4.60739030
4.60739030
4.80896667
4.84136667
4.34737137
4.00764885
5.03943333
4.32710804
4.92046936
4.56427640
4.56699972
4.32542721
5.88923788
4.98487614
4.87383333
4.54651270
4.93350000
4.98783138
4.56401565
3.84172099
3.84172099
4.82720000
4.59530639
5.60033617
5.09990000
5.52332564
4.95601830
5.46346420
3.93767927
4.82720000
5.48877598
3.77532916
4.82737940
5.45071594
5.45071594
5.45071594
5.45071594
4.82494568
4.77271454
4.77271454
4.95630000
5.26162538
4.98260000
4.50466513
5.26162538
5.26162538
4.79956667
4.71024372
4.56969977
4.76679704
3.91603651
3.87057615
5.99473441
4.15419383
4.78693333
4.69941171
5.41376412
3.83602577
5.52655889
4.92050000
4.81380148
4.70272517
4.93116037
4.88925203
3.88917862
4.02868318
4.84100000
5.06163333
4.83730000
4.83730000
5.08717949
5.05826875
5.40775982
