15.10000000
6.00000000
10.00000000
14.00000000
9.16666667
4.50000000
8.00000000
7.00000000
7.00000000
7.50000000
13.00000000
8.00000000
10.00000000
4.00000000
4.00000000
5.00000000
10.00000000
7.00000000
5.50000000
6.50000000
11.28571429
5.00000000
4.00000000
8.26000000
3.00000000
6.00000000
4.00000000
3.50000000
9.00000000
5.50000000
7.83333333
4.66666667
3.00000000
6.00000000
6.00000000
8.50000000
8.66666667
9.00000000
11.50000000
6.66666667
8.00000000
3.00000000
6.20000000
9.00000000
6.50000000
3.00000000
5.50000000
4.50000000
6.00000000
8.50000000
8.00000000
7.00000000
2.00000000
7.00000000
5.00000000
4.00000000
9.50000000
7.22222222
3.00000000
6.77777778
7.00000000
9.00000000
5.00000000
11.50000000
4.66666667
5.00000000
7.00000000
6.00000000
6.50000000
5.00000000
4.00000000
5.92857143
6.00000000
1.45454545
5.66666667
6.50000000
4.00000000
7.00000000
3.00000000
3.40000000
3.50000000
6.00000000
5.50000000
5.00000000
10.00000000
4.50000000
6.00000000
5.00000000
8.00000000
4.00000000
9.00000000
7.00000000
6.00000000
2.00000000
2.66666667
8.00000000
9.00000000
7.00000000
6.77777778
1.57142857
7.20000000
6.00000000
11.00000000
6.80000000
1.50000000
3.50000000
5.66666667
5.50000000
5.00000000
6.00000000
4.00000000
4.50000000
6.50000000
6.41176471
7.00000000
3.42857143
5.60000000
4.00000000
7.50000000
11.00000000
10.50000000
4.50000000
7.00000000
7.50000000
6.00000000
6.30000000
5.00000000
6.00000000
7.00000000
4.00000000
5.00000000
6.85714286
7.00000000
5.25000000
7.00000000
5.00000000
2.33333333
2.00000000
5.00000000
7.00000000
6.00000000
5.00000000
7.00000000
7.00000000
4.50000000
5.40000000
6.00000000
9.00000000
6.00000000
5.00000000
1.00000000
3.66666667
6.00000000
4.00000000
5.00000000
5.00000000
5.00000000
7.00000000
5.00000000
6.00000000
6.00000000
3.00000000
2.00000000
7.00000000
7.50000000
6.31250000
5.60000000
4.00000000
9.00000000
6.66666667
4.00000000
4.50000000
5.00000000
5.00000000
3.50000000
8.00000000
6.50000000
4.73333333
6.00000000
4.00000000
4.00000000
4.41161616
7.00000000
4.25000000
5.00000000
8.00000000
4.00000000
5.00000000
4.00000000
4.50000000
8.00000000
7.00000000
5.00000000
3.07142857
6.66666667
5.50000000
5.50000000
4.00000000
6.00000000
6.00000000
4.50000000
4.00000000
5.00000000
5.00000000
6.50000000
8.00000000
7.40000000
5.50000000
6.50000000
4.00000000
4.00000000
3.00000000
6.00000000
3.00000000
2.81818182
3.00000000
4.00000000
4.00000000
8.00000000
5.07142857
3.00000000
9.00000000
7.50000000
4.00000000
4.79411765
5.50000000
6.50000000
9.00000000
2.00000000
4.14285714
5.00000000
6.00000000
7.00000000
10.00000000
4.00000000
7.00000000
5.00000000
6.00000000
6.00000000
4.00000000
3.76923077
5.00000000
4.66666667
2.00000000
4.50000000
4.50000000
3.00000000
3.00000000
10.50000000
5.00000000
5.37500000
6.50000000
4.17187500
5.00000000
5.50000000
3.00000000
6.00000000
3.57142857
6.00000000
6.00000000
4.00000000
4.40000000
5.00000000
6.00000000
8.00000000
5.00000000
2.50000000
6.00000000
6.00000000
3.00000000
5.00000000
3.00000000
3.00000000
5.00000000
5.00000000
5.00000000
5.46666667
5.00000000
7.00000000
5.00000000
5.66666667
2.50000000
5.66666667
6.50000000
3.00000000
3.00000000
5.50000000
4.50000000
5.85714286
3.50000000
7.00000000
7.00000000
4.79310345
3.57142857
5.00000000
5.00000000
5.50000000
7.00000000
5.50000000
5.00000000
5.00000000
5.66666667
3.00000000
6.00000000
3.00000000
6.00000000
3.66666667
7.00000000
4.42692308
5.44444444
5.20000000
4.69230769
2.80000000
5.00000000
4.00000000
4.00000000
8.00000000
4.00000000
7.91304348
4.00000000
4.42857143
3.00000000
6.00000000
5.70000000
4.00000000
7.70000000
8.00000000
4.95238095
3.00000000
8.00000000
6.33333333
6.00000000
4.66666667
2.00000000
6.00000000
2.00000000
3.75000000
5.00000000
5.50000000
5.00000000
5.50000000
3.75000000
3.71052632
4.00000000
7.00000000
5.00000000
5.75000000
6.43750000
2.50000000
6.66666667
3.42857143
5.00000000
4.00000000
3.00000000
7.50000000
3.50000000
3.00000000
3.00000000
5.50000000
10.00000000
4.00000000
6.00000000
5.00000000
4.00000000
6.00000000
5.50000000
4.00000000
4.50000000
4.34146341
6.00000000
6.25000000
4.50000000
3.75000000
5.50000000
8.00000000
4.00000000
2.91666667
6.00000000
4.50000000
6.50000000
7.00000000
4.75000000
4.00000000
4.00000000
4.00000000
3.50000000
4.92307692
5.66666667
5.00000000
7.66666667
5.00000000
8.00000000
5.00000000
4.81818182
1.50000000
5.50000000
5.46153846
6.00000000
4.50000000
4.00000000
3.50000000
4.00000000
6.00000000
2.85714286
6.50000000
5.30000000
3.00000000
6.00000000
5.00000000
5.00000000
6.00000000
8.00000000
6.50000000
4.00000000
5.00000000
7.00000000
3.00000000
4.50000000
4.40000000
5.50000000
5.00000000
10.00000000
1.25000000
6.00000000
9.00000000
5.66666667
5.00000000
9.00000000
5.00000000
4.00000000
4.00000000
11.50000000
4.50000000
4.50000000
4.00000000
2.50000000
8.00000000
6.00000000
6.00000000
4.66666667
4.94520548
5.00000000
6.00000000
7.00000000
4.00000000
5.50000000
5.60000000
7.16666667
4.00000000
4.00000000
4.50000000
4.00000000
3.50000000
2.00000000
5.20000000
5.00000000
6.00000000
9.00000000
5.00000000
6.00000000
2.00000000
7.75000000
2.00000000
4.57142857
4.66666667
6.50000000
6.00000000
4.37753510
3.85714286
4.50000000
6.37500000
6.25000000
5.00000000
5.00000000
3.50000000
6.91666667
4.00000000
4.00000000
5.00000000
5.00000000
8.00000000
2.00000000
4.00000000
7.00000000
2.66666667
10.00000000
6.00000000
9.00000000
8.00000000
4.00000000
4.57142857
5.00000000
3.00000000
3.00000000
3.00000000
5.60000000
4.00000000
4.00000000
4.49270483
7.76923077
3.41666667
7.00000000
4.00000000
4.21875000
6.90000000
6.50000000
4.50000000
4.00000000
4.00000000
3.59375000
5.00000000
3.00000000
6.50000000
3.76865672
7.50000000
8.25000000
4.40000000
6.50000000
2.00000000
2.00000000
3.50000000
3.00000000
7.00000000
4.00000000
2.00000000
6.50000000
5.00000000
5.00000000
5.50000000
4.00000000
4.50000000
5.00000000
3.00000000
5.00000000
3.00000000
3.50000000
5.66666667
3.50000000
3.02272727
3.81250000
4.50000000
5.50000000
5.42857143
7.00000000
4.75000000
6.00000000
7.16666667
3.00000000
7.00000000
3.50000000
5.00000000
4.00000000
5.50000000
2.00000000
6.00000000
3.50000000
4.00000000
3.50000000
3.50000000
4.00000000
4.11764706
4.50000000
8.50000000
4.91666667
6.33333333
4.00000000
2.00000000
7.60000000
6.00000000
7.00000000
4.00000000
6.00000000
8.66666667
2.50000000
3.00000000
8.00000000
5.33333333
4.00000000
6.00000000
4.00000000
4.00000000
3.00000000
6.00000000
3.50000000
9.00000000
9.00000000
2.75000000
4.75000000
6.00000000
3.00000000
1.75000000
7.66666667
4.00000000
6.00000000
3.42857143
5.25000000
1.00000000
5.50000000
6.25000000
5.00000000
3.33333333
5.00000000
4.50000000
5.50000000
2.33333333
3.66666667
4.00000000
6.00000000
5.00000000
4.00000000
2.36363636
4.00000000
4.66666667
3.00000000
2.70000000
7.00000000
7.00000000
6.00000000
5.66666667
5.50000000
1.50000000
4.62264151
3.00000000
3.00000000
5.40000000
2.00000000
4.00000000
4.00000000
2.00000000
4.00000000
7.00000000
7.00000000
6.66666667
5.75000000
7.00000000
5.00000000
4.50000000
8.00000000
7.00000000
6.00000000
6.00000000
6.00000000
2.18750000
3.40000000
5.40625000
5.00000000
3.00000000
3.00000000
3.00000000
4.00000000
2.00000000
5.50000000
3.00000000
5.00000000
4.42857143
4.20000000
5.00000000
5.00000000
3.80000000
5.66666667
2.00000000
6.00000000
5.00000000
7.00000000
6.00000000
4.00000000
3.56250000
7.50000000
4.00000000
5.00000000
6.00000000
5.00000000
7.50000000
3.33333333
7.00000000
7.00000000
6.00000000
6.00000000
6.00000000
5.33333333
6.14285714
5.00000000
2.00000000
7.80000000
4.50000000
5.50000000
3.50000000
3.07692308
4.71428571
7.50000000
3.50000000
3.00000000
3.00000000
6.00000000
4.50000000
9.00000000
5.00000000
4.91666667
7.50000000
5.00000000
3.00000000
4.00000000
4.50000000
6.50000000
5.00000000
5.50000000
5.66666667
6.42857143
5.57434402
5.10000000
7.00000000
7.77777778
6.00000000
4.00000000
5.00000000
7.00000000
7.00000000
7.33333333
7.50000000
7.75000000
4.00000000
4.00000000
5.50000000
4.00000000
3.00000000
4.00000000
5.00000000
6.00000000
5.00000000
5.00000000
4.00000000
3.71428571
6.00000000
7.00000000
5.00000000
6.50000000
4.00000000
5.44444444
4.50000000
5.00000000
4.50000000
3.00000000
3.28571429
6.00000000
7.00000000
6.50000000
4.00000000
6.00000000
5.00000000
4.66666667
2.00000000
3.50000000
4.00000000
4.66666667
6.00000000
3.00000000
4.50000000
4.50000000
7.00000000
2.57142857
5.20000000
6.50000000
6.00000000
6.00000000
3.47593583
4.42857143
3.16224649
3.00000000
3.00000000
5.23076923
6.00000000
4.00000000
3.00000000
2.40000000
5.00000000
5.14285714
2.40000000
7.00000000
9.00000000
1.50000000
3.80000000
2.66666667
6.50000000
5.00000000
5.00000000
5.00000000
4.00000000
3.05263158
8.50000000
4.00000000
4.00000000
3.00000000
4.88888889
6.00000000
7.00000000
5.44444444
5.00000000
5.00000000
8.00000000
4.33333333
7.00000000
7.57142857
4.33333333
4.36842105
7.00000000
4.00000000
4.50000000
3.00000000
5.00000000
5.80000000
7.00000000
6.00000000
10.00000000
5.00000000
4.00000000
2.50000000
1.00000000
4.00000000
1.00000000
2.00000000
5.22222222
4.00000000
5.00000000
5.50000000
3.00000000
5.50000000
4.00000000
6.00000000
5.50000000
4.66666667
4.00000000
4.00000000
4.50000000
4.25000000
6.00000000
2.75000000
9.50000000
3.05263158
6.00000000
6.00000000
4.00000000
4.66666667
5.50000000
5.75000000
5.00000000
7.00000000
4.02127660
5.00000000
8.40000000
4.00000000
7.25000000
4.92857143
6.93333333
4.00000000
3.00000000
4.00000000
6.00000000
9.00000000
4.00000000
3.50000000
3.50000000
3.50000000
3.00000000
5.00000000
3.50000000
2.00000000
1.50000000
6.00000000
3.00000000
4.10256410
2.00000000
4.00000000
3.71428571
5.00000000
8.50000000
3.00000000
3.50000000
4.00000000
6.00000000
2.50000000
5.00000000
3.00000000
4.00000000
3.00000000
3.95833333
2.50000000
5.25000000
2.33333333
4.50000000
8.83333333
5.50000000
7.90000000
7.50000000
2.00000000
3.00000000
9.00000000
1.00000000
3.00000000
2.00000000
6.50000000
4.00000000
4.00000000
4.36619718
4.52631579
4.00000000
3.00000000
2.00000000
3.50000000
5.00000000
4.50000000
6.00000000
6.00000000
6.00000000
6.00000000
4.00000000
2.14285714
4.40000000
3.00000000
5.00000000
7.00000000
6.20000000
4.50000000
4.50000000
5.50000000
3.33333333
6.00000000
5.50000000
6.00000000
3.51351351
6.57142857
4.66666667
6.00000000
7.00000000
2.75000000
4.66666667
5.50000000
6.00000000
7.00000000
5.50000000
4.00000000
3.00000000
4.75000000
4.00000000
4.51351351
1.00000000
5.50000000
5.80000000
5.00000000
7.50000000
4.50000000
3.00000000
5.00000000
4.40000000
4.57142857
3.00000000
3.80000000
5.00000000
4.50000000
3.50000000
6.00000000
3.50000000
2.25000000
5.00000000
3.00000000
4.00000000
3.00000000
5.00000000
5.25000000
4.00000000
7.00000000
2.00000000
3.18518519
4.50000000
6.00000000
8.00000000
4.46153846
3.20000000
3.00000000
2.33333333
2.50000000
4.00000000
5.00000000
2.50000000
4.00000000
8.70000000
3.60000000
3.00000000
4.36363636
2.00000000
8.00000000
3.50000000
3.00000000
6.00000000
5.00000000
6.00000000
4.00000000
5.50000000
4.25000000
4.00000000
2.50000000
4.00000000
6.50000000
8.00000000
8.50000000
3.00000000
5.00000000
4.00000000
4.00000000
5.50000000
5.00000000
6.50000000
7.00000000
2.75000000
4.42857143
4.50000000
1.81818182
6.00000000
4.37790698
4.50000000
5.50000000
4.00000000
5.00000000
5.00000000
4.00000000
2.75000000
3.00000000
6.00000000
4.00000000
4.00000000
5.57142857
3.50000000
4.50000000
3.00000000
4.37500000
5.25000000
3.00000000
6.00000000
3.80000000
6.75000000
6.00000000
6.00000000
6.50000000
4.00000000
5.00000000
6.00000000
6.00000000
4.00000000
5.00000000
6.00000000
4.00000000
6.00000000
4.25000000
2.31818182
6.00000000
6.00000000
5.00000000
4.00000000
5.00000000
2.33333333
5.00000000
4.00000000
5.75000000
3.00000000
2.50000000
3.00000000
4.00000000
4.50000000
6.00000000
7.00000000
3.00000000
7.00000000
5.00000000
5.00000000
2.50000000
8.00000000
2.00000000
4.44827586
4.98127925
6.77777778
3.66666667
5.77777778
4.50000000
3.00000000
4.00000000
4.00000000
4.00000000
2.44444444
5.30000000
4.00000000
3.00000000
4.50000000
6.00000000
4.00000000
4.50000000
4.00000000
3.66666667
4.24796748
5.00000000
6.00000000
4.00000000
3.17142857
2.00000000
4.00000000
4.00000000
4.00000000
6.00000000
8.00000000
3.00000000
5.00000000
3.33333333
3.66666667
6.00000000
6.00000000
6.33333333
6.00000000
5.20000000
5.66666667
3.27777778
6.00000000
5.00000000
5.00000000
3.13793103
5.50000000
5.00000000
7.50000000
2.00000000
3.50000000
6.14285714
2.50000000
6.50000000
5.00000000
3.78947368
8.00000000
3.57142857
4.50000000
6.00000000
2.50000000
3.00000000
2.00000000
4.00000000
4.00000000
5.00000000
5.50000000
6.00000000
8.00000000
5.50000000
4.33333333
6.00000000
3.00000000
4.00000000
2.00000000
2.50000000
5.00000000
4.00000000
5.00000000
4.00000000
4.00000000
2.00000000
5.70000000
7.00000000
7.50000000
5.00000000
2.00000000
4.00000000
4.00000000
4.00000000
2.17647059
2.60000000
5.50000000
1.00000000
3.91666667
5.50000000
4.00000000
5.00000000
2.50000000
3.00000000
2.00000000
4.40000000
5.92307692
4.35714286
7.50000000
6.00000000
5.50000000
4.00000000
2.00000000
4.00000000
6.00000000
9.50000000
4.50000000
5.00000000
4.50000000
7.50000000
5.00000000
2.94000000
3.66666667
4.50000000
4.00000000
6.50000000
4.33333333
2.57142857
5.00000000
4.00000000
2.00000000
5.00000000
5.50000000
4.00000000
2.00000000
2.66666667
4.50000000
6.00000000
3.00000000
8.00000000
2.55555556
5.50000000
7.00000000
4.00000000
5.00000000
5.00000000
6.00000000
3.11111111
6.00000000
6.00000000
3.00000000
4.00000000
3.88888889
4.00000000
2.00000000
6.00000000
5.50000000
4.50000000
4.50000000
4.00000000
3.50000000
3.66666667
3.00000000
2.20000000
3.00000000
7.00000000
8.00000000
5.00000000
6.00000000
9.00000000
5.00000000
4.50000000
4.78947368
4.00000000
7.00000000
3.80000000
3.00000000
4.00000000
1.00000000
4.00000000
6.00000000
5.00000000
5.00000000
3.95833333
3.00000000
3.00000000
4.00000000
6.00000000
4.66666667
6.00000000
5.00000000
4.84615385
6.83333333
4.00000000
3.62500000
3.50000000
4.50000000
4.25000000
4.00000000
4.00000000
3.60000000
4.00000000
4.00000000
4.00000000
4.00000000
6.00000000
4.00000000
6.00000000
3.92857143
5.00000000
4.50000000
4.50000000
4.00000000
2.66666667
6.00000000
4.50000000
2.00000000
5.00000000
4.50000000
6.00000000
4.66666667
4.00000000
2.00000000
3.50000000
8.00000000
7.00000000
2.00000000
6.42857143
4.00000000
6.00000000
3.00000000
6.00000000
5.50000000
4.00000000
5.00000000
6.00000000
5.00000000
9.20000000
5.00000000
3.00000000
6.00000000
4.50000000
3.00000000
4.00000000
5.66666667
3.00000000
4.25000000
8.00000000
7.00000000
7.00000000
5.00000000
3.25000000
6.50000000
6.00000000
2.50000000
4.18750000
4.00000000
3.00000000
3.50000000
3.66666667
5.20000000
3.00000000
4.00000000
4.50000000
6.50000000
3.50000000
6.00000000
6.00000000
5.00000000
6.14285714
6.00000000
2.00000000
6.00000000
4.00000000
3.00000000
4.50000000
3.00000000
6.50000000
4.99285714
3.66666667
3.50000000
6.00000000
3.00000000
4.00000000
3.50000000
3.00000000
5.00000000
6.00000000
4.00000000
5.00000000
3.00000000
6.00000000
6.00000000
3.00000000
5.00000000
2.50000000
4.50000000
4.50000000
5.50000000
3.00000000
4.20000000
5.71428571
5.50000000
1.25000000
2.40000000
4.00000000
2.44444444
7.00000000
6.00000000
4.28571429
4.50000000
2.00000000
5.00000000
3.00000000
4.00000000
5.00000000
3.00000000
3.25000000
3.50000000
3.50000000
5.00000000
5.00000000
6.00000000
7.50000000
4.50000000
2.00000000
3.00000000
4.95890411
3.00000000
4.00000000
3.07142857
3.00000000
4.87500000
4.00000000
6.00000000
5.50000000
4.60000000
7.00000000
6.00000000
2.87500000
1.00000000
4.00000000
5.50000000
6.00000000
5.00000000
7.00000000
4.00000000
4.50000000
7.00000000
6.25000000
4.75000000
3.00000000
3.00000000
4.00000000
2.00000000
5.00000000
5.00000000
3.00000000
3.00000000
5.00000000
5.00000000
4.00000000
2.00000000
7.00000000
4.00000000
2.00000000
4.22222222
4.33333333
8.00000000
5.50000000
6.50000000
4.50000000
4.00000000
4.50000000
2.00000000
3.50000000
4.00000000
5.00000000
6.00000000
4.00000000
5.00000000
4.00000000
4.00000000
5.50000000
7.00000000
3.66666667
3.66666667
3.00000000
3.00000000
6.00000000
5.20000000
3.00000000
2.75000000
2.68292683
3.50000000
3.00000000
3.00000000
1.81818182
6.33333333
5.00000000
6.00000000
5.00000000
3.00000000
6.00000000
6.00000000
7.00000000
5.00000000
3.76190476
2.00000000
4.00000000
6.50000000
5.00000000
5.00000000
5.00000000
6.00000000
7.42857143
7.00000000
6.00000000
8.00000000
6.25000000
2.00000000
3.00000000
2.00000000
6.50000000
5.00000000
8.00000000
5.66666667
3.00000000
3.66666667
5.14285714
6.00000000
5.83333333
7.50000000
6.42857143
6.00000000
3.57142857
8.00000000
5.00000000
6.00000000
4.53333333
3.00000000
6.50000000
8.00000000
6.00000000
4.50000000
4.00000000
6.00000000
4.50000000
3.00000000
6.00000000
4.00000000
5.00000000
4.00000000
6.00000000
2.33333333
3.50000000
4.00000000
3.00000000
4.00000000
2.00000000
4.50000000
6.00000000
4.00000000
3.50000000
6.50000000
4.00000000
4.66666667
5.00000000
5.66666667
6.00000000
5.00000000
5.00000000
5.00000000
5.50000000
4.00000000
7.00000000
3.50000000
5.00000000
4.66666667
4.77777778
5.50000000
3.00000000
5.00000000
3.40000000
4.25000000
4.00000000
5.00000000
6.00000000
4.00000000
5.50000000
4.00000000
3.83333333
7.25000000
5.00000000
4.00000000
3.00000000
6.00000000
6.50000000
3.85714286
6.70000000
2.50000000
6.00000000
5.00000000
5.00000000
5.00000000
5.20000000
3.00000000
3.50000000
4.50000000
4.00000000
4.00000000
5.42857143
8.50000000
4.00000000
7.00000000
6.00000000
5.66666667
4.50000000
4.87500000
4.57142857
6.35294118
5.00000000
1.00000000
5.00000000
2.00000000
5.00000000
5.00000000
4.66666667
3.62500000
5.00000000
4.00000000
3.00000000
6.00000000
5.00000000
4.50000000
2.00000000
5.00000000
6.25000000
4.00000000
3.33333333
2.50000000
7.00000000
5.00000000
4.62915452
4.00000000
4.00000000
5.20000000
8.00000000
5.00000000
7.00000000
3.50000000
3.00000000
5.00000000
6.00000000
8.52631579
4.50000000
1.75000000
5.00000000
5.00000000
4.09523810
5.00000000
6.00000000
3.50000000
5.00000000
4.00000000
8.00000000
5.50000000
4.80000000
4.00000000
5.00000000
4.00000000
4.00000000
1.50000000
6.00000000
4.00000000
1.33333333
3.74074074
5.00000000
6.33333333
3.25000000
5.00000000
3.00000000
5.00000000
4.50000000
4.50000000
3.00000000
3.50000000
4.14285714
7.00000000
3.66666667
4.50000000
8.00000000
2.66666667
4.50000000
4.00000000
6.60000000
5.50000000
5.00000000
5.50000000
5.50000000
7.00000000
6.00000000
5.00000000
3.20000000
6.00000000
4.33333333
5.00000000
6.00000000
2.00000000
5.92523364
4.50000000
5.00000000
5.00000000
5.14285714
6.00000000
5.00000000
3.00000000
4.00000000
5.20000000
5.21773288
2.33333333
3.00000000
3.00000000
3.00000000
4.50000000
3.00000000
3.50000000
4.00000000
3.00000000
4.00000000
3.00000000
3.50000000
5.00000000
7.00000000
5.50000000
4.66666667
4.01851852
7.25000000
7.00000000
2.00000000
4.00000000
3.00000000
2.00000000
3.00000000
5.00000000
5.50000000
4.00000000
2.50000000
4.00000000
3.94261524
6.00000000
4.00000000
6.00000000
4.50000000
5.00000000
4.22222222
2.71428571
4.50000000
7.00000000
5.00000000
3.50000000
2.00000000
3.40000000
5.00000000
4.00000000
3.50000000
7.00000000
6.50000000
5.00000000
3.70000000
5.50000000
3.85714286
3.00000000
5.00000000
7.00000000
3.50000000
5.76923077
3.50000000
6.00000000
4.66666667
4.00000000
7.00000000
3.00000000
2.50000000
4.29411765
4.00000000
1.50000000
5.50000000
4.70000000
5.00000000
2.80000000
4.00000000
3.00000000
3.60000000
6.00000000
5.00000000
8.00000000
4.00000000
3.00000000
6.00000000
2.40000000
3.71428571
2.00000000
4.50000000
3.00000000
2.80000000
3.00000000
5.00000000
4.50000000
2.33333333
2.61797753
2.00000000
5.00000000
9.00000000
3.33333333
4.60000000
4.66666667
5.00000000
2.00000000
3.00000000
8.00000000
2.00000000
5.00000000
4.00000000
3.00000000
3.75000000
3.50000000
5.06666667
3.33333333
4.00000000
4.00000000
7.00000000
5.00000000
5.00000000
6.50000000
3.33333333
4.66666667
4.00000000
8.00000000
4.33333333
5.00000000
6.00000000
4.50000000
3.00000000
7.00000000
4.50000000
5.00000000
3.00000000
5.00000000
4.00000000
4.50000000
4.00000000
4.72786885
5.00000000
3.50000000
2.75000000
3.60000000
4.33333333
4.75000000
3.66666667
6.00000000
4.33333333
5.57142857
4.00000000
5.55555556
2.50000000
3.26666667
3.00000000
4.00000000
5.00000000
6.00000000
5.50000000
3.50000000
7.50000000
4.00000000
4.00000000
7.00000000
4.00000000
4.00000000
7.00000000
7.00000000
4.00000000
6.00000000
3.00000000
6.00000000
6.00000000
6.00000000
5.00000000
4.00000000
5.00000000
5.66666667
4.00000000
3.77777778
7.00000000
3.50000000
4.00000000
5.42857143
4.50000000
3.00000000
4.50000000
2.00000000
5.00000000
6.44444444
4.00000000
6.00000000
2.00000000
4.53846154
4.00000000
6.00000000
3.42857143
4.80000000
6.00000000
3.80000000
3.50000000
5.00000000
5.66666667
2.00000000
4.00000000
4.14285714
2.33333333
6.66666667
2.50000000
6.00000000
4.00000000
6.00000000
5.00000000
7.00000000
5.00000000
5.72727273
5.00000000
4.00000000
4.50000000
3.90909091
2.00000000
6.00000000
4.00000000
4.50000000
5.00000000
9.00000000
4.50000000
4.00000000
4.80000000
9.00000000
5.00000000
5.00000000
2.00000000
5.00000000
4.00000000
3.00000000
6.50000000
5.60000000
3.00000000
4.00000000
6.00000000
2.50000000
4.00000000
1.93750000
5.66666667
4.00000000
4.00000000
5.00000000
4.50000000
5.00000000
3.10714286
7.00000000
5.00000000
5.50000000
5.00000000
6.00000000
2.00000000
4.00000000
5.00000000
4.00000000
3.50000000
1.00000000
4.91666667
3.00000000
4.00000000
3.27272727
4.50000000
9.00000000
7.00000000
6.46153846
7.50000000
6.00000000
2.00000000
4.50000000
3.00000000
6.00000000
2.00000000
6.00000000
3.00000000
5.50000000
4.56190476
2.66666667
4.50000000
3.00000000
2.50000000
5.00000000
3.57142857
3.90909091
6.00000000
4.00000000
4.00000000
5.57142857
4.00000000
6.00000000
3.00000000
2.50000000
4.50000000
4.72727273
4.50000000
4.75000000
8.00000000
4.00000000
8.00000000
6.00000000
4.00000000
7.00000000
3.00000000
2.66666667
6.50000000
6.00000000
5.00000000
7.00000000
3.66666667
3.00000000
2.00000000
2.00000000
2.00000000
3.84000000
4.00000000
6.00000000
6.50000000
4.50000000
5.50000000
6.00000000
3.00000000
3.00000000
6.00000000
1.75000000
4.83333333
5.00000000
5.00000000
5.00000000
4.27272727
4.00000000
5.00000000
5.00000000
6.00000000
3.00000000
3.80000000
2.00000000
3.90015601
3.00000000
4.00000000
4.00000000
4.50000000
5.00000000
6.00000000
3.48275862
3.00000000
6.00000000
5.66666667
6.00000000
3.00000000
6.50000000
5.00000000
8.00000000
6.00000000
5.00000000
4.00000000
5.25000000
4.00000000
8.00000000
4.00000000
4.23076923
1.00000000
4.00000000
6.00000000
4.00000000
9.50000000
1.60000000
2.00000000
6.00000000
2.66666667
1.50000000
4.50000000
3.00000000
2.00000000
1.40000000
2.00000000
2.50000000
2.00000000
7.00000000
5.00000000
2.00000000
4.00000000
5.00000000
2.25000000
3.50000000
4.27272727
4.00000000
4.00000000
4.83333333
4.40000000
2.66666667
1.66666667
6.00000000
6.00000000
5.00000000
6.00000000
4.00000000
3.00000000
4.57142857
3.00000000
7.00000000
4.00000000
6.00000000
7.00000000
4.50000000
3.00000000
4.50000000
7.00000000
4.50000000
2.50000000
1.78571429
5.40000000
5.00000000
3.00000000
3.47368421
2.00000000
3.66666667
4.00000000
3.50000000
3.00000000
5.00000000
7.00000000
5.00000000
3.93750000
6.50000000
4.50000000
5.00000000
6.00000000
6.00000000
4.50000000
2.00000000
6.75000000
6.00000000
6.50000000
3.00000000
5.00000000
3.50000000
2.00000000
6.50000000
4.00000000
4.00000000
2.33333333
3.00000000
4.00000000
5.00000000
3.66666667
4.00000000
1.00000000
4.75000000
2.00000000
2.00000000
5.50000000
5.00000000
4.00000000
4.00000000
2.00000000
3.00000000
5.00000000
3.50000000
4.00000000
6.00000000
5.50000000
4.04878049
3.00000000
2.00000000
5.00000000
3.00000000
2.00000000
6.42857143
3.00000000
4.00000000
5.50000000
6.00000000
8.00000000
4.66666667
3.00000000
4.00000000
3.00000000
3.50000000
3.60447761
6.00000000
4.00000000
2.00000000
3.00000000
3.00000000
3.00000000
2.00000000
5.77171717
6.00000000
3.00000000
5.16666667
5.00000000
3.00000000
5.00000000
4.00000000
8.00000000
3.75000000
7.50000000
4.00000000
3.30000000
4.00000000
4.25000000
3.00000000
3.50000000
2.00000000
4.00000000
3.66666667
5.00000000
3.00000000
5.50000000
5.66666667
3.66666667
5.00000000
5.00000000
5.00000000
1.00000000
4.00000000
7.00000000
4.00000000
7.00000000
3.00000000
5.00000000
4.62745098
3.60000000
2.50000000
4.60000000
8.00000000
7.25000000
4.28571429
4.00000000
5.50000000
6.00000000
3.00000000
6.00000000
2.00000000
3.00000000
2.20000000
2.00000000
4.96153846
5.50000000
5.00000000
3.38461538
2.70000000
2.00000000
2.00000000
3.83333333
4.00000000
3.00000000
6.00000000
4.50000000
4.00000000
2.00000000
5.00000000
4.00000000
3.00000000
4.00000000
4.00000000
4.00000000
4.00000000
3.00000000
5.00000000
4.50000000
2.33333333
5.00000000
3.00000000
2.00000000
7.66666667
2.33333333
5.00000000
2.00000000
4.00000000
4.50000000
4.57142857
5.25000000
3.50000000
5.66666667
3.50000000
6.00000000
2.00000000
3.40000000
3.83333333
3.33333333
5.00000000
2.00000000
4.00000000
5.00000000
3.50000000
4.00000000
3.00000000
3.60000000
3.09090909
4.00000000
2.00000000
3.00000000
0.00000000
4.00000000
3.50000000
4.38461538
4.00000000
4.00000000
3.95454545
4.00000000
3.81818182
2.50000000
4.00000000
4.00000000
4.00000000
5.00000000
3.18750000
4.00000000
6.00000000
4.23809524
5.66666667
4.62500000
4.50000000
3.50000000
5.00000000
5.00000000
6.00000000
5.00000000
5.50000000
6.00000000
5.00000000
5.00000000
5.66666667
2.00000000
6.50000000
1.00000000
5.11111111
5.00000000
5.50000000
4.00000000
2.50000000
4.00000000
3.00000000
4.00000000
5.50000000
2.00000000
1.00000000
3.00000000
5.00000000
3.00000000
2.33333333
4.00000000
3.00000000
5.50000000
4.00000000
4.00000000
3.09090909
4.00000000
5.80952381
6.00000000
4.25000000
3.75000000
5.50000000
4.25000000
5.00000000
3.87500000
5.00000000
3.50000000
5.00000000
3.23529412
2.00000000
3.00000000
6.00000000
1.00000000
3.00000000
6.00000000
3.50000000
5.50000000
3.00000000
4.50000000
1.40000000
3.66666667
3.00000000
4.00000000
3.66666667
6.27777778
6.00000000
5.00000000
4.00000000
5.00000000
5.00000000
2.56666667
5.50000000
6.66666667
3.50000000
5.60000000
2.00000000
4.50000000
2.50000000
4.00000000
3.66666667
4.00000000
4.50000000
3.66666667
3.73913043
4.60000000
3.33333333
5.03921569
4.00000000
6.00000000
4.77777778
5.00000000
7.50000000
1.00000000
3.00000000
4.00000000
6.50000000
7.00000000
4.50000000
4.60000000
4.66666667
5.00000000
3.00000000
3.66666667
3.90909091
4.33333333
4.00000000
6.00000000
4.00000000
2.70000000
7.50000000
2.00000000
2.50000000
5.00000000
5.00000000
5.50000000
5.00000000
3.75000000
3.93103448
3.00000000
5.00000000
4.00000000
6.33333333
2.00000000
4.22222222
3.00000000
6.00000000
3.50000000
5.00000000
8.50000000
3.00000000
3.00000000
4.50000000
7.00000000
4.50000000
5.00000000
4.00000000
3.50000000
2.57142857
3.09090909
6.00000000
4.73333333
4.00000000
5.00000000
5.50000000
2.00000000
3.50000000
2.66666667
5.00000000
5.00000000
4.34615385
6.00000000
4.27777778
5.00000000
5.00000000
7.00000000
4.83333333
5.00000000
5.00000000
4.00000000
7.00000000
4.00000000
3.00000000
6.00000000
1.33333333
5.00000000
3.50000000
2.50000000
4.00000000
6.00000000
1.40000000
5.00000000
5.33333333
7.00000000
5.66666667
7.00000000
5.00000000
2.00000000
4.59090909
5.00000000
5.00000000
5.05882353
2.00000000
6.00000000
5.76315789
2.00000000
5.00000000
3.00000000
4.66666667
7.00000000
6.00000000
3.00000000
4.00000000
3.00000000
5.00000000
6.00000000
6.00000000
4.50000000
4.25000000
4.50000000
3.50000000
4.50000000
2.00000000
6.78378378
4.50000000
6.00000000
2.00000000
4.50000000
5.66666667
3.00000000
5.50000000
3.00000000
4.00000000
6.00000000
3.88888889
6.50000000
3.00000000
5.00000000
5.50000000
4.00000000
4.00000000
3.00000000
2.77777778
1.00000000
2.00000000
5.00000000
3.73255814
6.00000000
2.33333333
3.00000000
3.00000000
5.00000000
4.00000000
8.00000000
2.00000000
3.50000000
5.75000000
3.00000000
6.00000000
3.00000000
7.00000000
3.50000000
7.33333333
4.33333333
5.81818182
7.50000000
4.00000000
6.50000000
2.66666667
5.00000000
7.50000000
6.00000000
3.48275862
3.05882353
2.00000000
3.62533693
4.00000000
4.71428571
2.57142857
2.00000000
5.00000000
4.00000000
8.00000000
3.00000000
4.00000000
3.00000000
4.25000000
5.00000000
5.00000000
3.53488372
3.00000000
4.00000000
4.00000000
3.00000000
5.00000000
5.25000000
4.00000000
2.59375000
4.00000000
3.53846154
6.00000000
4.05882353
2.25000000
7.00000000
3.75000000
4.50000000
3.00000000
2.60000000
6.00000000
4.50000000
4.00000000
3.39024390
2.50000000
4.00000000
5.00000000
5.00000000
2.00000000
4.00000000
5.00000000
4.00000000
4.50000000
3.44444444
3.00000000
