4.66666667
4.00000000
7.00000000
10.50000000
4.00000000
4.20000000
7.00000000
5.50000000
6.50000000
6.20000000
7.50000000
6.50000000
8.00000000
11.00000000
9.62559242
3.00000000
6.00000000
6.18181818
7.37500000
15.57142857
6.00000000
9.00000000
6.50000000
9.65217391
5.08695652
5.00000000
3.00000000
5.00000000
9.50000000
7.50000000
8.58064516
4.00000000
8.00000000
4.00000000
5.00000000
7.00000000
8.50000000
9.00000000
7.16666667
9.47826087
8.50000000
4.00000000
8.00000000
8.00000000
4.00000000
2.50000000
12.00000000
7.00000000
8.00000000
4.00000000
10.00000000
9.00000000
6.50000000
13.00000000
5.50000000
3.00000000
9.50000000
4.50000000
3.25000000
9.00000000
5.00000000
4.00000000
8.00000000
7.00000000
5.00000000
4.00000000
6.00000000
6.00000000
9.50000000
6.00000000
6.00000000
2.66666667
8.00000000
7.66666667
6.00000000
6.00000000
5.80000000
6.00000000
4.00000000
6.00000000
7.00000000
9.50000000
8.00000000
8.00000000
7.00000000
8.57142857
12.00000000
6.50000000
8.00000000
4.00000000
8.00000000
9.50000000
4.00000000
6.13333333
7.00000000
7.00000000
5.00000000
9.00000000
6.00000000
6.00000000
6.00000000
7.00000000
4.00000000
8.00000000
5.00000000
2.00000000
5.00000000
5.54166667
2.00000000
5.66666667
9.00000000
5.50000000
8.93103448
6.00000000
8.50000000
5.00000000
7.00000000
3.00000000
9.00000000
8.04597701
6.50000000
5.00000000
6.00000000
7.00000000
11.00000000
3.00000000
5.50000000
6.57142857
7.00000000
3.00000000
7.00000000
5.00000000
10.57142857
4.00000000
3.00000000
7.00000000
3.50000000
4.66666667
1.00000000
10.00000000
9.66666667
10.00000000
6.66666667
8.00000000
5.57142857
3.00000000
8.55555556
6.50000000
5.00000000
5.00000000
6.20000000
9.50000000
7.20000000
5.00000000
3.50000000
4.25000000
10.50000000
8.00000000
3.66666667
2.00000000
6.00000000
7.92857143
6.00000000
4.00000000
7.66666667
6.50000000
8.00000000
6.00000000
6.00000000
8.50000000
5.00000000
7.00000000
7.00000000
4.00000000
8.00000000
3.54545455
4.00000000
6.00000000
6.81250000
5.03921569
4.66666667
7.50000000
5.00000000
5.00000000
6.00000000
3.00000000
3.00000000
1.75000000
6.00000000
3.00000000
5.00000000
5.50000000
5.75000000
0.00000000
3.50000000
4.00000000
6.50000000
3.86666667
3.50000000
4.50000000
6.00000000
7.00000000
4.00000000
6.75000000
7.50000000
3.50000000
6.00000000
3.00000000
5.58823529
5.50000000
4.66666667
6.09090909
7.50000000
4.93750000
8.80487805
7.00000000
6.00000000
9.00000000
4.00000000
6.00000000
8.50000000
6.00000000
4.50000000
5.00000000
9.00000000
7.37500000
6.24324324
6.00000000
11.00000000
3.00000000
8.00000000
9.00000000
6.00000000
4.20000000
8.00000000
4.50000000
5.66666667
8.22222222
10.50000000
4.66666667
7.00000000
6.00000000
3.00000000
6.00000000
7.00000000
5.20000000
9.37500000
8.00000000
8.00000000
3.00000000
4.50000000
4.50000000
10.00000000
7.00000000
8.00000000
6.00000000
5.00000000
4.50000000
5.00000000
5.04580153
7.00000000
5.00000000
7.66666667
2.00000000
7.25000000
6.36363636
5.00000000
4.00000000
8.89473684
9.00000000
5.00000000
3.00000000
4.00000000
5.00000000
8.00000000
9.00000000
5.33333333
3.61111111
4.50000000
5.00000000
6.00000000
5.00000000
8.00000000
3.00000000
4.66666667
3.00000000
6.79166667
6.00000000
7.50000000
6.00000000
8.00000000
6.00000000
5.00000000
8.00000000
5.00000000
6.00000000
6.00000000
5.28571429
6.00000000
3.28571429
3.00000000
8.00000000
8.83333333
9.71428571
3.00000000
8.00000000
7.42857143
5.50000000
5.90000000
2.50000000
8.00000000
8.00000000
5.66666667
7.00000000
8.30000000
8.25641026
4.00000000
6.00000000
5.00000000
6.50000000
4.00000000
7.66666667
6.00000000
8.00000000
6.00000000
7.00000000
3.00000000
6.50000000
7.00000000
6.75000000
10.50000000
8.00000000
4.00000000
10.00000000
6.00000000
4.00000000
4.00000000
7.50000000
2.00000000
6.00000000
4.00000000
5.00000000
3.40740741
5.00000000
9.80000000
5.00000000
3.00000000
5.00000000
6.36842105
3.50000000
3.70000000
5.00000000
6.00000000
10.00000000
5.00000000
8.66666667
5.00000000
8.16666667
8.37500000
7.00000000
5.25000000
8.00000000
7.00000000
5.50000000
4.66666667
4.45454545
4.50000000
6.50000000
5.00000000
4.00000000
4.50000000
5.00000000
3.00000000
6.00000000
6.75000000
5.50000000
6.00000000
4.00000000
2.00000000
11.00000000
7.00000000
7.25000000
8.00000000
6.50000000
4.00000000
8.47826087
5.00000000
5.00000000
5.00000000
12.00000000
6.00000000
4.00000000
4.50000000
4.00000000
8.20000000
7.00000000
4.50000000
5.00000000
6.00000000
9.00000000
8.00000000
8.00000000
6.50000000
4.14285714
6.48344371
4.50000000
3.00000000
8.00000000
8.00000000
4.00000000
7.50000000
8.50000000
6.70588235
11.50000000
5.00000000
5.66666667
5.00000000
5.20000000
6.50000000
3.50000000
2.00000000
2.00000000
4.00000000
6.66666667
8.00000000
6.07142857
7.00000000
7.00000000
7.25000000
6.00000000
4.50000000
3.00000000
4.00000000
5.00000000
4.42857143
6.00000000
3.12500000
5.70634921
6.00000000
7.00000000
12.00000000
6.00000000
7.42857143
5.00000000
5.00000000
7.93333333
10.33333333
4.55555556
4.50000000
7.00000000
4.80000000
4.00000000
6.00000000
7.26923077
5.00000000
4.00000000
5.00000000
5.00000000
6.50000000
8.00000000
7.66666667
8.00000000
5.00000000
4.85937500
5.00000000
4.00000000
1.00000000
4.00000000
2.00000000
6.00000000
7.37500000
3.50000000
6.00000000
7.25000000
9.20588235
5.85798817
5.00000000
7.50000000
2.50000000
4.00000000
7.50000000
4.00000000
3.00000000
7.50000000
7.07692308
6.35714286
5.50000000
6.50000000
7.00000000
6.00000000
3.38461538
5.25000000
5.00000000
2.00000000
6.50000000
4.42857143
5.00000000
7.33333333
9.00000000
5.00000000
4.00000000
3.00000000
7.50000000
3.50000000
10.50000000
7.00000000
2.33333333
7.80000000
5.00000000
4.00000000
5.50000000
4.94444444
2.00000000
7.00000000
5.50000000
9.00000000
4.00000000
5.00000000
6.00000000
3.75000000
7.00000000
8.16666667
7.00000000
4.50000000
6.00000000
5.00000000
7.50000000
7.40000000
4.00000000
8.50000000
5.00000000
3.00000000
5.00000000
4.50000000
5.00000000
8.50000000
4.50000000
4.00000000
4.00000000
2.25000000
5.00000000
7.50000000
5.50000000
4.20000000
6.00000000
6.07142857
4.50000000
3.00000000
4.00000000
5.00000000
5.66666667
11.00000000
4.00000000
7.00000000
2.00000000
4.00000000
6.00000000
6.00000000
10.00000000
4.00000000
5.00000000
4.00000000
4.00000000
8.40000000
6.03448276
5.50000000
4.00000000
4.00000000
4.50000000
5.00000000
7.70833333
5.00000000
6.00000000
5.70000000
3.50000000
5.00000000
9.00000000
3.00000000
6.00000000
6.00000000
6.00000000
8.00000000
7.00000000
4.00000000
6.14285714
5.50000000
4.60869565
8.66666667
8.00000000
6.50000000
8.00000000
3.00000000
5.50000000
8.00000000
5.00000000
5.00000000
6.35714286
8.00000000
8.70000000
11.00000000
4.00000000
6.00000000
5.50000000
8.00000000
5.20000000
7.52000000
6.00000000
4.00000000
5.75000000
5.50000000
8.76470588
6.00000000
7.08333333
5.00000000
7.20000000
7.00000000
4.00000000
3.50000000
4.00000000
8.00000000
3.50000000
9.00000000
5.00000000
5.00000000
6.60000000
6.00000000
4.00000000
6.33333333
9.50000000
7.00000000
6.00000000
6.00000000
8.66666667
6.85714286
8.00000000
3.00000000
6.00000000
5.00000000
3.00000000
6.33333333
5.75000000
3.00000000
7.00000000
7.50000000
6.00000000
9.00000000
3.80000000
4.00000000
6.50000000
9.00000000
4.83333333
2.40740741
10.00000000
3.00000000
9.90909091
2.62500000
5.50000000
7.00000000
6.00000000
6.42857143
5.75000000
2.00000000
3.00000000
6.00000000
7.00000000
4.00000000
4.00000000
6.66666667
5.00000000
6.00000000
5.50000000
2.80000000
4.00000000
7.00000000
4.00000000
6.00000000
8.09090909
6.00000000
7.00000000
6.40000000
6.50000000
6.00000000
6.00000000
5.50000000
7.00000000
5.00000000
6.50000000
3.50000000
4.00000000
6.00000000
8.00000000
5.00000000
5.00000000
4.00000000
4.91666667
6.00000000
3.00000000
2.77777778
5.00000000
7.08695652
4.21428571
5.83333333
4.66666667
5.00000000
7.00000000
5.00000000
7.00000000
4.85714286
4.00000000
2.00000000
4.50000000
6.00000000
5.50000000
5.00000000
4.00000000
5.00000000
3.00000000
5.00000000
8.00000000
5.50000000
3.71428571
5.81012658
5.00000000
5.00000000
4.83974359
8.50000000
3.00000000
4.42857143
3.66666667
4.50000000
6.00000000
6.50000000
6.00000000
4.78076923
5.00000000
3.12500000
3.80000000
1.00000000
4.00000000
7.00000000
6.00000000
2.83333333
7.00000000
5.00000000
3.00000000
3.00000000
8.00000000
5.50000000
2.50000000
3.00000000
3.00000000
7.00000000
4.25000000
4.50000000
6.00000000
4.00000000
5.00000000
3.00000000
4.42857143
6.00000000
7.00000000
4.00000000
4.00000000
7.25000000
7.00000000
6.50000000
5.00000000
3.00000000
4.50000000
4.66666667
6.00000000
5.00000000
8.00000000
8.00000000
5.00000000
7.00000000
7.00000000
8.42857143
7.00000000
5.00000000
5.50000000
6.00000000
4.50000000
6.40000000
8.00000000
10.50000000
4.00000000
7.66666667
5.00000000
5.90625000
6.00000000
7.50000000
3.50000000
6.00000000
5.00000000
6.20000000
5.00000000
4.00000000
8.10344828
6.00000000
7.50000000
5.50000000
8.00000000
3.28571429
6.00000000
3.00000000
10.00000000
7.66666667
3.50000000
6.00000000
3.00000000
7.00000000
4.00000000
8.00000000
5.00000000
4.00000000
5.00000000
3.42857143
6.00000000
6.00000000
5.00000000
5.00000000
6.00000000
7.00000000
6.26923077
5.00000000
5.50000000
9.00000000
5.00000000
5.00000000
4.00000000
4.00000000
7.50000000
9.50000000
6.00000000
4.33333333
4.00000000
4.35000000
6.00000000
3.70000000
3.00000000
4.90000000
5.50000000
4.50000000
4.00000000
4.00000000
4.00000000
4.50000000
5.00000000
4.40000000
7.00000000
6.00000000
2.90909091
7.50000000
8.00000000
6.00000000
10.00000000
7.00000000
4.50000000
6.00000000
7.00000000
4.28571429
5.90000000
4.50000000
4.00000000
7.00000000
6.66666667
5.20000000
5.50000000
4.50000000
8.50000000
9.00000000
4.00000000
5.00000000
3.00000000
5.25000000
7.00000000
3.00000000
8.66666667
3.00000000
5.60000000
7.00000000
6.50000000
4.00000000
9.37500000
3.50000000
5.25000000
4.00000000
6.00000000
8.00000000
5.66666667
5.00000000
5.66666667
4.00000000
4.00000000
3.00000000
7.00000000
7.00000000
6.00000000
6.00000000
5.66666667
4.00000000
6.00000000
5.40000000
7.50000000
4.00000000
10.50000000
4.50000000
7.00000000
4.00000000
7.50000000
4.00000000
3.50000000
5.50000000
2.00000000
8.00000000
3.50000000
2.00000000
8.00000000
4.00000000
4.00000000
2.75000000
3.50000000
4.75000000
7.20930233
1.90909091
10.00000000
3.00000000
6.50000000
10.00000000
6.00000000
9.20000000
7.84615385
6.00000000
1.66666667
5.40000000
7.00000000
3.00000000
7.50000000
4.75000000
5.50000000
4.00000000
6.00000000
5.00000000
2.66666667
6.00000000
5.00000000
6.50000000
6.00000000
5.50000000
7.00000000
3.00000000
6.00000000
5.00000000
4.84615385
5.50000000
6.00000000
9.36666667
6.00000000
4.00000000
2.83333333
5.00000000
6.53333333
4.16666667
3.00000000
4.66666667
4.90000000
5.00000000
7.00000000
8.20000000
6.00000000
4.00000000
3.00000000
6.50000000
4.00000000
6.00000000
3.54545455
5.50000000
6.00000000
8.00000000
4.00000000
6.00000000
6.00000000
8.00000000
4.00000000
5.50000000
6.00000000
3.66666667
8.66666667
7.00000000
4.00000000
6.00000000
4.00000000
4.00000000
9.00000000
7.00000000
7.00000000
5.50000000
6.50000000
5.00000000
4.95744681
5.50000000
6.42857143
10.00000000
6.00000000
6.00000000
5.00000000
5.32608696
1.00000000
5.00000000
3.33333333
5.00000000
2.50000000
8.00000000
5.50000000
3.00000000
5.00000000
3.00000000
4.00000000
2.00000000
5.00000000
8.00000000
6.25000000
5.00000000
4.00000000
7.00000000
6.15384615
3.00000000
6.00000000
5.00000000
6.00000000
3.50000000
6.00000000
6.00000000
3.00000000
3.77777778
3.00000000
3.00000000
5.00000000
5.00000000
4.00000000
5.00000000
4.50000000
4.50000000
4.20000000
4.00000000
2.00000000
4.50000000
4.90000000
6.00000000
5.63157895
6.36842105
4.50000000
7.00000000
4.42857143
4.00000000
3.50000000
6.00000000
5.00000000
4.00000000
6.00000000
7.00000000
5.00000000
6.81250000
5.00000000
6.50000000
7.25688073
5.50000000
4.00000000
6.00000000
4.66666667
4.00000000
6.40000000
3.00000000
5.60000000
4.16666667
7.00000000
5.50000000
4.50000000
7.00000000
7.40000000
6.00000000
4.50000000
9.00000000
6.08333333
5.40000000
6.32258065
5.00000000
3.00000000
4.10714286
3.00000000
4.00000000
3.00000000
5.00000000
2.00000000
4.66666667
4.42857143
8.00000000
4.00000000
7.00000000
6.53846154
4.00000000
2.00000000
6.00000000
6.33333333
5.50000000
4.00000000
4.00000000
7.00000000
5.00000000
5.00000000
3.00000000
6.66666667
7.00000000
6.00000000
6.00000000
6.00000000
7.70588235
5.33333333
5.00000000
10.00000000
5.30188679
8.00000000
4.00000000
5.50000000
7.61111111
3.00000000
5.00000000
6.00000000
5.00000000
3.00000000
4.00000000
4.00000000
9.50000000
6.50000000
6.00000000
6.00000000
4.42857143
6.00000000
5.00000000
6.10000000
4.00000000
4.00000000
8.51612903
5.00000000
6.00000000
5.55813953
4.00000000
5.00000000
4.00000000
4.00000000
4.33333333
4.50000000
6.37500000
7.75000000
4.00000000
5.00000000
5.50000000
4.00000000
7.00000000
4.00000000
6.00000000
5.00000000
6.26666667
5.00000000
4.00000000
7.50000000
6.00000000
5.00000000
8.00000000
6.00000000
8.00000000
6.00000000
4.50000000
6.50000000
5.50000000
2.91666667
5.60000000
3.91666667
4.00000000
9.00000000
5.66666667
4.50000000
7.00000000
5.00000000
4.55555556
3.50000000
7.00000000
7.50000000
6.00000000
9.00000000
7.00000000
5.00000000
6.50000000
5.00000000
10.00000000
5.00000000
7.00000000
5.50000000
6.50000000
5.00000000
5.28571429
6.00000000
5.00000000
4.27272727
5.00000000
3.00000000
7.00000000
6.00000000
6.00000000
4.00000000
6.66666667
6.00000000
6.50000000
7.00000000
6.50000000
6.00000000
5.00000000
7.00000000
5.50000000
4.50000000
4.00000000
5.00000000
4.00000000
6.00000000
6.00000000
8.75000000
4.28571429
6.00000000
5.50000000
7.00000000
7.00000000
6.66666667
3.00000000
5.88050314
5.00000000
5.50000000
4.50000000
4.00000000
2.00000000
6.00000000
2.00000000
5.00000000
9.50000000
3.50000000
6.00000000
7.00000000
5.50000000
5.00000000
4.00000000
4.50000000
5.00000000
4.00000000
4.00000000
7.13333333
5.00000000
4.00000000
9.50000000
7.00000000
5.00000000
5.77777778
8.66666667
4.50000000
10.16666667
4.50000000
6.00000000
6.20000000
7.00000000
8.50000000
5.00000000
5.00000000
8.00000000
5.20000000
5.50000000
5.00000000
5.11428571
3.50000000
3.00000000
5.75000000
3.50000000
5.00000000
3.00000000
6.00000000
7.00000000
10.00000000
5.66666667
7.00000000
7.00000000
6.00000000
6.50000000
4.00000000
6.00000000
7.00000000
5.33333333
7.00000000
5.00000000
4.00000000
6.50000000
8.00000000
3.25000000
6.00000000
3.50000000
6.75000000
7.00000000
5.00000000
4.75000000
6.33333333
6.00000000
5.84615385
3.00000000
6.00000000
7.00000000
4.00000000
7.50000000
4.00000000
5.00000000
8.00000000
8.00000000
5.00000000
4.50000000
4.00000000
5.00000000
5.00000000
4.83333333
6.00000000
5.42857143
6.00000000
8.00000000
9.50000000
9.00000000
7.00000000
4.66666667
4.58620690
4.00000000
4.00000000
7.50000000
2.00000000
2.15384615
4.00000000
6.00000000
4.71687500
5.00000000
5.04878049
3.50000000
5.66666667
6.14285714
5.75000000
5.50000000
5.48148148
8.52941176
5.00000000
5.00000000
4.00000000
5.00000000
4.50000000
4.00000000
5.00000000
6.00000000
7.00000000
4.48148148
6.00000000
4.00000000
5.00000000
4.99894180
5.00000000
3.50000000
5.33333333
5.00000000
6.00000000
4.37500000
3.00000000
7.00000000
3.00000000
5.00000000
4.00000000
6.00000000
3.50000000
6.00000000
6.00000000
8.00000000
8.50000000
5.60000000
4.00000000
8.00000000
2.25000000
4.00000000
7.00000000
7.50000000
6.00000000
4.50000000
3.50000000
6.00000000
4.00000000
5.50000000
4.21875000
3.91666667
7.00000000
5.00000000
4.00000000
5.00000000
5.00000000
7.00000000
6.00000000
4.00000000
4.50000000
6.55555556
5.00000000
4.00000000
5.00000000
5.57142857
7.50000000
5.00000000
3.00000000
4.00000000
3.00000000
7.54545455
3.00000000
8.50000000
5.00000000
3.00000000
4.50000000
7.32608696
3.00000000
5.35294118
6.14285714
8.83333333
6.00000000
5.00000000
7.00000000
6.00000000
5.00000000
5.00000000
4.12500000
5.52380952
5.50000000
6.00000000
4.00000000
2.00000000
4.00000000
6.00000000
6.00000000
7.00000000
5.50000000
6.66666667
2.69230769
3.45454545
4.00000000
6.00000000
5.00000000
5.66666667
5.50000000
5.00000000
2.83333333
8.50000000
4.00000000
8.00000000
3.15957447
9.00000000
2.42857143
4.66666667
3.40000000
6.40000000
5.00000000
5.00000000
4.00000000
9.00000000
5.00000000
7.00000000
4.00000000
7.00000000
7.19047619
4.00000000
6.50000000
6.50000000
4.23333333
7.00000000
6.00000000
2.80000000
6.32142857
6.00000000
5.66666667
6.00000000
12.00000000
7.00000000
5.00000000
6.00000000
5.00000000
3.00000000
4.00000000
5.50000000
5.00000000
2.00000000
3.50000000
6.66666667
5.80000000
5.00000000
3.00000000
6.00000000
7.00000000
9.00000000
8.00000000
4.00000000
10.00000000
4.57142857
7.00000000
2.00000000
5.00000000
6.75000000
5.10526316
5.50000000
3.00000000
5.25000000
10.00000000
10.00000000
5.50000000
5.33333333
4.00000000
4.00000000
7.00000000
6.32142857
6.00000000
3.97674419
3.00000000
8.00000000
2.00000000
2.80000000
10.00000000
5.50000000
5.50000000
3.33333333
3.50000000
4.00000000
6.50000000
7.00000000
4.66666667
2.00000000
7.00000000
4.50000000
9.00000000
5.50000000
5.00000000
3.75000000
9.00000000
4.00000000
7.00000000
5.50000000
4.90000000
4.00000000
4.00000000
9.00000000
5.00000000
7.00000000
4.00000000
6.00000000
2.00000000
7.60869565
9.00000000
4.50000000
6.00000000
6.66666667
5.00000000
5.21875000
3.75000000
5.51851852
4.50000000
6.00000000
4.00000000
6.50000000
5.00000000
5.00000000
3.00000000
4.66666667
4.00000000
5.50000000
4.00000000
5.00000000
8.00000000
6.66666667
5.50000000
7.50000000
4.50000000
4.00000000
6.00000000
5.00000000
2.00000000
7.00000000
7.50000000
5.00000000
7.00000000
8.00000000
6.50000000
5.00000000
5.44444444
4.00000000
5.00000000
6.26666667
4.00000000
5.00000000
4.00000000
6.50000000
7.50000000
3.50000000
7.63157895
2.00000000
6.00000000
5.00000000
7.00000000
6.33333333
8.00000000
5.00000000
6.00000000
3.00000000
4.66666667
7.00000000
4.00000000
4.00000000
5.66666667
4.00000000
5.00000000
6.50000000
3.11111111
4.00000000
3.00000000
5.00000000
4.00000000
4.71428571
6.16666667
5.00000000
11.00000000
6.00000000
8.00000000
4.00000000
3.50000000
5.07142857
6.52173913
6.00000000
4.50000000
5.75000000
4.00000000
6.66666667
4.00000000
4.50000000
6.00000000
8.00000000
5.00000000
4.50000000
3.00000000
4.50000000
3.50000000
5.00000000
5.50000000
6.00000000
6.28571429
7.00000000
5.70731707
3.00000000
8.37500000
7.00000000
5.00000000
6.00000000
5.00000000
7.00000000
8.00000000
4.00000000
7.00000000
6.50000000
6.18750000
6.00000000
9.00000000
6.54545455
2.50000000
7.00000000
4.00000000
4.00000000
8.66666667
4.00000000
6.00000000
7.40000000
5.26315789
7.50000000
7.25000000
7.00000000
3.50000000
5.00000000
4.00000000
4.00000000
6.00000000
6.50000000
3.00000000
3.00000000
5.00000000
5.50000000
5.60000000
5.00000000
4.50000000
4.22448980
11.50000000
5.00000000
6.00000000
6.00000000
6.00000000
5.00000000
6.50000000
7.00000000
2.00000000
5.00000000
4.50000000
5.00000000
3.66666667
6.00000000
2.77777778
5.00000000
5.71428571
2.00000000
10.30769231
4.73404255
6.00000000
7.00000000
4.50000000
8.00000000
5.00000000
3.00000000
8.75000000
7.00000000
6.00000000
7.50000000
6.00000000
2.50000000
6.00000000
3.07692308
3.52808989
6.18181818
2.83333333
7.71428571
4.50000000
4.50000000
2.00000000
6.00000000
5.00000000
5.00000000
6.50000000
2.00000000
5.30188679
4.00000000
7.00000000
6.00000000
6.00000000
7.00000000
3.00000000
6.00000000
4.40000000
6.00000000
4.66666667
8.00000000
4.66666667
5.66666667
4.00000000
3.00000000
5.00000000
6.23076923
6.00000000
4.00000000
4.00000000
6.50000000
1.25000000
7.00000000
3.25000000
4.00000000
6.00000000
5.00000000
3.00000000
7.00000000
6.50000000
4.00000000
7.00000000
8.00000000
4.00000000
8.00000000
4.00000000
6.00000000
6.00000000
7.00000000
6.50000000
3.50000000
5.00000000
5.00000000
8.15789474
5.00000000
6.00000000
6.00000000
7.00000000
7.00000000
5.00000000
6.00000000
3.00000000
3.50000000
5.00000000
6.50000000
6.00000000
4.11363636
5.00000000
4.00000000
6.50000000
5.00000000
3.00000000
6.00000000
7.00000000
6.00000000
4.00000000
4.50000000
8.00000000
6.50000000
5.00000000
5.00000000
6.37500000
2.00000000
5.00000000
4.00000000
6.00000000
4.00000000
6.00000000
4.12500000
2.58333333
3.00000000
4.00000000
5.00000000
5.00000000
4.00000000
3.00000000
6.00000000
4.00000000
4.50000000
6.00000000
9.00000000
5.00000000
5.66666667
5.50000000
2.50000000
2.50000000
3.76923077
4.66666667
4.50000000
7.66666667
4.00000000
6.50000000
8.00000000
4.50000000
5.25000000
4.50000000
8.00000000
4.00000000
5.00000000
5.00000000
4.50000000
3.26315789
9.50000000
7.50000000
4.00000000
4.00000000
5.00000000
3.80000000
5.33333333
4.87500000
6.00000000
3.50000000
4.71428571
5.44827586
3.50000000
2.00000000
5.50000000
6.00000000
1.00000000
6.00000000
4.00000000
6.33333333
5.00000000
4.70000000
5.00000000
6.20000000
7.50000000
5.50000000
4.00000000
3.00000000
5.00000000
3.00000000
3.50000000
2.50000000
6.00000000
4.00000000
8.00000000
5.55555556
4.00000000
4.00000000
3.00000000
5.47058824
4.90909091
8.00000000
5.00000000
4.66666667
4.50000000
4.62500000
3.00000000
7.00000000
6.00000000
5.00000000
5.00000000
6.33333333
9.50000000
8.50000000
6.00000000
6.00000000
5.50000000
8.50000000
7.50000000
0.86666667
4.12500000
4.00000000
4.00000000
6.00000000
6.50000000
6.00000000
3.00000000
2.00000000
6.00000000
3.00000000
5.00000000
1.50000000
5.50000000
4.00000000
6.50000000
6.66666667
2.97872340
6.50000000
4.00000000
7.00000000
7.00000000
5.00000000
4.00000000
8.00000000
5.00000000
4.00000000
5.00000000
5.00000000
5.50000000
3.63414634
5.00000000
6.21739130
5.60000000
6.00000000
6.00000000
6.00000000
5.14285714
4.00000000
6.50000000
5.00000000
4.50000000
6.00000000
7.50000000
7.00000000
6.00000000
5.00000000
5.50000000
5.50000000
5.00000000
1.00000000
4.86605505
8.25000000
4.00000000
6.00000000
5.00000000
4.50000000
6.75675676
5.00000000
6.00000000
9.00000000
6.00000000
4.00000000
6.00000000
4.00000000
5.00000000
5.50000000
5.00000000
5.62500000
6.10000000
5.00000000
5.00000000
3.50000000
5.00000000
5.00000000
5.00000000
6.50000000
5.66666667
10.00000000
5.39072848
4.00000000
6.00000000
2.00000000
4.00000000
7.00000000
5.66666667
4.00000000
4.50000000
7.50000000
4.00000000
3.00000000
7.00000000
3.33333333
4.50000000
3.80000000
4.00000000
4.00000000
3.94444444
4.18181818
6.00000000
4.00000000
6.00000000
5.00000000
6.50000000
6.00000000
4.00000000
5.00000000
5.81632653
5.00000000
6.25000000
4.00000000
7.50000000
8.00000000
5.00000000
4.50000000
2.36363636
6.40000000
1.00000000
6.00000000
4.50000000
2.50000000
2.00000000
4.75000000
4.50000000
4.00000000
4.00000000
2.00000000
1.75000000
4.00000000
2.00000000
5.00000000
4.62500000
2.33333333
4.61111111
3.26086957
4.50000000
4.00000000
5.00000000
7.00000000
5.00000000
3.00000000
4.19665272
4.00000000
7.00000000
6.00000000
5.00000000
5.09090909
5.50000000
6.00000000
4.00000000
2.00000000
5.50000000
4.50000000
7.00000000
4.20833333
4.50000000
6.00000000
4.00000000
5.00000000
3.00000000
4.68817204
6.42857143
4.50000000
5.00000000
6.00000000
4.50000000
3.50000000
7.66666667
7.00000000
6.50000000
2.00000000
5.00000000
6.50000000
6.66666667
3.00000000
4.73913043
3.00000000
5.00000000
4.00000000
4.00000000
2.50000000
7.00000000
5.50000000
5.00000000
6.00000000
6.00000000
7.00000000
8.00000000
2.00000000
6.66666667
6.55555556
3.00000000
6.00000000
6.00000000
4.50000000
5.00000000
3.33333333
5.00000000
4.00000000
8.00000000
6.33333333
11.10000000
5.00000000
6.00000000
5.00000000
8.00000000
6.00000000
2.50000000
2.40000000
5.00000000
6.29032258
5.00000000
5.60416667
4.50000000
5.60000000
5.00000000
3.50000000
4.00000000
5.40000000
5.10714286
3.00000000
3.00000000
4.00000000
1.00000000
3.66666667
8.00000000
3.50000000
7.00000000
8.50000000
3.00000000
4.00000000
4.66666667
3.66666667
5.58139535
5.50000000
5.62500000
6.00000000
5.06666667
7.50000000
5.00000000
5.70000000
7.42857143
8.25000000
4.66666667
4.00000000
3.00000000
5.45161290
3.89781022
4.25000000
8.42857143
3.33333333
4.00000000
5.66666667
6.00000000
4.53333333
9.00000000
6.50000000
3.00000000
5.00000000
5.50000000
5.50000000
6.50000000
4.16666667
4.66666667
3.00000000
6.00000000
6.12500000
6.00000000
5.00000000
3.50000000
6.00000000
4.00000000
3.33333333
7.25000000
3.00000000
4.00000000
4.00000000
4.00000000
7.50000000
2.33333333
6.57142857
2.00000000
7.00000000
3.50000000
5.71428571
3.00000000
5.33333333
3.50000000
4.00000000
5.00000000
3.00000000
6.50000000
4.33333333
6.00000000
4.62500000
4.15384615
6.00000000
3.50000000
2.50000000
8.00000000
5.00000000
4.43258427
3.50000000
8.50000000
6.00000000
4.50000000
5.00000000
5.66666667
4.28571429
7.00000000
4.50000000
4.50000000
5.50000000
5.00000000
4.25000000
5.00000000
6.00000000
4.00000000
6.00000000
7.50000000
6.00000000
5.00000000
2.00000000
5.50000000
4.44827586
4.50000000
3.00000000
7.00000000
4.37500000
3.00000000
3.40000000
5.00000000
6.00000000
6.00000000
3.00000000
4.50000000
3.00000000
2.00000000
3.00000000
3.00000000
3.50000000
4.00000000
6.00000000
3.00000000
3.50000000
6.66666667
7.00000000
7.50000000
4.00000000
3.75000000
4.50000000
3.91666667
5.00000000
4.00000000
8.50000000
5.75000000
4.00000000
6.00000000
7.00000000
5.00000000
3.00000000
4.00000000
3.00000000
3.50000000
4.00000000
7.00000000
6.66666667
7.00000000
4.50000000
10.00000000
1.00000000
5.44444444
4.00000000
3.00000000
5.00000000
5.93103448
3.00000000
7.50000000
6.50000000
4.50000000
4.00000000
6.00000000
5.42857143
5.00000000
5.50000000
5.87500000
4.00000000
4.00000000
8.25000000
4.00000000
6.00000000
7.50000000
3.50000000
4.00000000
3.33333333
5.00000000
5.50000000
8.00000000
3.91666667
3.00000000
6.00000000
3.80000000
3.00000000
4.00000000
3.00000000
7.66666667
4.88888889
4.00000000
4.66666667
5.75000000
2.00000000
4.00000000
6.80000000
4.00000000
4.00000000
3.00000000
4.00000000
3.35294118
5.20000000
5.00000000
5.00000000
3.00000000
3.00000000
4.00000000
6.00000000
6.00000000
5.00000000
4.00000000
5.00000000
4.00000000
3.00000000
4.75000000
6.00000000
3.00000000
6.50000000
5.00000000
4.00000000
5.50000000
2.33333333
3.78461538
6.00000000
5.00000000
6.75000000
4.50000000
3.50000000
5.00000000
3.50000000
4.75000000
4.00000000
3.37037037
4.16666667
3.00000000
5.50000000
3.66666667
2.00000000
3.00000000
2.37500000
3.50000000
5.26315789
7.00000000
2.50000000
3.50000000
4.35294118
6.00000000
4.77272727
5.50000000
6.00000000
3.00000000
4.15384615
3.50000000
7.00000000
5.50000000
5.00000000
8.00000000
6.00000000
4.00000000
5.00000000
2.00000000
6.00000000
3.00000000
4.00000000
5.50000000
4.00000000
6.53125000
7.00000000
6.00000000
4.33333333
3.00000000
7.00000000
4.50000000
7.00000000
3.00000000
6.00000000
6.00000000
5.60000000
3.33333333
5.50000000
7.00000000
10.50000000
6.00000000
4.50000000
7.00000000
3.02469136
5.00000000
5.50000000
5.00000000
6.00000000
5.08333333
5.00000000
6.00000000
4.47674419
7.00000000
4.50000000
7.00000000
3.00000000
5.66666667
5.50000000
6.00000000
6.00000000
6.00000000
5.00000000
4.66666667
3.64000000
3.00000000
6.00000000
6.00000000
4.07142857
8.30769231
5.00000000
4.50000000
4.50000000
7.33333333
5.33333333
5.00000000
3.00000000
3.50000000
3.66666667
5.00000000
3.08333333
4.66666667
6.00000000
5.00000000
6.00000000
2.00000000
4.00000000
3.50000000
7.50000000
4.00000000
6.50000000
5.00000000
6.00000000
7.00000000
6.00000000
3.00000000
5.00000000
6.50000000
2.50000000
4.50000000
6.50000000
4.54166667
6.00000000
6.00000000
5.50000000
9.00000000
2.50000000
4.50000000
5.80000000
4.00000000
9.50000000
5.00000000
2.00000000
7.00000000
3.00000000
7.00000000
3.50000000
9.00000000
4.50000000
5.00000000
7.50000000
4.33333333
4.50000000
4.00000000
2.00000000
4.00000000
6.50000000
4.55555556
3.00000000
5.00000000
5.00000000
3.50000000
5.00000000
6.44444444
7.00000000
4.50000000
6.66666667
3.11111111
2.66666667
3.50000000
5.50000000
7.16666667
5.22222222
6.00000000
4.00000000
6.00000000
2.00000000
5.00000000
3.00000000
5.00000000
4.18750000
7.00000000
4.50000000
3.75000000
5.00000000
3.66666667
8.50000000
3.50000000
5.00000000
4.00000000
3.50000000
3.50000000
2.78461538
1.00000000
6.00000000
4.00000000
4.00000000
3.75000000
6.00000000
8.71428571
4.25000000
4.60000000
7.00000000
4.00000000
6.00000000
8.00000000
5.00000000
6.00000000
5.00000000
6.27777778
7.00000000
5.00000000
5.00000000
3.00000000
5.25000000
5.00000000
5.70000000
6.00000000
2.23809524
4.00000000
7.00000000
7.83333333
3.00000000
4.20000000
6.00000000
8.60000000
2.00000000
6.00000000
6.00000000
5.00000000
3.40000000
7.00000000
4.06976744
6.00000000
7.80000000
5.00000000
7.25000000
4.90909091
2.83333333
6.00000000
1.20000000
4.50000000
2.00000000
3.50000000
6.00000000
4.30769231
5.00000000
6.00000000
7.00000000
5.00000000
4.00000000
7.00000000
7.50000000
9.00000000
4.06250000
5.20000000
9.00000000
6.00000000
5.00000000
3.68750000
2.41176471
4.30000000
5.00000000
4.00000000
5.42857143
4.50000000
6.00000000
4.00000000
7.00000000
5.50000000
3.00000000
6.50000000
3.75000000
7.50000000
6.00000000
4.50000000
4.42857143
3.75000000
5.50000000
5.00000000
4.50000000
5.50000000
4.18750000
3.40000000
4.00000000
7.14285714
6.50000000
7.06666667
4.83333333
3.35714286
6.00000000
5.00000000
4.50000000
5.25000000
6.00000000
5.00000000
3.00000000
3.50000000
5.00000000
3.00000000
6.00000000
5.75000000
6.66666667
7.00000000
5.00000000
1.00000000
2.00000000
5.00000000
4.50000000
9.00000000
5.00000000
7.00000000
4.00000000
6.81250000
4.50000000
3.50000000
4.00000000
4.50000000
5.00000000
3.00000000
6.50000000
6.00000000
3.00000000
3.83333333
6.00000000
4.00000000
7.00000000
5.00000000
7.00000000
4.62500000
5.00000000
4.00000000
4.00000000
4.00000000
6.20000000
4.00000000
6.00000000
4.57142857
4.66666667
5.50000000
5.00000000
7.00000000
6.00000000
3.66666667
5.66666667
2.50000000
4.97872340
6.00000000
5.66666667
8.00000000
5.00000000
5.00000000
8.00000000
3.00000000
2.50000000
4.11111111
5.00000000
5.50000000
5.00000000
3.33333333
2.00000000
3.00000000
4.00000000
2.00000000
5.11111111
6.00000000
5.50000000
1.00000000
3.50000000
3.00000000
5.00000000
3.30000000
4.00000000
5.00000000
6.50000000
3.20000000
5.50000000
5.66666667
7.00000000
6.00000000
5.00000000
4.62500000
4.00000000
7.00000000
4.31034483
6.00000000
5.00000000
3.00000000
4.00000000
4.00000000
3.85714286
6.00000000
7.00000000
2.00000000
6.00000000
5.00000000
8.00000000
3.00000000
7.00000000
7.00000000
5.00000000
2.00000000
6.66666667
4.00000000
3.25000000
5.00000000
3.66666667
8.00000000
5.66666667
9.00000000
4.00000000
9.00000000
5.00000000
4.00000000
6.00000000
3.50000000
4.38709677
5.00000000
2.00000000
4.16666667
6.00000000
4.00000000
6.00000000
3.66666667
4.50000000
5.44444444
4.83333333
4.74468085
2.13043478
8.00000000
6.00000000
4.00000000
4.00000000
7.00000000
3.00000000
2.00000000
3.50000000
3.00000000
3.91666667
5.50000000
2.75000000
4.50000000
5.87878788
6.00000000
5.66666667
4.00000000
6.00000000
3.50000000
2.00000000
3.00000000
4.00000000
8.00000000
8.33333333
4.66666667
8.00000000
5.30769231
4.66666667
7.50000000
6.37500000
3.82593857
4.00000000
4.00000000
5.00000000
6.00000000
5.00000000
4.00000000
6.42857143
4.00000000
6.00000000
5.50000000
4.00000000
6.00000000
4.00000000
5.50000000
3.00000000
6.00000000
6.00000000
3.76923077
8.00000000
4.53191489
8.66666667
4.00000000
4.00000000
8.00000000
3.33333333
4.00000000
4.00000000
5.00000000
9.00000000
5.10344828
6.00000000
7.00000000
2.50000000
2.00000000
6.00000000
5.00000000
6.00000000
6.00000000
6.00000000
3.50000000
10.00000000
2.30769231
5.00000000
4.00000000
6.00000000
5.66666667
2.00000000
6.25000000
5.25000000
4.00000000
6.00000000
4.00000000
5.00000000
3.00000000
7.00000000
4.00000000
4.00000000
6.62500000
5.00000000
4.00000000
3.33333333
4.00000000
4.00000000
4.00000000
4.00000000
4.42857143
6.00000000
4.00000000
5.00000000
5.75000000
5.30769231
5.00000000
8.00000000
7.00000000
3.50000000
5.00000000
5.00000000
4.41666667
6.62500000
6.00000000
6.00000000
5.55200000
6.27272727
2.60000000
4.88888889
5.00000000
5.00000000
5.00000000
4.00000000
8.00000000
3.25000000
5.00000000
3.00000000
4.00000000
7.30555556
7.00000000
4.00000000
5.50000000
3.88888889
10.00000000
7.00000000
3.00000000
4.37500000
3.08695652
4.00000000
4.60000000
4.00000000
5.53932584
5.00000000
5.00000000
3.80000000
6.00000000
7.50000000
3.00000000
5.00000000
4.75000000
6.00000000
4.00000000
5.52380952
9.00000000
7.66666667
7.00000000
6.00000000
7.00000000
3.00000000
4.50000000
4.00000000
4.33333333
4.50000000
4.00000000
5.00000000
3.50000000
4.00000000
4.00000000
3.50000000
4.44444444
5.80952381
4.54166667
8.00000000
5.00000000
6.50000000
10.50000000
1.50000000
3.66666667
5.00000000
5.37500000
2.00000000
6.00000000
5.50000000
5.50000000
8.50000000
7.00000000
2.00000000
4.00000000
4.50000000
6.00000000
5.41666667
5.00000000
6.73913043
4.00000000
6.54545455
5.00000000
5.00000000
6.02380952
4.00000000
3.96428571
2.50000000
5.11111111
2.00000000
5.00000000
5.80000000
4.50000000
2.33333333
5.00000000
5.00000000
7.50000000
7.00000000
5.00000000
4.00000000
5.00000000
4.00000000
6.00000000
4.70000000
7.00000000
4.62500000
4.66666667
5.00000000
5.00000000
4.00000000
7.00000000
1.50000000
3.85714286
3.06250000
2.81818182
8.00000000
5.00000000
5.00000000
8.00000000
5.00000000
4.00000000
7.00000000
5.66666667
7.57142857
7.00000000
5.16935484
4.00000000
8.00000000
7.00000000
5.00000000
4.17241379
5.50000000
7.50000000
5.50000000
5.00000000
3.00000000
4.50000000
6.50000000
3.00000000
5.00000000
5.00000000
5.50000000
4.50000000
5.00000000
5.00000000
4.50000000
5.00000000
5.00000000
8.00000000
4.50000000
5.78571429
3.66666667
3.75000000
8.00000000
5.00000000
4.00000000
4.00000000
7.00000000
3.20833333
5.81818182
3.00000000
3.00000000
4.00000000
4.33333333
5.00000000
4.00000000
3.50000000
5.00000000
3.50000000
6.00000000
4.00000000
4.00000000
5.66666667
7.00000000
4.00000000
4.00000000
6.00000000
6.33333333
4.00000000
4.00000000
5.00000000
6.50000000
8.50000000
8.50000000
5.50000000
3.50000000
4.75000000
5.50000000
6.00000000
5.00000000
5.00000000
5.00000000
3.00000000
4.00000000
4.25000000
6.00000000
5.75000000
7.00000000
3.00000000
6.00000000
3.50000000
4.00000000
3.00000000
4.25000000
5.60000000
6.00000000
7.00000000
5.00000000
2.00000000
5.07692308
4.50000000
5.00000000
4.72727273
4.31003040
6.50000000
5.00000000
3.00000000
7.00000000
5.00000000
4.18604651
2.00000000
5.50000000
5.50000000
5.52380952
4.00000000
5.00000000
4.00000000
3.00000000
3.54545455
6.00000000
7.14285714
5.00000000
1.50000000
6.00000000
6.00000000
4.00000000
4.00000000
5.50000000
5.40000000
4.50000000
5.00000000
8.20000000
5.00000000
3.50000000
3.78395062
7.00000000
5.63636364
3.00000000
6.00000000
3.00000000
5.00000000
4.00000000
7.20000000
6.00000000
7.57692308
8.00000000
6.00000000
5.00000000
3.66666667
6.00000000
7.00000000
5.00000000
5.80000000
4.87500000
5.00000000
4.00000000
3.00000000
3.50000000
5.80000000
4.50000000
6.00000000
4.00000000
4.00000000
3.66666667
4.00000000
5.00000000
5.00000000
5.07692308
6.50000000
7.00000000
5.38461538
3.26666667
4.60000000
6.00000000
5.50000000
4.00000000
4.00000000
5.00000000
5.00000000
2.50000000
4.00000000
5.00000000
6.00000000
6.00000000
3.00000000
7.00000000
4.00000000
5.66666667
4.70833333
4.33333333
6.18181818
1.50000000
5.00000000
3.33333333
5.00000000
7.00000000
6.66666667
6.50000000
5.00000000
6.40000000
4.00000000
4.00000000
5.50000000
3.00000000
4.50000000
2.66666667
6.00000000
3.00000000
3.78518519
5.00000000
4.00000000
5.00000000
6.00000000
3.66666667
6.75000000
4.00000000
7.00000000
5.75000000
4.00000000
5.20000000
4.28571429
2.50000000
4.50000000
4.50000000
5.00000000
6.00000000
5.00000000
7.66666667
2.50000000
4.00000000
3.00000000
6.50000000
11.00000000
5.00000000
4.00000000
7.00000000
7.00000000
8.00000000
4.00000000
4.00000000
4.60000000
5.00000000
4.00000000
3.00000000
6.00000000
6.00000000
5.66666667
4.00000000
7.00000000
2.00000000
4.16301703
4.00000000
5.00000000
6.00000000
4.20833333
8.00000000
6.00000000
6.00000000
2.00000000
3.50000000
4.00000000
2.00000000
2.00000000
4.50000000
4.50000000
6.00000000
5.50000000
2.00000000
5.00000000
3.75000000
6.50000000
6.00000000
3.50000000
7.50000000
5.00000000
5.00000000
7.00000000
6.00000000
5.00000000
5.50000000
4.00000000
7.50000000
3.33333333
4.50000000
5.00000000
6.50000000
5.00000000
5.50000000
5.11111111
7.00000000
4.00000000
6.50000000
3.00000000
3.00000000
3.50000000
3.50000000
4.00000000
3.00000000
5.00000000
3.80000000
5.00000000
4.00000000
6.00000000
6.20000000
4.60869565
3.21428571
5.50000000
4.33333333
4.00000000
2.50000000
3.00000000
3.00000000
3.00000000
6.00000000
5.28571429
3.00000000
6.00000000
2.00000000
4.50000000
2.00000000
6.00000000
5.50000000
5.00000000
4.66666667
5.66666667
5.00000000
5.00000000
5.50000000
4.00000000
8.00000000
5.00000000
6.00000000
6.00000000
8.40000000
3.50000000
5.31428571
4.00000000
8.00000000
3.66666667
3.50000000
8.00000000
5.00000000
3.52777778
4.50000000
6.57142857
3.00000000
5.00000000
5.00000000
5.00000000
4.00000000
6.00000000
6.00000000
6.66666667
4.00000000
7.00000000
2.75000000
3.50000000
8.00000000
5.00000000
5.00000000
9.00000000
7.00000000
7.00000000
9.00000000
6.00000000
5.60000000
3.00000000
5.66666667
3.50000000
7.50000000
6.16666667
5.00000000
7.00000000
4.09090909
3.00000000
5.00000000
5.00000000
6.50000000
4.00000000
5.00000000
4.75000000
5.50000000
5.50000000
6.00000000
4.00000000
4.50000000
5.50000000
5.00000000
6.50000000
5.00000000
5.50000000
6.00000000
5.00000000
2.00000000
5.00000000
6.00000000
4.00000000
4.50000000
4.00000000
6.81773399
4.50000000
3.50000000
4.75000000
6.50000000
3.50000000
6.00000000
8.00000000
12.00000000
4.00000000
3.50000000
6.00000000
2.00000000
7.00000000
6.04347826
6.50000000
5.63636364
6.00000000
2.00000000
6.00000000
4.46583851
5.00000000
3.80000000
6.00000000
7.00000000
2.00000000
3.12765957
4.00000000
7.00000000
5.00000000
4.00000000
8.00000000
5.62500000
4.00000000
6.00000000
5.00000000
6.00000000
5.75000000
4.00000000
6.00000000
5.00000000
4.00000000
6.66666667
5.00000000
6.66666667
6.50000000
3.00000000
4.50000000
5.00000000
7.00000000
4.00000000
6.00000000
7.00000000
3.00000000
5.00000000
6.50000000
6.00000000
5.00000000
4.76923077
4.00000000
3.70000000
5.00000000
4.14285714
4.00000000
3.70370370
4.50000000
4.00000000
1.50000000
8.00000000
6.00000000
5.00000000
3.33333333
5.00000000
6.00000000
4.50000000
5.40000000
5.00000000
4.00000000
6.00000000
4.68750000
5.50000000
5.50000000
5.00000000
6.00000000
5.50000000
5.15254237
4.75000000
5.00000000
7.66666667
4.33333333
4.11111111
7.22222222
5.70000000
2.75000000
5.28571429
3.00000000
8.00000000
7.00000000
3.00000000
5.33333333
5.00000000
3.31818182
5.00000000
7.00000000
5.00000000
5.50000000
6.00000000
4.00000000
4.14285714
4.00000000
6.00000000
5.00000000
6.00000000
5.00000000
5.50000000
3.10000000
5.00000000
4.50000000
4.07692308
5.00000000
5.00000000
8.00000000
8.00000000
5.50000000
3.90909091
5.58823529
4.00000000
4.00000000
2.00000000
4.50000000
5.62500000
4.00000000
4.00000000
3.50000000
8.50000000
9.00000000
3.33333333
4.00000000
6.00000000
4.00000000
4.00000000
3.66666667
3.50000000
4.00000000
4.00000000
7.50000000
7.00000000
5.33333333
3.50000000
5.55000000
6.00000000
3.00000000
2.00000000
5.00000000
4.00000000
6.00000000
6.00000000
6.16666667
4.00000000
4.00000000
2.83333333
4.20000000
7.00000000
3.00000000
5.66666667
4.00000000
3.00000000
4.00000000
4.50000000
3.25000000
5.00000000
3.00000000
3.00000000
3.66666667
4.32000000
8.00000000
3.00000000
4.00000000
4.00000000
2.66666667
4.50000000
5.00000000
6.50000000
3.50000000
5.50000000
5.46511628
5.00000000
5.00000000
2.50000000
3.82352941
3.00000000
6.00000000
5.00000000
4.66666667
5.75000000
4.90000000
4.11111111
4.00000000
4.00000000
3.00000000
4.00000000
4.50000000
5.00000000
5.00000000
4.00000000
5.69565217
5.50000000
3.00000000
4.00000000
5.50000000
2.75000000
5.00000000
6.00000000
5.00000000
5.50000000
5.00000000
3.50000000
4.88888889
3.80000000
6.50000000
6.50000000
5.50000000
3.81034483
3.77737226
4.60000000
5.00000000
5.00000000
5.77272727
7.50000000
5.00000000
4.66666667
6.00000000
4.75000000
6.40000000
4.14285714
4.00000000
6.00000000
6.00000000
5.00000000
5.50000000
6.00000000
3.00000000
2.51162791
6.57142857
3.50000000
3.00000000
4.50000000
5.50000000
5.50000000
2.50000000
4.50000000
4.00000000
6.00000000
6.04545455
6.00000000
5.66666667
3.50000000
9.00000000
5.00000000
6.50000000
3.71428571
6.00000000
5.00000000
1.00000000
2.00000000
1.00000000
4.33333333
8.00000000
6.00000000
5.00000000
4.33333333
3.50000000
6.00000000
4.00000000
3.25000000
4.00000000
4.00000000
3.00000000
8.00000000
6.50000000
4.00000000
5.00000000
4.00000000
3.50000000
4.00000000
6.00000000
3.70000000
5.00000000
4.00000000
4.00000000
6.53333333
8.00000000
6.00000000
4.00000000
5.67816092
8.00000000
3.60000000
6.00000000
3.00000000
3.00000000
3.00000000
8.00000000
3.50000000
4.90909091
7.00000000
5.00000000
6.00000000
6.00000000
9.50000000
5.00000000
5.00000000
5.50000000
4.00000000
6.50000000
8.00000000
3.50000000
4.00000000
4.00000000
5.50000000
5.00000000
7.00000000
7.00000000
4.00000000
2.33333333
5.00000000
2.00000000
6.00000000
5.50000000
3.66666667
3.00000000
7.00000000
3.80000000
2.25000000
4.00000000
6.00000000
4.00000000
1.66666667
5.00000000
5.29411765
4.00000000
6.00000000
5.75000000
4.00000000
3.00000000
7.00000000
3.00000000
4.64516129
6.00000000
5.25000000
6.00000000
5.00000000
6.94827586
4.44444444
6.00000000
4.27272727
4.50000000
5.00000000
4.15384615
7.39130435
3.50000000
3.00000000
4.00000000
6.00000000
6.00000000
7.00000000
3.59259259
6.00000000
9.00000000
4.00000000
3.00000000
5.00000000
7.00000000
6.00000000
4.33333333
3.00000000
3.40000000
2.00000000
4.00000000
5.00000000
5.00000000
5.66666667
4.80000000
4.00000000
6.50000000
8.00000000
2.50000000
6.00000000
3.33333333
4.50000000
6.50000000
4.08333333
7.50000000
6.00000000
6.50000000
5.61904762
3.62500000
4.00000000
2.00000000
4.25000000
2.00000000
5.00000000
4.50000000
5.00000000
7.00000000
3.00000000
3.00000000
4.00000000
5.50000000
3.94871795
2.50000000
4.00000000
6.50000000
6.00000000
8.00000000
3.00000000
4.50000000
5.50000000
6.50000000
3.31578947
4.00000000
4.50000000
2.50000000
7.00000000
4.00000000
5.50000000
5.96875000
3.50000000
7.00000000
5.00000000
3.66666667
3.50000000
3.33333333
5.66666667
7.00000000
5.40000000
5.50000000
5.00000000
6.28571429
8.00000000
6.00000000
3.00000000
6.50000000
5.00000000
3.50000000
4.71428571
3.00000000
6.00000000
6.66666667
4.00000000
3.87500000
7.50000000
6.66666667
6.00000000
7.00000000
4.00000000
5.75000000
7.50000000
4.00000000
6.25581395
7.00000000
4.25000000
4.60000000
8.00000000
6.00000000
7.00000000
7.50000000
7.00000000
3.00000000
6.33333333
4.75000000
7.00000000
3.64285714
5.00000000
5.00000000
7.50000000
5.66666667
4.00000000
4.00000000
2.66666667
5.00000000
9.00000000
6.00000000
4.00000000
7.50000000
3.00000000
7.80000000
2.50000000
4.27056673
4.62500000
5.00000000
5.00000000
6.50000000
7.00000000
6.00000000
5.00000000
5.00000000
5.00000000
3.00000000
7.00000000
3.00000000
2.33333333
4.00000000
5.00000000
7.00000000
5.25000000
6.00000000
8.00000000
3.00000000
6.62068966
3.50000000
5.00000000
2.66666667
5.00000000
6.00000000
6.12500000
6.00000000
3.50000000
4.00000000
4.72727273
5.00000000
5.00000000
4.00000000
6.00000000
3.60000000
4.00000000
4.33333333
4.00000000
4.77777778
6.00000000
6.50000000
5.00000000
5.50000000
4.00000000
5.66666667
4.50000000
4.25000000
4.00000000
4.33333333
4.00000000
4.50000000
5.00000000
5.50000000
5.00000000
5.00000000
5.87500000
7.00000000
7.00000000
5.00000000
6.50000000
4.00000000
5.00000000
2.66666667
2.00000000
4.42857143
4.00000000
3.46530612
2.00000000
6.00000000
5.50000000
3.00000000
3.00000000
5.00000000
6.00000000
3.00000000
5.40000000
4.50000000
5.00000000
2.96296296
6.00000000
3.50000000
7.00000000
3.00000000
5.70312500
4.00000000
6.00000000
6.66666667
6.71428571
5.00000000
5.75471698
5.00000000
3.00000000
6.66666667
4.00000000
4.00000000
5.00000000
6.00000000
4.72222222
6.00000000
5.00000000
5.00000000
5.50000000
8.00000000
4.20000000
5.50000000
2.50000000
7.00000000
4.00000000
5.50000000
5.00000000
4.07692308
4.16666667
6.50000000
2.00000000
6.00000000
4.50000000
5.33333333
5.33333333
3.20000000
5.50000000
3.11111111
5.00000000
4.50000000
1.33333333
3.00000000
5.00000000
4.50000000
6.00000000
5.50000000
4.00000000
4.53125000
4.00000000
5.00000000
4.38888889
6.75000000
5.66666667
4.75000000
5.33333333
2.38461538
2.00000000
4.61538462
5.00000000
4.74242424
8.00000000
3.00000000
3.00000000
8.00000000
4.00000000
6.00000000
5.00000000
8.53333333
3.00000000
3.25000000
2.60000000
6.00000000
3.66666667
8.00000000
7.00000000
5.00000000
3.90000000
7.50000000
2.00000000
4.50000000
4.33333333
5.00000000
4.19047619
3.00000000
2.50000000
7.00000000
3.80000000
5.50000000
11.00000000
7.00000000
4.34693878
4.00000000
5.50000000
3.00000000
5.00000000
5.00000000
6.14285714
2.00000000
7.00000000
3.75000000
6.40000000
5.00000000
4.33333333
3.50000000
4.66666667
3.66666667
2.50000000
5.00000000
3.00000000
5.83333333
6.00000000
4.42857143
9.00000000
5.50000000
4.60000000
3.00000000
5.00000000
4.00000000
3.00000000
4.85714286
5.00000000
5.00000000
4.00000000
3.00000000
5.00000000
3.50000000
3.00000000
5.00000000
2.00000000
2.00000000
2.50000000
6.00000000
6.00000000
3.00000000
4.00000000
4.00000000
3.00000000
4.00000000
3.33333333
2.00000000
6.00000000
5.00000000
4.00000000
2.71428571
4.00000000
4.50000000
5.46153846
8.42857143
3.50000000
6.50000000
3.66666667
5.75925926
4.50000000
8.00000000
5.85714286
6.00000000
4.00000000
3.25000000
4.00000000
6.00000000
6.00000000
3.92307692
7.00000000
3.00000000
6.00000000
5.50000000
8.00000000
7.00000000
4.00000000
7.14285714
5.00000000
5.00000000
4.75000000
5.00000000
7.00000000
6.00000000
4.00000000
3.00000000
4.50000000
5.83333333
5.00000000
7.00000000
6.00000000
2.74074074
3.66666667
6.00000000
4.27272727
6.00000000
5.50000000
6.00000000
4.00000000
5.00000000
4.50000000
3.00000000
5.66666667
4.00000000
3.28571429
6.50000000
6.00000000
6.00000000
4.00000000
3.32075472
2.33333333
4.00000000
4.00000000
5.00000000
4.00000000
4.00000000
5.00000000
4.00000000
4.75000000
6.50000000
3.00000000
3.60000000
5.50000000
3.50000000
7.66666667
7.00000000
6.31034483
3.50000000
4.00000000
4.50000000
9.20000000
1.00000000
4.00000000
3.96697248
6.00000000
5.50000000
4.00000000
5.00000000
3.00000000
4.00000000
1.00000000
5.00000000
4.50000000
6.00000000
6.06122449
6.00000000
9.00000000
4.00000000
4.50000000
4.50000000
7.00000000
7.50000000
4.00000000
5.50000000
4.00000000
5.00000000
5.00000000
3.00000000
5.00000000
5.00000000
5.33333333
4.00000000
5.00000000
3.09459459
5.45454545
4.80000000
4.00000000
7.00000000
5.25000000
4.00000000
4.50000000
8.00000000
4.00000000
5.50000000
5.00000000
6.00000000
3.00000000
2.66666667
5.00000000
4.76000000
5.00000000
6.00000000
5.16666667
3.00000000
3.08695652
6.00000000
3.75000000
6.50000000
7.57142857
4.00000000
5.00000000
5.00000000
6.00000000
7.91304348
4.80000000
3.16666667
2.70000000
6.00000000
2.00000000
4.00000000
8.00000000
5.50000000
5.00000000
3.50000000
3.50000000
8.00000000
3.00000000
5.00000000
6.00000000
5.50000000
3.42857143
7.00000000
5.75000000
5.50000000
8.00000000
6.00000000
5.00000000
4.00000000
5.00000000
7.00000000
4.00000000
7.00000000
8.50000000
6.00000000
5.00000000
5.00000000
6.00000000
5.44444444
3.09615385
5.22222222
5.00000000
4.00000000
3.00000000
7.20000000
6.00000000
4.75000000
6.00000000
5.00000000
9.00000000
4.50000000
5.00000000
5.50000000
5.00000000
5.17120623
4.50000000
4.20000000
4.00000000
6.40000000
6.00000000
2.65384615
5.00000000
4.50000000
4.00000000
3.33333333
3.00000000
4.50000000
6.66666667
3.00000000
3.50000000
6.00000000
6.50000000
2.00000000
7.50000000
5.00000000
5.55555556
8.00000000
6.00000000
3.85714286
6.25000000
6.50000000
4.00000000
4.00000000
4.77777778
5.00000000
4.00000000
3.77777778
3.00000000
5.50000000
6.00000000
5.25000000
8.00000000
7.50000000
7.00000000
7.00000000
2.00000000
4.00000000
2.00000000
4.00000000
3.75000000
7.33333333
3.00000000
6.00000000
6.00000000
4.00000000
5.00000000
5.71428571
5.50000000
7.50000000
6.00000000
3.00000000
4.00000000
4.13333333
5.00000000
4.50000000
4.00000000
6.00000000
4.66666667
3.40000000
3.64285714
5.00000000
6.00000000
8.00000000
5.00000000
5.83333333
5.00000000
4.21100917
6.00000000
9.00000000
7.00000000
3.28571429
3.45454545
2.50000000
7.50000000
7.26388889
4.59459459
7.00000000
3.00000000
3.50000000
6.10000000
5.00000000
3.50000000
7.00000000
3.00000000
5.00000000
3.19047619
4.00000000
5.33333333
6.00000000
4.20000000
2.00000000
5.00000000
6.50000000
4.00000000
3.00000000
6.00000000
6.00000000
6.00000000
5.33333333
4.66666667
6.50000000
6.50000000
5.07692308
7.00000000
2.00000000
3.49450549
4.00000000
5.85714286
7.00000000
5.00000000
2.00000000
4.57142857
3.88888889
4.00000000
6.00000000
2.00000000
3.00000000
6.00000000
3.50000000
7.00000000
7.00000000
5.00000000
7.00000000
5.00000000
4.60000000
6.00000000
4.50000000
4.00000000
10.45454545
7.00000000
4.00000000
5.00000000
4.66666667
5.00000000
3.00000000
4.00000000
4.50000000
4.15000000
6.50000000
4.00000000
4.00000000
4.66666667
3.33333333
2.50000000
4.66666667
2.00000000
6.50000000
5.00000000
5.00000000
3.48484848
4.62500000
6.00000000
4.66666667
3.98437500
4.00000000
7.50000000
2.50000000
5.00000000
5.00000000
7.00000000
1.00000000
4.00000000
7.00000000
5.00000000
2.50000000
8.50000000
2.33333333
7.15384615
6.50000000
4.13043478
7.00000000
1.50000000
5.00000000
3.00000000
8.00000000
1.00000000
5.15384615
3.33333333
6.00000000
7.00000000
5.00000000
6.50000000
4.00000000
5.00000000
5.00000000
8.00000000
5.00000000
8.00000000
5.00000000
4.00000000
2.00000000
5.18012422
6.00000000
6.00000000
6.00000000
4.00000000
5.00000000
4.50000000
8.00000000
4.00000000
3.35714286
4.00000000
5.50000000
4.00000000
4.66666667
6.00000000
2.00000000
4.82758621
5.00000000
5.50000000
7.00000000
3.00000000
3.80000000
5.00000000
6.00000000
3.00000000
5.00000000
2.00000000
4.00000000
4.00000000
4.00000000
8.00000000
4.58333333
5.00000000
5.87878788
7.00000000
9.00000000
4.25000000
7.00000000
4.71428571
5.33333333
4.00000000
4.50000000
3.50000000
4.00000000
3.00000000
3.77777778
4.40740741
4.00000000
7.50000000
6.00000000
3.00000000
5.00000000
4.50000000
4.00000000
6.00000000
4.00000000
5.63636364
4.00000000
3.50000000
7.00000000
5.00000000
3.50000000
5.00000000
4.33333333
3.00000000
4.50000000
5.20000000
4.33333333
6.00000000
3.00000000
3.33333333
4.00000000
6.50000000
4.50000000
3.60000000
4.46153846
4.50000000
6.00000000
4.47368421
6.00000000
4.50000000
5.00000000
4.66666667
5.00000000
3.00000000
5.80000000
3.50000000
5.00000000
4.41666667
6.00000000
3.00000000
4.80000000
7.00000000
4.00000000
7.00000000
3.00000000
6.20000000
2.60000000
7.00000000
7.00000000
4.33333333
5.66666667
3.54545455
5.16216216
5.00000000
4.80000000
5.10344828
3.50000000
6.00000000
4.00000000
4.45023697
8.00000000
4.00000000
4.00000000
6.50000000
6.00000000
5.00000000
5.00000000
4.50000000
6.00000000
6.00000000
6.00000000
3.00000000
4.00000000
3.50000000
3.00000000
2.00000000
5.50000000
8.00000000
7.00000000
4.00000000
3.00000000
4.75000000
4.00000000
6.00000000
5.00000000
6.00000000
4.00000000
5.00000000
4.00000000
3.68181818
5.00000000
4.00000000
4.71875000
4.00000000
8.33333333
4.00000000
5.85714286
4.00000000
5.00000000
5.00000000
6.00000000
5.50000000
5.00000000
5.00000000
2.50000000
4.74468085
4.00000000
4.66666667
2.00000000
9.00000000
5.85714286
3.00000000
4.00000000
9.00000000
2.00000000
8.00000000
4.39784946
6.00000000
4.00000000
5.26923077
6.00000000
6.00000000
3.00000000
4.50000000
5.00000000
6.00000000
4.00000000
6.00000000
5.80000000
4.50000000
4.00000000
5.00000000
5.50000000
5.00000000
6.00000000
4.00000000
5.00000000
4.50000000
6.50000000
4.00000000
4.50000000
5.25000000
4.00000000
4.50000000
5.00000000
3.00000000
4.25000000
5.00000000
6.00000000
4.00000000
5.50000000
6.00000000
4.00000000
7.00000000
5.00000000
9.00000000
5.00000000
3.00000000
4.00000000
4.50000000
4.00000000
5.00000000
3.50000000
4.50000000
6.00000000
5.33333333
6.50000000
7.00000000
3.35294118
4.00000000
4.00000000
4.25000000
4.00000000
6.00000000
6.00000000
5.46153846
4.00000000
1.88888889
4.00000000
2.00000000
4.00000000
6.00000000
5.50000000
4.00000000
4.00000000
3.00000000
6.50000000
3.00000000
2.00000000
4.50000000
4.00000000
5.50000000
6.50000000
4.50000000
3.00000000
5.00000000
3.55000000
4.00000000
4.00000000
4.87878788
7.00000000
5.00000000
5.66666667
4.27272727
3.50000000
5.00000000
5.00000000
3.50000000
3.00000000
5.40000000
5.33333333
5.00000000
4.00000000
4.69047619
4.00000000
5.00000000
4.58333333
3.00000000
4.00000000
5.00000000
5.00000000
3.00000000
6.00000000
4.00000000
4.00000000
6.50000000
4.00000000
2.00000000
5.15384615
7.66666667
2.71428571
4.00000000
6.50000000
2.00000000
4.00000000
3.50000000
4.31250000
5.69565217
6.90476190
6.00000000
5.20930233
5.93103448
3.50000000
5.00000000
4.10000000
6.00000000
5.00000000
5.00000000
4.00000000
2.00000000
3.00000000
4.50000000
5.00000000
5.00000000
4.95238095
5.00000000
6.00000000
3.00000000
5.00000000
5.66666667
6.00000000
5.69444444
2.00000000
5.00000000
5.00000000
4.50000000
6.00000000
3.38461538
4.46153846
4.33333333
3.00000000
5.53333333
5.25000000
4.00000000
4.80000000
4.00000000
3.93333333
6.00000000
3.00000000
6.35000000
3.40000000
4.00000000
4.00000000
3.00000000
4.00000000
4.38095238
2.33333333
6.50000000
6.00000000
3.00000000
5.00000000
3.00000000
6.50000000
5.00000000
4.19209040
3.60000000
4.00000000
2.00000000
10.00000000
6.00000000
5.00000000
5.50000000
3.00000000
5.50000000
4.00000000
3.75000000
8.00000000
2.40000000
5.27272727
3.00000000
5.40350877
5.50000000
6.00000000
8.00000000
4.50000000
6.00000000
6.00000000
4.60000000
5.50000000
3.50000000
7.00000000
4.52380952
6.40860215
3.50000000
7.00000000
3.50000000
4.00000000
6.00000000
3.00000000
2.31034483
7.00000000
6.66666667
5.00000000
6.00000000
6.50000000
5.50000000
4.85897436
6.00000000
3.33333333
7.50000000
5.00000000
7.00000000
3.00000000
7.00000000
3.00000000
6.00000000
6.00000000
3.00000000
3.00000000
5.00000000
4.00000000
3.00000000
5.00000000
3.00000000
9.00000000
2.00000000
5.50000000
4.50000000
6.66666667
5.00000000
4.00000000
6.50000000
5.50000000
4.20000000
4.00000000
5.00000000
4.00000000
7.00000000
4.50000000
4.00000000
4.20000000
4.50000000
5.00000000
4.50000000
3.00000000
4.00000000
3.00000000
4.00000000
1.50000000
5.00000000
4.00000000
6.00000000
6.00000000
4.50000000
7.00000000
2.20000000
3.50000000
3.00000000
4.50000000
4.50000000
5.00000000
6.00000000
8.00000000
5.00000000
4.00000000
6.00000000
4.00000000
4.83333333
4.00000000
3.00000000
2.40000000
3.66666667
7.00000000
4.77777778
5.50000000
4.50000000
5.50000000
5.50000000
3.50000000
7.00000000
2.50000000
4.75000000
5.00000000
5.00000000
3.00000000
4.00000000
5.00000000
6.33333333
4.71428571
4.00000000
5.25000000
5.00000000
7.00000000
7.00000000
4.00000000
4.80000000
6.00000000
5.00000000
5.00000000
5.14285714
6.25000000
5.61538462
2.00000000
4.50000000
6.00000000
3.50000000
6.00000000
5.00000000
5.13333333
5.00604839
3.00000000
5.40000000
3.00000000
6.00000000
5.00000000
3.00000000
4.58333333
4.50000000
5.00000000
5.00000000
5.00000000
4.66666667
5.33333333
8.00000000
4.00000000
6.00000000
5.37500000
4.00000000
4.00000000
2.00000000
3.00000000
4.00000000
5.66666667
5.00000000
2.50000000
3.00000000
4.00000000
4.00000000
6.50000000
4.66666667
1.50000000
5.36363636
4.00000000
5.79069767
2.50000000
2.57142857
3.50000000
7.50000000
3.00000000
6.15384615
4.00000000
5.50000000
4.88888889
5.70312500
6.00000000
5.50000000
7.05555556
5.50000000
6.50000000
5.00000000
5.00000000
5.37500000
5.00000000
4.46666667
2.66666667
2.50000000
3.50000000
8.00000000
5.33333333
7.00000000
5.00000000
7.00000000
7.50000000
3.50000000
3.00000000
6.00000000
6.00000000
6.00000000
6.50000000
4.00000000
4.00000000
4.94565217
8.00000000
6.00000000
4.00000000
3.50000000
4.08333333
6.00000000
7.50000000
3.00000000
4.00000000
3.00000000
5.00000000
6.00000000
5.00000000
8.00000000
6.13333333
5.40000000
4.00000000
6.00000000
5.00000000
4.71428571
5.83333333
4.50000000
5.00000000
3.88888889
2.50000000
6.00000000
4.50000000
4.00000000
8.50000000
4.00000000
4.00000000
6.66666667
6.00000000
5.65536723
5.00000000
5.83333333
4.00000000
3.50000000
4.00000000
7.00000000
4.20212766
1.50000000
4.00000000
4.80000000
4.75000000
8.00000000
6.66666667
3.00000000
4.00000000
9.00000000
6.00000000
5.25000000
5.00000000
6.00000000
5.30000000
4.50000000
6.00000000
1.00000000
4.66666667
4.00000000
5.69565217
4.00000000
6.53333333
4.22222222
4.00000000
3.00000000
6.00000000
5.00000000
5.00000000
5.40000000
4.50000000
4.45454545
3.62500000
4.00000000
9.00000000
5.80000000
6.50000000
4.50000000
4.00000000
2.00000000
3.00000000
4.66666667
9.00000000
4.33333333
7.00000000
4.80000000
5.00000000
5.00000000
7.00000000
3.00000000
5.00000000
5.38518519
5.00000000
5.00000000
3.80000000
6.00000000
6.00000000
5.00000000
5.00000000
5.00000000
4.00000000
4.43478261
4.43750000
5.50000000
5.00000000
3.00000000
5.00000000
3.33333333
6.33333333
4.66666667
5.50000000
3.27932961
4.50000000
8.00000000
6.00000000
7.00000000
3.00000000
6.00000000
6.00000000
4.11111111
6.00000000
5.00000000
2.50000000
4.00000000
8.00000000
4.28571429
4.00000000
3.00000000
5.50000000
5.00000000
6.00000000
4.00000000
5.00000000
4.00000000
3.00000000
7.00000000
4.25000000
3.00000000
4.00000000
4.09090909
4.00000000
4.00000000
5.00000000
6.00000000
6.00000000
6.00000000
4.00000000
4.00000000
5.71428571
2.00000000
3.50000000
3.00000000
2.00000000
5.00000000
4.00000000
6.50000000
6.00000000
2.72727273
3.00000000
3.00000000
4.50000000
4.00000000
8.00000000
4.00000000
3.00000000
5.00000000
5.75000000
3.50000000
4.00000000
4.80000000
5.92307692
5.00000000
5.00000000
6.00000000
2.50000000
5.66666667
3.50000000
4.00000000
7.00000000
5.00000000
4.00000000
2.00000000
6.00000000
2.00000000
5.00000000
5.00000000
4.66666667
8.00000000
8.00000000
5.00000000
3.00000000
7.50000000
5.00000000
4.00000000
6.00000000
3.00000000
1.00000000
5.00000000
4.50000000
5.50000000
4.54400510
5.33333333
3.50000000
7.00000000
1.00000000
3.41176471
7.50000000
6.00000000
3.50000000
4.50000000
7.00000000
4.50000000
6.00000000
6.00000000
3.00000000
4.50000000
2.50943396
5.00000000
4.25000000
3.00000000
6.00000000
5.00000000
9.00000000
4.00000000
3.50000000
4.00000000
3.75000000
1.00000000
5.00000000
5.25000000
7.00000000
3.00000000
4.66666667
2.00000000
5.00000000
5.00000000
5.00000000
4.75000000
5.16326531
2.77777778
6.00000000
4.00000000
5.40000000
3.60000000
8.50000000
3.00000000
5.00000000
4.00000000
4.00000000
3.00000000
2.75000000
7.00000000
6.00000000
9.00000000
5.00000000
1.00000000
4.68000000
3.00000000
5.33333333
3.00000000
4.50000000
3.46875000
8.00000000
6.00000000
6.80000000
5.00000000
4.00000000
3.50000000
3.81250000
7.00000000
7.00000000
5.00000000
4.50000000
4.00000000
6.50000000
7.00000000
2.00000000
6.57142857
7.40000000
3.00000000
4.50000000
4.00000000
3.33333333
8.00000000
4.66666667
6.00000000
4.50000000
5.00000000
3.73333333
5.83333333
4.00000000
6.00000000
4.71428571
4.66666667
6.00000000
5.00000000
4.00000000
4.00000000
3.00000000
6.00000000
5.00000000
8.00000000
5.20000000
6.50000000
7.50000000
3.00000000
6.00000000
5.00000000
6.00000000
6.00000000
4.00000000
4.50000000
5.71428571
6.00000000
6.33333333
5.06122449
3.00000000
3.60000000
6.50000000
5.50000000
5.00000000
6.50000000
4.00000000
2.33333333
7.50000000
4.50000000
3.22549020
5.00000000
5.00000000
5.50000000
2.33333333
4.50000000
3.33333333
4.00000000
3.80000000
4.00000000
6.50000000
4.28571429
6.00000000
4.00000000
5.00000000
5.45454545
3.50000000
6.00000000
6.00000000
6.00000000
4.00000000
6.00000000
8.00000000
6.50000000
8.00000000
5.00000000
6.00000000
6.00000000
5.00000000
6.50000000
5.00000000
6.66666667
3.00000000
4.50000000
3.00000000
4.70833333
6.00000000
5.00000000
5.50000000
6.00000000
5.00000000
1.00000000
4.00000000
3.31250000
1.00000000
5.00000000
5.00000000
9.00000000
7.50000000
5.00000000
3.50000000
7.00000000
3.00000000
2.00000000
7.00000000
3.00000000
9.50000000
6.00000000
5.05952381
6.50000000
3.50000000
5.50000000
5.00000000
5.26923077
5.80952381
3.00000000
5.00000000
4.50000000
6.26666667
4.00000000
3.50000000
4.50000000
8.00000000
9.50000000
4.00000000
4.23809524
6.00000000
5.37500000
5.50000000
7.00000000
7.00000000
3.00000000
5.00000000
4.00000000
5.00000000
6.00000000
5.00000000
4.00000000
6.50000000
6.00000000
3.50000000
4.50000000
5.00000000
5.66666667
6.50000000
4.59259259
4.52380952
7.00000000
4.00000000
4.50000000
3.33333333
6.00000000
4.00000000
2.75000000
3.33333333
6.66666667
5.00000000
5.71428571
4.00000000
3.00000000
4.00000000
4.00000000
4.00000000
3.33333333
3.00000000
2.00000000
6.50000000
4.00000000
4.00000000
2.00000000
2.00000000
5.00000000
3.00000000
5.00000000
3.66666667
6.50000000
7.00000000
6.61538462
3.00000000
4.00000000
4.00000000
3.19718310
3.75000000
6.00000000
5.00000000
3.77777778
4.50000000
5.50000000
3.40000000
2.75000000
5.00000000
5.80000000
3.50000000
4.00000000
6.00000000
7.33333333
5.00000000
3.00000000
3.00000000
5.50000000
4.50000000
5.00000000
3.33333333
4.00000000
4.00000000
4.00000000
2.50000000
5.00000000
2.33333333
4.64814815
6.00000000
6.50000000
2.50000000
3.00000000
6.00000000
6.00000000
3.00000000
5.50000000
4.64814815
3.00000000
6.17647059
6.00000000
8.00000000
4.50000000
3.50000000
5.50000000
3.00000000
6.00000000
4.00000000
5.00000000
4.00000000
4.00000000
2.00000000
5.33333333
6.50000000
5.00000000
3.00000000
4.85185185
4.50000000
5.00000000
6.00000000
7.50000000
6.00000000
4.60000000
2.84615385
5.35294118
9.00000000
4.00000000
7.00000000
4.33333333
8.50000000
4.00000000
7.00000000
4.50000000
4.43243243
4.80000000
5.00000000
4.00000000
3.50000000
1.00000000
5.00000000
5.00000000
5.00000000
4.28571429
5.00000000
4.72549020
3.00000000
5.50000000
3.00000000
3.50000000
4.00000000
3.50000000
5.00000000
4.50000000
2.66666667
5.33333333
4.00000000
4.85714286
6.00000000
3.28571429
4.00000000
6.00000000
6.68000000
2.00000000
7.00000000
3.52000000
6.50000000
4.09090909
5.50000000
2.00000000
5.48148148
6.00000000
5.00000000
4.00000000
4.00000000
5.00000000
4.00000000
6.00000000
4.33333333
4.00000000
5.00000000
5.00000000
5.00000000
4.50000000
3.00000000
2.00000000
5.00000000
6.33333333
4.27007299
2.00000000
4.00000000
4.50000000
4.00000000
4.66666667
2.66666667
5.00000000
4.00000000
3.25000000
4.00000000
5.50000000
4.00000000
7.00000000
3.33333333
4.00000000
5.25000000
4.00000000
3.00000000
4.50000000
7.16666667
5.00000000
5.00000000
5.50000000
3.66666667
5.33333333
6.33333333
5.00000000
5.50000000
7.00000000
6.30612245
5.63636364
5.00000000
7.00000000
7.88888889
3.25000000
5.00000000
5.00000000
5.00000000
5.00000000
3.00000000
6.66666667
3.50000000
5.50000000
4.00000000
4.33333333
3.00000000
3.00000000
5.50000000
5.00000000
3.62500000
5.20000000
5.00000000
4.00000000
3.00000000
4.50000000
7.50000000
4.33333333
2.25000000
4.55172414
5.00000000
3.40000000
4.00000000
5.50000000
4.00000000
4.00000000
3.80000000
2.50000000
5.00000000
8.00000000
5.00000000
4.66666667
3.33333333
5.00000000
7.50000000
6.00000000
4.60000000
5.00000000
7.00000000
5.00000000
5.00000000
4.50000000
6.00000000
6.00000000
6.50000000
7.00000000
2.00000000
4.00000000
2.00000000
2.00000000
6.50000000
4.66666667
8.00000000
3.38888889
7.00000000
5.66666667
4.00000000
4.11111111
4.00000000
2.98113208
4.00000000
4.00000000
6.00000000
5.70312500
4.00000000
6.00000000
4.00000000
3.27272727
3.00000000
5.00000000
4.16129032
4.00000000
4.50000000
3.50000000
4.50000000
4.00000000
6.00000000
4.00000000
5.50000000
7.50000000
2.00000000
3.00000000
4.50000000
5.00000000
4.42857143
4.50000000
5.00000000
3.33333333
4.00000000
9.50000000
2.50000000
5.50000000
5.02631579
2.33333333
2.50000000
4.00000000
5.75000000
4.37500000
3.75000000
3.88888889
5.00000000
4.50000000
2.00000000
5.00000000
6.50000000
5.00000000
6.42857143
5.00000000
4.00000000
4.00000000
5.00000000
2.80000000
4.00000000
3.50000000
5.00000000
6.00000000
3.00000000
3.75000000
5.58823529
2.00000000
6.00000000
4.50000000
6.33333333
4.50000000
3.00000000
6.00000000
4.00000000
5.00000000
4.00000000
5.00000000
5.00000000
4.62962963
4.50000000
6.50000000
5.00000000
6.00000000
5.50000000
6.50000000
5.00000000
4.66666667
5.50000000
3.61666667
5.00000000
6.00000000
5.50000000
7.00000000
7.00000000
4.50000000
6.50000000
7.00000000
5.00000000
4.00000000
6.00000000
7.50000000
5.50000000
7.50000000
3.00000000
6.50000000
5.00000000
4.66666667
4.30000000
3.00000000
4.30000000
5.00000000
5.71428571
5.00000000
4.66666667
2.00000000
2.00000000
4.00000000
3.00000000
5.30555556
4.00000000
6.00000000
3.00000000
7.50000000
6.00000000
3.00000000
3.00000000
6.00000000
5.00000000
7.00000000
3.95454545
4.01851852
4.00000000
4.00000000
4.12500000
4.00000000
7.00000000
6.00000000
4.64814815
4.00000000
4.37500000
7.00000000
6.00000000
2.66666667
3.00000000
6.00000000
2.00000000
4.27450980
4.50000000
4.00000000
6.00000000
5.00000000
5.71428571
5.00000000
7.00000000
6.50000000
4.00000000
5.00000000
3.00000000
9.50000000
6.66666667
6.00000000
5.00000000
5.00000000
3.00000000
3.50000000
5.50000000
4.00000000
2.62500000
5.50000000
6.00000000
5.00000000
5.33333333
7.00000000
4.66666667
4.00000000
3.00000000
5.00000000
3.00000000
4.00000000
5.00000000
5.00000000
3.00000000
1.00000000
5.00000000
4.00000000
6.00000000
3.80000000
6.00000000
4.00000000
4.50000000
4.00000000
4.00000000
7.00000000
3.77777778
4.88000000
4.91666667
4.00000000
5.50000000
6.00000000
2.00000000
7.00000000
5.00000000
7.50000000
6.00000000
3.00000000
3.00000000
4.64285714
3.00000000
3.00000000
5.00000000
3.00000000
6.00000000
4.00000000
4.00000000
3.00000000
6.00000000
4.50000000
5.00000000
6.00000000
9.50000000
2.00000000
5.25000000
4.00000000
3.60000000
4.00000000
7.71428571
5.00000000
1.00000000
9.16666667
4.50000000
4.50000000
5.00000000
6.66666667
7.50000000
3.68292683
9.00000000
4.50000000
5.00000000
5.00000000
6.00000000
6.00000000
3.00000000
5.00000000
3.33333333
5.50000000
4.50000000
2.00000000
7.00000000
6.00000000
5.16666667
3.55172414
4.00000000
4.50000000
4.75000000
4.50943396
7.16666667
4.00000000
5.00000000
3.00000000
4.60000000
3.00000000
3.00000000
2.86904762
4.66666667
5.00000000
2.00000000
3.33333333
3.00000000
5.00000000
6.00000000
3.20000000
4.00000000
3.00000000
7.00000000
3.60869565
