7176191
4294281475
4294281475
1065663
4294281475
417023
1621567
228157635
4294281475
4294281475
4294281475
4294281475
417023
605767427
4294281475
58490623
2580695299
4294281475
442869763
4294281475
20466175
4294281475
161261795
4294281475
4294281475
1621567
228157635
605767427
2580695299
2580695299
1527314691
3474047
3474047
2362655
14567679
1065663
4294281475
81598715
4294281475
1128055043
92674
4294281475
3849619715
161261795
417023
4294281475
14567679
116017395
1621567
315283587
