3447906
4229930253
1609370
91977
4229930253
226440285
3146824973
115100129
1057646
14457730
20311618
1057646
601087885
1973044493
4229930253
226440285
2344882
4229930253
3447906
14457730
4229930253
226440285
3796688141
4229930253
159990453
14457730
115100129
1973044493
4229930253
601087885
4918034
1609370
1973044493
601087885
3796688141
4229930253
226440285
20311618
4229930253
229940
40696130
4229930253
439573069
832213517
1515065613
1973044493
80970359
832213517
4229930253
832213517
