317239599
116673011
1630584
609263247
1536677391
4342141455
93189
14648712
609263247
10191016
162179031
2003343887
4342141455
4342141455
29456648
419340
4342141455
4342141455
1071584
4342141455
58818568
445343823
2601132559
2003343887
4982872
1630584
1536677391
3889041935
317239599
1071584
4342141455
1071584
2375792
10191016
229594527
4342141455
3889041935
4342141455
4342141455
232970
4342141455
10191016
698884
116673011
1630584
116673011
10191016
1630584
2601132559
4342141455
