0.001140665
0.114849498
0.943333333
0.042199683
0.000000000
0.025595101
0.038142671
0.927865251
0.798804257
0.980802676
0.001135957
0.379585946
0.357973259
0.500582486
0.983333333
0.999992816
0.244219434
0.171757715
0.617959814
0.251562386
0.011876825
0.354624037
0.061158527
0.947290967
0.999981297
0.723231689
0.197303187
0.317263218
0.121485734
0.026639201
0.566741305
0.923308183
0.124396751
0.886666655
0.972110075
0.294955631
0.905555507
0.649068536
0.985150502
0.963051461
0.655377868
0.893234907
0.000000000
0.195172010
0.069437652
0.773012515
0.643283844
0.000748485
0.999415470
1.000000000
0.000000000
0.504143732
0.018283166
0.999866221
0.806250554
0.990941577
0.116380806
0.991541960
0.637045169
0.133658581
0.976666665
0.168176215
0.073743861
0.999899309
0.000000000
0.767886377
0.835213575
1.000000000
0.790544715
0.617997134
0.628187898
0.008220747
0.988023632
0.822861005
0.000023005
0.047024883
0.060120607
1.000000000
0.046318289
0.000000000
0.069432569
0.000082360
0.866937120
0.281593707
0.000992086
0.002170509
0.930021188
0.696719431
0.715873015
0.288640451
0.400217539
0.254704117
0.395264438
0.153054950
0.981755439
0.990000000
0.002328976
0.000000000
0.999999619
0.038130611
