0.828514167
0.457493629
0.699554069
0.026287049
0.373697818
0.237902238
0.026549621
0.245990731
0.962108044
0.415301816
0.851493040
1.000000000
0.253497761
0.742445287
0.520000000
0.838127090
0.047318435
0.003483916
0.995586508
0.859406149
0.209074701
0.587316601
0.759874157
0.000948004
0.671557615
0.999496885
0.277603655
0.990104829
0.139544996
0.583669705
0.039757957
1.000000000
0.231011183
0.559999997
0.847641104
0.482164266
0.614314877
0.958843922
0.984124388
0.382727746
0.722749619
0.997970912
0.141423622
0.053785256
0.465644905
0.461659000
0.826223773
0.762341137
0.818008270
0.000000000
0.000487448
0.167289097
0.480073870
0.002134873
0.191158897
0.997658710
0.929999017
0.172781931
0.330959464
0.109408576
0.423112521
0.177845474
0.877856822
0.787533463
0.692473244
0.947991790
0.004975107
0.214089253
0.244782505
0.000000000
0.255722310
0.266024298
0.353315227
0.151304348
0.576066274
0.210261664
0.429791400
0.976198441
0.891212318
0.168416621
0.645947042
0.999800545
0.167692714
0.000401125
0.344251594
0.164382470
0.396498931
1.000000000
0.764512884
0.129437100
0.000231422
0.169125719
0.934310987
0.018235716
0.000008730
0.002331626
0.632044081
0.279593242
0.018415293
0.239247866
