0.326522188
0.472910217
0.440402477
0.192156863
0.000000000
0.000000000
0.189473684
0.436841023
0.350000000
0.750000000
0.950000000
0.917982456
0.894736842
0.607765738
0.996276891
0.889378423
0.015789474
0.078947368
0.852425181
0.845201238
0.368421053
0.800000000
0.674019608
0.549607049
0.771929825
1.000000000
0.984210526
0.599380805
0.007430341
0.989473684
0.771929825
0.000000000
0.012899897
1.000000000
0.017337461
0.294375645
0.000000000
1.000000000
0.710526316
0.466718266
0.318988648
0.434210526
0.696929825
0.420588235
0.000000000
0.000000000
0.284496309
0.000000000
0.749032508
0.835087719
