1.000000000
0.979305537
0.115383466
0.827295918
0.625880086
0.206530612
0.525764759
0.980404589
0.070115734
0.955102041
0.029677736
0.880000000
0.620000000
0.206465682
0.000000000
0.644897898
0.032637920
0.372030433
0.335571695
0.583531854
0.850430187
0.000000000
0.004795918
0.011703129
0.056806812
0.019269505
0.924616317
0.418622742
0.940000000
0.058455134
0.000000000
0.668471593
0.000000000
0.167121982
0.118080328
0.859999990
0.000000000
0.828571429
0.009354414
0.999981115
0.273723484
1.000000000
0.990816799
0.030169591
0.717297555
0.997921845
0.807228756
0.729627587
0.196143334
0.680000000
0.368057506
0.639150378
0.068689149
0.728420149
1.000000000
0.250956056
0.586112934
0.914285714
0.193892205
0.000499756
0.772244898
0.308571429
0.935630691
0.027095093
0.398355158
0.275352321
0.739001140
0.559972883
0.960000000
0.975254968
0.207967119
1.000000000
0.050519360
0.855424436
0.002038928
0.001239653
0.106401023
0.000000000
0.235150200
0.240000000
0.868775510
0.379591837
0.005654842
0.063575761
0.856536465
0.980778290
0.598506674
0.170893825
0.001480111
0.217247352
0.074437529
0.004285714
0.000000000
0.170839239
0.385783817
0.067396896
0.000000000
0.097959184
0.064644582
0.071472292
