0.913984400
1.000000000
0.046869672
0.999981295
0.017729564
0.997556886
0.999993648
0.839499213
0.317288664
0.896665967
0.723037337
0.001787244
0.986733556
0.354055009
0.016047913
0.376749279
0.002748898
0.187360329
0.155722772
0.734594787
0.968973688
0.001633603
0.604244539
0.174156550
0.062420742
0.395859541
1.000000000
0.031397130
0.650003718
1.000000000
0.693179542
0.549148515
0.950210994
0.000012680
0.001728069
0.020069179
0.000067087
0.006383238
0.543195135
0.154006450
0.025983728
0.407853297
0.000000000
0.456328709
0.960000000
0.929701525
0.988911833
0.054142017
0.999999821
0.320113603
1.000000000
0.996208476
0.973467113
1.000000000
0.883411371
0.279190093
0.724803477
0.499999918
0.729748916
0.666321164
0.765044859
0.986666667
0.013505238
0.776195031
0.194925563
0.000021764
0.544941954
0.028654951
0.000000000
0.375384609
0.869420502
0.088886510
0.808235233
0.999363130
0.024888827
0.999531667
0.247621712
0.926666663
0.230000000
0.985448356
0.006040947
0.953657727
0.581763823
0.933332582
0.346619916
0.131666585
0.065239608
0.097190021
0.120344904
0.000000000
0.997782317
0.126003990
0.000927786
0.059001883
0.029823805
0.403364139
0.684093264
0.762272936
0.666317752
0.001893628
