0.892775814
0.753897198
0.466665707
0.480615248
0.000000000
0.083658359
0.381875930
0.000002132
0.137828903
0.843379497
0.840000000
0.606590845
0.114791951
0.014741967
0.789708214
0.918506131
0.690785523
0.031718196
0.041097331
0.302049486
1.000000000
0.259010004
0.633128488
0.999902619
0.999994950
0.319462189
0.244351297
0.785627851
0.022943019
0.360157731
0.936460314
1.000000000
0.728481462
0.993186053
0.056137055
0.358026981
0.005728138
0.819730675
0.062960463
0.418342969
0.585582596
0.523056833
0.995317670
0.270562918
0.109584133
0.863878231
0.787106865
0.848723522
0.626358321
0.503384655
0.686666636
0.693915522
0.123785825
0.999959729
0.774476218
0.999914008
1.000000000
0.119027164
0.687831364
0.974613554
0.923746258
0.337751098
0.091041947
0.001560976
0.597722559
0.999984168
0.999999638
0.538729735
0.000000000
0.083260154
0.002388677
0.529597186
0.566666581
0.202250136
0.378762542
0.002636470
0.986180167
0.018441548
0.004594674
0.020822025
0.053775161
0.656711182
0.177127802
0.893310270
0.182808587
0.226666667
0.999999102
0.050791527
0.887402452
0.597677273
0.205508941
0.960303697
0.667514234
0.000327956
0.528894528
0.989537687
0.113018855
0.244626608
0.347939587
0.999605723
