14 192
14 147
13 859
13 39
12 692
11 884
11 880
11 380
10 871
10 540
10 443
10 100
10 54
9 834
9 668
9 591
9 577
9 545
9 385
9 287
9 16
8 659
8 612
8 565
8 542
8 359
8 288
8 204
8 155
7 815
7 776
7 761
7 758
7 725
7 618
7 601
7 568
7 561
7 506
7 436
7 406
7 313
7 308
7 293
7 194
7 148
7 145
7 138
7 91
7 89
6 895
6 862
6 833
6 810
6 794
6 782
6 769
6 757
6 750
6 737
6 633
6 628
6 602
6 583
6 560
6 555
6 530
6 471
6 347
6 338
6 337
6 322
6 265
6 225
6 223
6 203
6 195
6 171
6 129
6 113
5 909
5 908
5 907
5 878
5 841
5 839
5 836
5 808
5 805
5 793
5 780
5 779
5 759
5 754
5 728
5 685
5 666
5 615
5 597
5 571
5 558
5 524
5 521
5 503
5 501
5 484
5 455
5 450
5 429
5 411
5 403
5 397
5 330
5 235
5 227
5 221
5 218
5 205
5 153
5 152
5 136
5 67
5 56
5 13
5 2
4 892
4 881
4 857
4 822
4 813
4 800
4 788
4 785
4 767
4 746
4 744
4 742
4 733
4 731
4 719
4 714
4 669
4 650
4 629
4 620
4 606
4 605
4 582
4 536
4 534
4 496
4 458
4 457
4 456
4 451
4 430
4 423
4 414
4 408
4 386
4 377
4 358
4 357
4 353
4 346
4 340
4 335
4 333
4 329
4 311
4 305
4 186
4 182
4 181
4 179
4 177
4 162
4 127
4 114
4 86
4 78
4 69
4 68
4 35
4 3
3 905
3 900
3 897
3 886
3 882
3 875
3 869
3 860
3 855
3 854
3 824
3 817
3 799
3 777
3 772
3 753
3 749
3 727
3 718
3 701
3 699
3 690
3 687
3 677
3 675
3 672
3 654
3 642
3 626
3 624
3 621
3 614
3 611
3 609
3 607
3 593
3 589
3 579
3 575
3 573
3 567
3 566
3 557
3 527
3 511
3 509
3 508
3 486
3 480
3 478
3 449
3 441
3 440
3 437
3 433
3 419
3 415
3 401
3 391
3 383
3 373
3 370
3 343
3 334
3 318
3 315
3 304
3 289
3 283
3 263
3 259
3 255
3 240
3 237
3 226
3 214
3 211
3 165
3 163
3 159
3 158
3 149
3 146
3 142
3 141
3 137
3 130
3 126
3 97
3 90
3 71
3 50
3 43
3 26
3 19
3 17
3 15
3 9
2 902
2 893
2 885
2 883
2 876
2 852
2 848
2 837
2 830
2 829
2 823
2 818
2 811
2 809
2 804
2 798
2 796
2 783
2 775
2 773
2 768
2 765
2 764
2 762
2 752
2 741
2 739
2 738
2 732
2 724
2 722
2 717
2 716
2 712
2 706
2 703
2 684
2 682
2 681
2 679
2 676
2 674
2 671
2 657
2 656
2 643
2 639
2 636
2 631
2 627
2 613
2 603
2 599
2 595
2 594
2 588
2 587
2 586
2 569
2 562
2 556
2 539
2 535
2 529
2 525
2 523
2 520
2 513
2 502
2 494
2 493
2 488
2 483
2 479
2 477
2 476
2 469
2 464
2 459
2 453
2 452
2 445
2 424
2 420
2 394
2 384
2 381
2 376
2 375
2 371
2 369
2 366
2 362
2 356
2 351
2 342
2 328
2 327
2 326
2 324
2 323
2 309
2 300
2 298
2 295
2 294
2 269
2 267
2 258
2 257
2 256
2 254
2 252
2 251
2 249
2 234
2 229
2 228
2 217
2 216
2 213
2 209
2 208
2 201
2 198
2 184
2 180
2 176
2 175
2 174
2 170
2 167
2 143
2 140
2 139
2 131
2 128
2 125
2 124
2 123
2 120
2 117
2 116
2 115
2 107
2 104
2 96
2 95
2 94
2 92
2 79
2 62
2 60
2 59
2 58
2 55
2 53
2 48
2 47
2 46
2 42
2 41
2 38
2 37
2 27
2 24
2 21
2 18
2 10
2 1
1 911
1 910
1 906
1 904
1 903
1 899
1 898
1 896
1 890
1 879
1 874
1 870
1 866
1 865
1 863
1 856
1 853
1 851
1 850
1 849
1 847
1 845
1 844
1 843
1 840
1 831
1 827
1 826
1 825
1 821
1 820
1 816
1 806
1 802
1 792
1 791
1 787
1 786
1 784
1 781
1 778
1 774
1 771
1 766
1 763
1 760
1 747
1 745
1 743
1 740
1 730
1 729
1 726
1 721
1 720
1 713
1 711
1 710
1 708
1 707
1 705
1 702
1 698
1 697
1 696
1 694
1 691
1 689
1 688
1 686
1 683
1 680
1 678
1 673
1 670
1 667
1 665
1 662
1 661
1 660
1 655
1 653
1 652
1 649
1 648
1 647
1 646
1 645
1 644
1 635
1 634
1 632
1 623
1 622
1 619
1 617
1 616
1 600
1 598
1 596
1 592
1 590
1 585
1 584
1 581
1 580
1 576
1 570
1 564
1 559
1 552
1 551
1 550
1 547
1 546
1 544
1 538
1 533
1 531
1 528
1 526
1 519
1 518
1 517
1 516
1 515
1 512
1 505
1 504
1 500
1 499
1 492
1 489
1 482
1 474
1 473
1 470
1 468
1 466
1 465
1 463
1 461
1 460
1 454
1 447
1 446
1 444
1 439
1 434
1 432
1 431
1 428
1 427
1 421
1 417
1 413
1 412
1 405
1 404
1 402
1 400
1 399
1 398
1 396
1 395
1 393
1 390
1 389
1 388
1 387
1 379
1 372
1 365
1 363
1 355
1 354
1 348
1 345
1 341
1 339
1 336
1 332
1 331
1 325
1 320
1 314
1 312
1 310
1 307
1 306
1 302
1 301
1 299
1 291
1 290
1 285
1 284
1 282
1 281
1 280
1 278
1 275
1 273
1 270
1 268
1 266
1 264
1 253
1 248
1 247
1 246
1 245
1 243
1 242
1 239
1 236
1 233
1 232
1 231
1 220
1 219
1 215
1 210
1 206
1 200
1 199
1 197
1 196
1 193
1 191
1 190
1 188
1 187
1 185
1 178
1 169
1 168
1 166
1 164
1 156
1 154
1 151
1 150
1 135
1 134
1 133
1 132
1 122
1 121
1 119
1 118
1 112
1 106
1 101
1 99
1 93
1 88
1 87
1 85
1 84
1 82
1 81
1 80
1 77
1 76
1 74
1 73
1 66
1 61
1 57
1 52
1 49
1 45
1 40
1 33
1 32
1 31
1 30
1 29
1 28
1 23
1 22
1 20
1 14
1 11
1 8
1 7
1 6
1 4
0 901
0 894
0 891
0 889
0 888
0 887
0 877
0 873
0 872
0 868
0 867
0 864
0 861
0 858
0 846
0 842
0 838
0 835
0 832
0 828
0 819
0 814
0 812
0 807
0 803
0 801
0 797
0 795
0 790
0 789
0 770
0 756
0 755
0 751
0 748
0 736
0 735
0 734
0 723
0 715
0 709
0 704
0 700
0 695
0 693
0 664
0 663
0 658
0 651
0 641
0 640
0 638
0 637
0 630
0 625
0 610
0 608
0 604
0 578
0 574
0 572
0 563
0 554
0 553
0 549
0 548
0 543
0 541
0 537
0 532
0 522
0 514
0 510
0 507
0 498
0 497
0 495
0 491
0 490
0 487
0 485
0 481
0 475
0 472
0 467
0 462
0 448
0 442
0 438
0 435
0 426
0 425
0 422
0 418
0 416
0 410
0 409
0 407
0 392
0 382
0 378
0 374
0 368
0 367
0 364
0 361
0 360
0 352
0 350
0 349
0 344
0 321
0 319
0 317
0 316
0 303
0 297
0 296
0 292
0 286
0 279
0 277
0 276
0 274
0 272
0 271
0 262
0 261
0 260
0 250
0 244
0 241
0 238
0 230
0 224
0 222
0 212
0 207
0 202
0 189
0 183
0 173
0 172
0 161
0 160
0 157
0 144
0 111
0 110
0 109
0 108
0 105
0 103
0 102
0 98
0 83
0 75
0 72
0 70
0 65
0 64
0 63
0 51
0 44
0 36
0 34
0 25
0 12
0 5
