460797432
159674708
1022
740522468
31
0
415
1406
581
496
277174399
891667543
0
0
454692855
339897785
666769047
432195729
680625631
68464215
1438
766388800
39
4
0
795150956
0
3501469
354425487
144443285
176335875
173
0
0
108
728398588
515353565
0
0
0
245009521
10
322614388
0
15
985427496
66020963
990971192
576817753
0
220936445
75
148
0
820320922
197
0
770
0
0
739401025
0
298283366
282449241
584794321
0
0
0
7
257400869
44
281515137
0
751832947
103383553
1
465086253
921427002
0
0
569803903
0
855206633
392
481
858337369
541066501
662451097
0
83
625098441
222664248
344070779
747532105
0
478653583
0
0
682391652
247801360
33
0
0
3
706977924
413094279
936441587
0
190874486
546420608
36
248251769
0
0
154731259
0
942821892
717541930
0
0
0
0
0
126006880
943583927
310739673
0
0
783822725
239849203
891641876
0
334481361
372688693
692264112
987914849
0
0
739024702
22
0
0
0
0
0
0
0
0
461508294
0
466773654
669915064
0
0
695263976
420996928
0
993363372
0
0
2653937
0
384079490
183846018
554
0
259711792
0
0
860553322
0
0
534753205
0
0
0
568871822
117206878
0
250004004
0
0
0
356836112
0
884816707
268138579
708246987
297225431
288853673
0
8
166091511
596169848
0
0
580139208
0
460064205
227696925
0
988352430
0
0
888002430
736263401
0
508175687
0
264542442
141334167
68
701019769
876650856
720134711
182278331
309594878
0
9
0
0
0
0
826297408
225615479
0
496266765
741020368
915889506
553599814
0
540160180
0
40353503
76
987187967
285064403
66
0
590431912
0
390523226
308609851
269984758
63432532
978888928
899378469
401161229
228882003
0
455312549
802585142
529900390
0
795064851
0
822509170
0
0
867135571
0
508479693
0
142749800
774265242
0
120271497
0
822568738
738587892
305624157
0
0
0
2
0
0
0
0
0
0
480553112
0
556623586
0
0
170144484
1
0
0
0
414355334
284125067
0
0
131699503
529259611
0
0
306536295
0
380003888
236356052
0
0
0
242017793
529590758
0
0
513639295
95847145
883998781
173738536
0
462272944
0
858509128
542748887
441141875
0
775638445
0
0
28
144691555
0
0
0
2
229500604
0
757202625
0
188203728
181838578
332636838
0
0
0
0
0
469196642
0
29
812558777
0
490586272
0
0
0
193293041
115651665
0
0
250458541
916137332
64681526
0
346391623
0
154421540
883810276
963377496
0
256225035
0
0
0
0
431137521
0
919904334
0
571423701
3072895
0
843438537
41
93698723
629458946
520230326
0
818303380
265800161
494736713
789559509
2
0
0
277843935
885737784
245106988
0
817288365
587644394
79000534
450786845
0
180898801
749975343
508747313
43275485
46831404
0
0
0
107029837
0
259306380
0
0
0
78420119
0
289889727
0
0
0
0
0
968494648
908404147
0
326071709
0
0
398487756
0
916748431
983335012
226027477
0
0
0
8
2
0
0
0
908606245
971806835
264797483
28
0
0
425376909
378989421
777716984
930582088
750537456
841958493
0
8
690513339
1
0
898477643
148659524
0
0
188059989
146885889
226105359
0
947072219
0
0
74398793
584853798
879633137
0
0
53213103
0
1
0
229527230
156145187
364440156
600568845
674474241
0
545822099
829302439
498787058
453647930
0
0
680228802
0
0
23
943726301
355499039
698849255
0
148309826
505588389
0
0
866398863
877420223
0
0
0
0
0
853633333
0
0
0
0
727496496
641471413
106618529
216644252
0
551468725
769514943
532113788
0
668189875
0
578777325
171156634
891360727
22674962
169905708
824280809
0
0
168612273
72673062
0
0
0
0
0
391009348
0
333020000
0
720188090
0
0
621801117
713425038
0
998677381
76942576
644127923
403393588
0
0
0
221054144
704173401
0
0
52
0
0
0
998489782
0
0
0
0
209347485
423344654
350930338
543381761
257428994
0
0
0
0
440222976
0
0
0
0
0
0
666331926
555705556
0
996178016
0
203418304
878091845
0
594932369
846211964
2218069
502962378
0
0
693382946
0
0
818062770
100649380
994347713
296201463
757343855
114281730
0
0
721761629
0
266622702
150103435
948714774
0
0
891674394
181505221
0
0
5
0
783939779
0
831502818
988452454
197777084
150460556
927176168
41572595
198989601
0
0
0
0
701997050
0
666197749
156656528
175360162
0
110313979
90826781
932042971
948535715
0
8
345222116
0
205311639
370010277
39426708
0
0
0
0
0
752978158
0
30084182
715360528
0
0
924127596
0
0
0
0
122812690
0
952221516
69147021
695409920
685539445
0
0
359602859
662585148
0
0
342314217
28433050
17777219
195508409
576934068
0
195958138
16993798
903176249
102315866
19
0
797597575
0
0
963261140
146305171
0
364314330
0
7
446574843
7
0
0
0
432705932
0
159590456
0
905836567
0
0
773546899
0
690931811
168978638
570697891
312390193
930556322
0
998902024
0
0
469866776
822188730
0
271975282
0
0
1338087
0
0
847775713
0
151315390
0
0
694238425
717843426
988682862
247675000
204457612
635385456
300136043
149551586
244492678
0
320642601
0
822224569
0
990383773
0
0
0
0
0
563147628
1
874250631
90726619
0
437982600
0
0
611011275
419266940
359824941
128897751
474323694
496578297
0
0
0
0
0
0
0
0
199101060
105497272
0
0
0
788130570
0
281232814
0
447022956
922769100
34
0
63924945
0
984581470
0
0
0
0
0
91149302
89916310
0
421250314
859852541
702701606
219384769
0
0
9
313575650
613775706
3
0
0
427203721
856692983
0
682349364
0
687786383
804685744
0
0
610594066
927305807
833909040
460184115
0
0
895221448
594375237
0
812455529
0
838973385
571962654
0
0
484903443
180288435
801517325
0
0
0
867756102
286480926
0
670706741
0
0
395202857
0
9
0
87855218
0
0
268366350
0
429957036
785593793
0
851155637
567993425
27
0
0
0
0
0
304399007
328189115
12743545
315478519
339319015
0
0
84040832
0
695882294
742060260
397453945
116177816
0
0
441259206
94372176
0
0
0
0
0
0
0
0
118398399
168373350
0
654028760
0
0
0
0
0
0
0
0
588325297
0
0
9
654118255
0
232034069
486053071
987358031
533654814
167878508
0
0
0
0
2
77471260
0
875733588
0
998637265
0
0
0
0
46285197
961551382
0
0
167493652
0
579738781
0
49064539
0
515427523
0
80538395
101829928
464023478
945357883
0
0
928580620
624037107
0
925253969
755719757
497558501
0
378526204
0
832988499
520049472
997703268
0
768761608
731429441
843545368
0
716424791
0
0
555270623
0
183065313
0
96072100
541852184
62698353
663824791
890438238
0
0
853824957
417747588
0
131591811
819632552
0
0
0
526976724
995931915
0
0
0
0
0
0
0
760256842
899906050
983000717
0
699176181
0
256465802
0
0
0
0
0
0
0
492198810
640214865
0
0
854504038
0
0
5686696
668779533
0
590441503
0
0
927854594
246786668
0
701238492
0
0
0
0
756446782
0
865117262
0
0
3
0
0
635951426
819921651
407042537
0
50967601
629250130
0
0
721747746
805813708
0
621526756
835836524
26935717
525063917
821056636
0
0
0
0
1
0
700599218
0
0
0
133891605
30529280
637034990
0
820361776
0
0
134756811
989753361
962991186
0
577990732
946127804
422266485
590993057
0
350201904
0
140355508
0
0
0
0
0
313317923
672040614
0
532957720
0
748375792
0
101440578
966383675
174918920
0
68900928
645753369
950736580
0
737400577
413553507
0
938509568
0
0
0
164765943
756871551
485744324
0
281276950
0
252532879
0
155318148
276112991
720124096
0
0
0
197820092
800874223
23435211
791023130
444387139
0
327970606
669499546
0
999154069
156157297
0
970850175
156731449
0
0
0
0
734719437
0
213102368
0
842491434
0
968743781
195923726
0
0
946344401
427728494
746713966
483372881
0
245530355
58862319
65980204
0
0
0
0
0
0
623255618
0
0
0
252661176
0
0
0
720314678
0
0
854589508
0
904657736
3
256726788
731094671
967483145
741623367
927018749
0
521775963
258184843
59752187
0
712410446
411356824
0
456028493
893323830
0
407601019
651748575
0
0
713817348
0
1
0
0
148752259
962578022
0
0
573047811
787820073
0
332363732
0
0
0
0
662037250
0
0
453425711
317394269
258583675
0
0
879610956
0
880325635
0
0
24
523320913
41780859
0
261769663
651820657
0
3
572775817
0
0
0
0
0
0
0
11939500
0
0
0
0
75881438
832764021
217633931
0
0
0
518718561
61903519
773433561
571098485
766310954
0
0
0
0
254389664
0
0
807454717
416038041
0
270016179
0
0
0
0
51593122
780623300
0
518864641
455488674
0
752232985
751138385
518070145
0
289968000
0
0
0
0
152383510
0
0
483612595
580740046
460093648
703536476
456120107
501414997
0
945678939
0
969436445
26784375
163830362
635212378
0
0
77990072
212129496
0
0
0
163279977
813668443
484757429
0
1
88252923
0
0
0
0
690127843
541830716
0
762950994
0
502829756
0
813610737
0
687786008
556056395
0
263321468
809491633
0
0
59973559
0
511355066
36476649
0
0
413353357
0
0
0
723842853
197486424
662791322
0
574236761
0
218772996
906973869
593195241
0
85036021
92618924
999065882
0
204217596
153769012
399092294
528572370
0
0
0
2
0
173106532
552064896
0
0
4682559
402007808
696433030
0
911271940
0
0
0
347151953
969526907
950080690
617607367
0
538970620
797502181
0
389327122
0
940003601
0
763936742
0
929673235
0
762442599
655664393
889968528
803317358
0
801287452
567043017
648675329
40589848
0
0
0
741160605
724968131
431444462
707616850
0
0
0
0
0
493939990
737397639
0
0
978851691
331535515
0
0
36879817
27905180
0
525388240
0
0
0
0
0
0
0
0
0
142889468
0
0
636141638
0
274611924
975863813
0
339431909
0
0
0
111273761
440978957
934157023
0
141629103
0
63784510
328049747
0
0
533402910
973994418
0
76780150
696825188
843206116
0
0
0
618376088
653531311
0
0
186698188
378177016
0
35134898
573785054
0
0
676076223
0
871467351
649883314
0
697549711
424411933
0
200612867
0
0
439542646
0
641973452
216249739
0
66879610
349246276
923119507
339314428
0
890933104
273339239
0
0
942732959
748910806
599486861
0
0
607353209
152795215
0
0
533722808
693825417
0
541561750
95074637
969593625
0
832382005
868539208
0
0
0
223376411
562364213
863329299
0
423391122
0
185992034
653450105
0
0
388583090
0
0
383221053
0
290528104
0
0
757163547
0
0
775882547
0
0
0
0
0
224729514
0
0
64005212
0
324423426
569580281
256381184
854722907
0
942753494
169665180
69769321
0
793201759
928029807
0
289069626
0
34294621
0
0
0
216264403
0
0
333361199
0
921829785
222669010
703144114
0
892200294
0
565925495
0
0
302718373
11135549
0
551959642
527540690
0
0
748740650
522928515
0
2
942064990
890500613
0
823539982
0
0
0
0
0
110858842
680012732
359934637
0
182243235
262770978
0
782731785
0
0
0
852971251
0
0
0
651558525
0
990087565
0
163793566
0
0
0
0
8923039
0
0
287423643
39389588
257119767
0
899071796
997064424
762670126
983642763
612578369
547866981
283580626
294496163
556342441
0
755349426
0
0
0
290318977
277873716
507255816
0
116100154
0
584012438
0
670361558
0
143046032
291500379
311284789
0
0
589973544
987443448
221141146
1
572072824
393188437
100497626
0
988410921
0
0
0
100977059
0
920176906
982203332
0
0
750159929
0
477354352
0
75014249
703379112
0
0
90712130
132001789
182407087
0
261519504
0
0
0
0
126476708
0
0
0
561680861
10099120
870690736
25149521
0
762385884
946594602
0
0
4591001
0
518984874
997464195
0
0
0
0
223959883
0
118067995
576418614
944586423
948303806
110570181
776593926
0
0
0
293112837
0
918106169
0
0
29712231
0
0
0
364928367
533981140
765282900
0
959398304
347554723
310647530
673425781
0
964409264
181981959
962410003
5
0
113138432
32024075
0
71722962
0
0
0
197296822
291915050
0
373283813
860924600
907652760
929712380
5008959
541096079
587304425
0
0
0
335024031
0
881035174
0
0
0
72339736
0
104083570
0
324139502
726576477
1545604
497866859
389806529
22380799
0
0
680870106
0
0
544534884
695482176
549752693
423312331
0
88402691
0
0
590563549
0
0
532053229
761804380
547815598
477000687
667101851
359905256
427383425
156466401
0
415807972
0
0
703198612
189045956
0
0
0
0
0
222434345
0
908673029
521757501
546945789
287354823
844387064
694793551
824275474
0
0
0
727150597
712488063
0
0
0
0
75
0
0
0
430450667
29
947253774
775707953
0
0
0
0
252247686
778122720
628734631
0
655620351
0
0
796903659
0
290943492
0
0
0
955661934
357564513
10809802
696079489
135418536
295900277
0
99645884
0
0
28919568
0
12109641
725880380
0
0
512061963
0
0
494648361
137092450
0
0
0
0
0
0
192103599
0
718801708
262873284
0
0
772641190
0
955940605
654415298
377469564
742542434
0
0
472398965
974670063
649179072
407543840
584108846
0
0
0
677509679
0
0
0
0
877989478
661918004
17375492
708929952
0
0
279617737
0
254499123
0
605950297
0
0
298349202
718096394
0
880501145
268279629
88266726
914226413
194286472
0
770861539
0
425457999
705730462
0
439766986
0
0
730650824
0
0
0
724631329
0
292430947
976232241
0
50712712
0
574008296
656259238
0
0
639142670
187934427
890126996
0
239672485
0
2
584746752
0
791192620
887352013
176501275
473420614
36328721
439842838
0
216815198
98801763
0
263443952
350384171
554729711
0
0
0
355138385
0
401552461
0
0
0
0
879126634
0
0
560618038
899875210
0
0
0
920878562
0
779442471
370384289
0
714021910
224224132
0
0
525128837
0
0
529979036
0
0
0
0
421214189
788545924
0
0
0
885149384
0
25810373
976203742
105935625
0
0
889800811
0
0
0
194053230
0
355566626
0
178099388
0
266040473
971400186
0
601702009
0
0
0
0
0
310278420
0
0
540053445
669546627
0
0
0
0
908540334
654620252
0
32466715
174913412
0
923163133
787776648
429353474
0
0
0
0
77446961
290822613
476746028
0
608800516
0
0
689363359
0
412029070
669529658
834496564
299734641
249187449
0
530025251
0
852670690
0
188215520
0
0
0
981614317
0
0
688157211
161492311
0
368069174
378590446
0
475499749
910954035
355246323
845849358
0
923251682
805656587
10554124
0
0
0
219140557
0
0
249355229
0
606485775
0
0
64380003
370033948
0
0
0
0
80376651
326391399
675963791
0
243800745
466712612
0
0
548539312
290942486
0
0
615649169
0
853084293
598581610
0
0
620440932
364030439
873724395
0
25006716
60183542
538934323
487956616
0
0
0
0
0
145440932
0
635256740
0
646424556
0
409404394
236983068
62333729
697528663
845386064
0
0
0
112918554
34429058
0
0
0
41777080
349918159
534800996
0
322870071
186639833
0
0
0
116465412
720709811
523228402
541130366
0
634712339
633496386
0
315136518
0
0
884054333
57292346
825705289
0
0
0
207097490
0
0
0
0
0
82762612
449018316
903267151
0
464088605
423528723
326101758
349005917
901314448
0
15424581
0
162156155
0
334527797
297094930
310626926
0
541844941
462026898
0
977218304
0
0
927110985
98270617
0
528198541
855277137
0
110588596
0
0
0
0
0
760550669
0
0
0
217957756
0
0
491581760
0
0
230131003
85575002
0
757044424
0
0
0
0
0
0
782675531
0
869651437
0
755350297
211897583
811135714
905462739
0
925221191
550501566
0
299350132
528543533
0
365689145
0
0
0
0
654704795
137976568
963347845
689758582
643285831
290467078
79617068
541186197
127158642
454370628
834886340
0
396749890
743458204
0
0
0
0
0
544955253
0
615179265
0
653343121
208837387
0
873438602
0
355084040
0
921590006
0
382051086
0
635001465
785243114
0
0
165389934
820087103
888550618
923562482
0
0
0
255765474
308949449
979102005
0
0
230677819
467636639
19333590
0
0
0
0
0
985049246
0
0
360875107
160154539
542213308
0
0
0
0
723223790
0
0
467277836
0
0
602188518
0
258555624
135137355
184027023
723382846
442227508
455470067
0
312006461
60850299
0
0
0
0
602007964
423566443
0
628451467
0
0
0
0
0
0
81760313
1704842
0
0
870998746
793480729
0
287204592
477289913
0
0
498302298
181855290
0
0
0
168484001
275260472
794049447
0
0
357707916
0
74697562
0
0
0
0
838985846
0
0
0
206209478
0
721361112
0
0
790020480
433056076
0
0
394981811
243285128
416683368
0
0
612841672
98179010
367381363
485218272
0
0
317759066
0
847971083
0
340617451
779033594
0
0
723511357
0
0
777447979
0
0
10
339353295
538357310
124470874
0
0
0
918924616
825354217
130608013
0
0
77236914
574072167
0
156276159
0
770479596
769883687
0
0
131444532
324811580
135638996
625425573
278504713
584791712
0
0
0
236458557
0
731113233
0
0
0
0
0
0
0
270198711
0
0
920067892
0
0
661506662
0
430050928
155267152
325899429
280945025
0
86491562
297317939
90406118
409972041
0
974147951
0
0
0
0
677454769
0
722114743
0
587034707
347526889
0
323217769
293616711
0
0
407342951
0
0
735277224
535697523
786088807
0
0
0
0
0
371265044
0
0
0
77095919
944228885
504152319
724564152
817621587
0
0
0
0
0
0
0
486986029
0
0
0
689311069
0
602634644
487928582
0
371835197
0
0
423958079
0
0
804212056
0
240180981
0
462813732
0
0
0
832833899
0
0
0
501311220
712039963
0
763933822
148626594
175636448
958984563
130008181
308251763
494135319
0
956874135
0
0
0
0
0
0
938059420
0
923069388
188017110
0
0
0
970652034
819383156
317574212
790092470
845671930
127898456
0
0
304154303
241959661
0
596250410
424060248
26290858
0
0
0
141399334
767788341
0
764757685
0
0
0
537204782
0
909854743
969611840
597915358
0
669173949
655339907
555633292
575945863
0
196673065
590471077
0
0
329844958
0
0
769365126
595773199
0
0
953340655
407641553
0
0
966430478
535382589
342363240
139925435
0
681548446
0
0
753434058
52549648
0
968650562
139299823
0
0
15242258
0
744506008
0
481988386
0
702615838
0
0
139203100
0
451772562
524523148
0
967760163
541921163
989108252
502008555
0
345429319
961672064
0
416509771
765205218
422873008
118304298
0
0
337398885
303431246
71845643
0
276266872
442485935
0
0
0
357228239
0
883534138
0
0
695709446
0
0
376370213
0
0
430115127
0
0
572738661
0
993803975
0
0
0
11595780
533321424
0
0
0
803731371
0
946912529
0
0
431970235
0
933379910
0
872287353
487448349
526859655
0
885545818
166729811
0
202902666
0
0
526034603
843375656
0
0
787916538
81766481
568178113
0
77383139
0
0
615770771
86377571
0
482010860
0
686505818
469939212
726416488
0
0
10522744
784597324
900391146
0
0
518939396
0
303698700
0
501403938
0
0
0
0
0
898077168
0
35475344
100347135
0
0
941690223
0
0
266571264
323618140
0
0
0
0
415863089
168894713
277242044
0
0
0
0
433116634
759374163
0
68027022
0
0
0
0
0
95886775
427311627
60742839
0
0
0
856750990
0
0
0
702480452
517498980
158863188
30281793
0
830976422
0
201430084
0
315742023
97260296
0
0
427307006
0
0
0
475115149
44416266
0
0
0
654063831
257371010
518275036
0
0
0
0
156164749
0
0
312944299
494912786
461054324
858374187
194506346
598909941
144576009
679070630
615933944
0
493601591
0
801432647
173117362
0
442597586
793203591
0
0
329451411
0
842574608
0
0
0
377966097
0
841585470
0
137593049
77971146
0
0
550523194
349392010
805584448
0
943020288
0
0
0
662797483
0
820296058
0
0
739746087
0
858943790
0
45093925
0
522383538
840426569
405939388
0
291873424
0
532619753
804754378
0
229433402
0
855138613
227414072
0
475387576
60438822
555930929
505518516
622504901
639833306
200907942
458542758
0
0
989936508
498143359
299745920
0
393038923
742169290
540489513
0
209594779
938423919
0
0
90506837
0
685567435
391605425
832048030
124589699
980859907
0
0
852273352
0
953804249
0
854903723
636538960
0
0
0
0
498736973
400578326
652249813
59022570
0
518112592
84516007
993649962
957540985
131890638
183644288
851511454
931363203
781980183
0
0
0
18100573
422382981
535733659
115571962
797797990
0
0
635350757
6
0
0
719187240
0
0
0
0
1
289373328
517214686
339268319
0
0
0
0
268697021
0
0
1409417
480267414
0
0
0
0
24080838
296027118
0
947498717
0
433421857
0
199876418
0
0
770549326
0
575517063
332599187
166073739
141004326
0
839334654
295410332
0
481085924
859444134
0
0
0
589159491
282711138
133019020
881223432
769269396
282523919
182214029
0
0
0
985211612
0
452144732
806980972
462164559
944044141
0
694515667
690679711
0
0
745159097
125634934
491511501
0
0
155917269
717363766
0
0
0
0
0
0
0
0
892606881
0
0
0
0
260933375
0
0
31045817
0
784049584
0
0
621594293
0
382618436
0
0
825366356
0
0
0
0
0
0
920902051
0
925807515
0
0
854592231
0
0
0
0
48253415
0
0
0
827043815
537259507
0
0
522945545
309327958
163159434
0
0
422706428
964067213
0
183594377
0
0
20017070
259619593
376165108
0
0
460073916
0
213878429
0
0
854230664
3
0
0
863416540
0
228248375
208372758
252030069
0
652102731
0
162411557
0
0
0
0
0
0
0
0
0
669431825
736272509
0
0
0
375272811
0
0
781378635
0
0
0
0
0
127753667
958875946
573452423
52049146
74864520
0
0
299032594
146545880
813525243
0
0
0
121746194
56588750
0
0
244133408
0
0
0
0
43827409
0
611001068
258964006
694207063
909550875
287707505
0
0
341273645
0
412436022
684781713
0
817538970
206396876
499453160
0
0
748424997
354879678
0
700031159
0
0
0
397683898
0
0
0
0
0
0
174653642
572317257
0
0
382691419
0
475871535
12310412
0
0
0
438679667
0
813258451
0
0
207046280
0
217533736
0
0
322973920
0
296220730
0
0
741368597
160547665
0
770470319
611743983
392588501
988639180
543405627
864538550
905609643
934204628
106642460
0
650989600
0
971551566
400609238
307390949
17736584
578615743
335769748
532648048
760374423
1
12622854
57405980
311374906
779671792
305961057
0
0
0
752320143
0
664205740
0
144018668
184395230
995516690
551853796
0
0
0
416064713
0
0
700249438
345845692
161153030
0
319421266
0
0
0
232940493
0
840033089
384964435
370774163
944730591
0
0
255975644
0
0
0
284430350
0
644130617
71629483
510187606
0
149210468
0
996500169
242797287
0
0
565233166
786263380
0
0
254947152
89746032
907367340
123500735
330681875
554879972
47858731
310794555
813073739
0
736321611
0
0
0
476253048
0
874281165
390264065
0
0
498594836
838146718
389165279
0
0
804834601
180037702
495548471
0
639701123
0
0
424819346
0
0
0
0
0
0
0
301866052
815110024
0
0
8686121
340740263
0
0
857294880
0
0
0
267530467
0
262097436
0
186009727
209577935
0
0
461833729
664282462
0
570569331
0
0
135083505
0
0
725994852
172370733
