256
490
256
651
510
477
477
262
256
1030
399
878
256
38
651
339
399
875
477
215
477
256
510
477
286
339
477
256
256
490
651
490
437
240
407
878
477
878
339
875
320
477
875
256
549
339
490
1030
272
545
549
256
878
272
399
256
256
477
490
878
878
320
256
99
495
495
490
272
256
272
339
286
490
477
878
339
490
437
878
256
256
272
226
545
490
399
489
272
477
545
651
256
878
339
878
490
1030
651
256
256
256
256
477
875
495
256
272
490
477
339
226
437
437
477
399
490
490
651
272
490
286
181
490
256
477
399
875
320
399
256
256
320
437
495
272
490
256
437
215
549
240
651
59
549
256
490
545
651
477
272
875
262
651
399
272
272
226
549
878
490
651
549
549
399
477
38
489
286
477
549
489
399
262
495
262
510
495
477
256
437
490
226
437
286
490
272
545
490
399
477
495
339
549
256
875
286
490
215
399
437
256
510
477
878
490
549
206
490
549
490
262
256
256
256
878
495
181
875
1030
339
256
1030
829
286
490
256
407
489
99
134
545
256
829
437
477
477
339
262
256
545
490
489
1030
437
191
1030
256
510
320
490
1030
1030
262
651
437
490
399
286
549
256
272
549
226
339
437
829
490
399
510
256
286
399
1030
495
226
256
490
829
272
489
272
286
399
256
875
134
256
829
229
495
490
495
490
256
490
226
320
272
875
262
272
510
134
490
256
878
545
510
399
339
437
399
437
1030
1030
490
399
545
875
549
272
286
510
875
490
339
489
549
495
272
1030
437
256
226
256
256
490
30
399
256
229
490
875
198
256
549
875
272
651
875
339
545
256
489
320
549
477
134
240
829
875
490
651
495
477
549
490
320
256
495
829
477
226
1030
262
256
490
878
272
320
875
1030
206
1030
229
495
256
286
490
256
339
490
545
256
545
256
256
651
878
240
256
256
829
206
256
262
510
490
490
490
477
651
495
272
549
545
490
206
490
549
510
878
495
437
256
286
1030
510
215
510
510
875
495
134
256
549
399
256
490
399
1030
829
399
262
549
829
829
226
286
875
878
878
489
256
490
489
495
510
339
490
875
256
490
878
286
288
510
399
288
651
288
437
651
288
489
399
878
288
490
288
288
288
490
490
272
651
288
477
1030
549
339
829
206
288
490
288
256
1030
489
477
875
1030
510
477
878
437
215
477
288
829
545
495
490
1299
477
288
65
288
490
490
545
878
549
226
829
288
875
191
878
545
477
875
1299
288
399
288
256
829
477
489
545
325
325
325
178
477
59
510
878
490
490
490
325
489
288
256
477
325
288
407
256
256
490
399
256
490
38
288
325
477
878
875
256
325
134
495
215
829
339
477
477
288
829
325
489
437
875
490
878
256
875
549
325
1030
1030
1299
325
545
651
1299
399
1030
477
240
490
325
875
288
878
178
545
489
325
490
477
495
1299
325
256
325
229
325
325
1030
477
240
256
256
1030
1299
495
651
490
477
495
1299
325
489
545
399
325
490
1299
490
1030
256
288
286
288
878
325
65
495
651
325
651
191
490
256
399
490
651
490
510
878
510
256
489
325
325
878
545
490
1030
490
875
437
490
477
325
259
1299
651
549
651
272
490
490
325
325
407
256
477
545
545
878
829
495
256
477
490
878
325
829
875
437
490
878
256
288
1030
875
272
399
288
399
65
59
256
1030
490
325
437
490
399
272
1299
651
1299
875
490
490
288
256
325
829
510
878
1299
490
490
545
325
339
256
38
325
829
339
325
829
229
389
489
437
878
437
549
256
389
549
325
545
489
510
1299
1299
389
339
490
407
325
325
229
389
1299
495
495
399
651
549
389
490
510
286
389
490
325
829
477
495
229
38
389
477
437
490
490
489
1030
191
389
545
325
651
875
549
38
477
651
490
510
490
549
389
490
134
545
272
878
495
240
490
325
325
477
389
490
256
437
325
490
490
878
878
490
1299
549
399
256
875
272
1030
875
309
1299
477
325
489
437
875
399
399
549
407
875
651
325
389
490
325
477
399
399
389
477
325
1030
325
7
490
389
325
829
477
651
490
325
399
389
490
389
437
477
829
389
495
875
829
229
651
215
510
477
325
389
477
178
490
191
240
325
437
875
878
549
389
389
490
878
455
389
549
549
35
477
549
489
256
651
490
389
399
256
1299
545
191
477
256
455
651
455
490
437
878
597
549
455
549
495
455
878
325
455
407
878
256
325
490
325
399
490
829
549
325
325
1030
455
325
437
389
389
510
325
489
878
325
549
399
490
651
875
1030
455
229
549
256
489
1030
490
490
829
389
829
389
1030
325
878
389
389
206
597
1299
549
389
490
829
389
325
829
389
490
389
399
325
597
1030
325
455
389
1299
489
829
495
59
549
545
325
389
490
549
389
437
490
490
875
455
549
489
490
545
878
549
256
455
829
325
1299
875
256
878
407
256
510
325
490
490
38
878
829
7
490
240
325
597
490
489
229
875
875
1030
545
389
455
437
1299
389
325
875
399
389
389
875
490
256
256
339
495
389
875
597
651
495
490
490
389
455
455
1299
389
597
1030
878
878
256
455
651
597
490
455
1299
437
875
597
490
1030
477
651
455
455
1299
545
1299
495
1299
490
325
455
829
549
597
437
1299
134
490
399
325
651
489
651
878
477
389
878
455
510
597
256
256
651
597
651
549
1030
477
490
1299
1030
510
389
549
339
256
878
1030
549
325
490
455
597
597
437
1299
256
455
597
1030
325
1299
875
829
597
455
490
455
455
878
256
7
495
878
437
38
495
549
495
489
490
455
455
875
651
1299
26
240
256
875
1030
495
875
549
325
545
597
325
455
256
256
1299
878
829
490
477
339
597
1299
490
597
477
597
490
134
389
490
240
878
597
829
389
495
437
490
437
455
651
1030
510
490
489
325
389
256
490
490
549
490
489
1299
399
455
489
510
489
455
651
256
545
389
495
455
490
549
875
489
829
490
229
229
389
455
325
455
256
1030
389
829
878
256
389
495
490
325
389
495
455
256
389
510
597
875
437
651
389
597
1030
1299
490
878
320
597
455
455
215
455
437
389
597
134
490
495
829
510
407
495
829
399
1030
490
256
389
545
256
256
489
389
256
455
549
339
510
875
256
829
455
1030
455
455
325
477
1299
878
875
38
272
495
7
490
490
490
455
477
490
490
455
455
1299
875
38
477
455
399
490
325
256
597
490
490
325
875
1299
198
1030
437
1299
490
455
455
455
256
455
256
1299
325
490
829
455
38
549
508
256
508
256
1030
490
1030
651
1030
508
878
508
651
829
597
829
597
455
495
490
229
878
30
1030
69
878
455
829
490
878
878
1299
455
1299
1299
597
455
455
455
1030
256
490
829
247
1299
490
549
545
455
490
510
508
651
455
178
325
597
399
256
510
256
875
455
508
490
1030
178
510
878
286
878
829
247
1299
477
734
495
256
455
477
455
455
878
549
545
69
597
455
549
1299
399
455
455
875
875
508
455
545
455
240
477
490
490
455
510
734
1299
875
256
829
490
490
508
455
597
339
455
734
455
1030
490
455
256
597
455
651
651
490
1030
325
510
878
455
549
508
455
256
314
399
510
734
325
455
1030
256
399
477
325
878
829
325
495
490
734
455
1030
455
545
875
878
325
272
490
545
455
229
325
256
256
875
455
597
455
878
455
455
256
455
597
829
256
545
545
1030
455
545
508
256
256
206
1030
455
878
477
1030
651
597
206
495
875
878
59
455
490
455
59
829
477
399
734
455
256
455
455
878
829
597
490
545
597
262
455
399
325
875
597
325
490
490
256
510
549
651
477
455
875
875
206
455
597
339
508
256
477
549
455
508
545
878
508
875
734
510
399
490
272
651
325
477
597
1030
508
510
325
1299
407
510
339
490
1299
325
455
508
878
325
597
734
490
1030
325
1030
510
734
875
325
399
325
455
272
508
399
229
455
455
495
597
399
651
508
178
734
829
597
829
407
455
325
508
38
490
325
455
651
272
455
455
829
545
455
875
399
477
399
490
477
510
455
477
875
549
490
399
495
878
455
325
508
455
878
490
490
59
455
545
734
829
508
1030
256
875
597
325
455
1299
490
597
510
490
490
1299
455
399
495
829
1030
286
325
597
510
325
399
545
455
455
477
597
490
597
399
455
256
477
545
455
256
545
1030
508
878
256
325
1299
510
510
229
878
455
490
